#
# There is insufficient memory for the Java Runtime Environment to continue.
# Native memory allocation (malloc) failed to allocate 1562192 bytes for Chunk::new
# Possible reasons:
#   The system is out of physical RAM or swap space
#   The process is running with CompressedOops enabled, and the Java Heap may be blocking the growth of the native heap
# Possible solutions:
#   Reduce memory load on the system
#   Increase physical memory or swap space
#   Check if swap backing store is full
#   Decrease Java heap size (-Xmx/-Xms)
#   Decrease number of Java threads
#   Decrease Java thread stack sizes (-Xss)
#   Set larger code cache with -XX:ReservedCodeCacheSize=
#   JVM is running with Unscaled Compressed Oops mode in which the Java heap is
#     placed in the first 4GB address space. The Java Heap base address is the
#     maximum limit for the native heap growth. Please use -XX:HeapBaseMinAddress
#     to set the Java Heap base and to place the Java Heap above 4GB virtual address.
# This output file may be truncated or incomplete.
#
#  Out of Memory Error (arena.cpp:189), pid=13596, tid=16976
#
# JRE version: Java(TM) SE Runtime Environment (17.0+35) (build 17+35-LTS-2724)
# Java VM: Java HotSpot(TM) 64-Bit Server VM (17+35-LTS-2724, mixed mode, sharing, tiered, compressed oops, compressed class ptrs, g1 gc, windows-amd64)
# No core dump will be written. Minidumps are not enabled by default on client versions of Windows
#

---------------  S U M M A R Y ------------

Command Line: -XX:MaxMetaspaceSize=512m --add-opens=java.base/java.util=ALL-UNNAMED --add-opens=java.base/java.lang=ALL-UNNAMED --add-opens=java.base/java.lang.invoke=ALL-UNNAMED --add-opens=java.prefs/java.util.prefs=ALL-UNNAMED --add-opens=java.base/java.nio.charset=ALL-UNNAMED --add-opens=java.base/java.net=ALL-UNNAMED --add-opens=java.base/java.util.concurrent.atomic=ALL-UNNAMED -Xmx2048m -Dfile.encoding=windows-1252 -Duser.country=ID -Duser.language=en -Duser.variant -javaagent:C:\Users\Joshu\.gradle\wrapper\dists\gradle-8.3-all\6en3ugtfdg5xnpx44z4qbwgas\gradle-8.3\lib\agents\gradle-instrumentation-agent-8.3.jar org.gradle.launcher.daemon.bootstrap.GradleDaemon 8.3

Host: AMD Athlon Silver 7120U with Radeon Graphics   , 2 cores, 5G,  Windows 10 , 64 bit Build 22621 (10.0.22621.4391)
Time: Mon Feb 17 22:17:14 2025 Malay Peninsula Standard Time elapsed time: 53.050910 seconds (0d 0h 0m 53s)

---------------  T H R E A D  ---------------

Current thread (0x0000029176a06320):  JavaThread "C2 CompilerThread0" daemon [_thread_in_native, id=16976, stack(0x000000dd69c00000,0x000000dd69d00000)]


Current CompileTask:
C2:  53050 13447       4       org.gradle.api.internal.artifacts.transform.AttributeMatchingVariantSelector::doSelect (364 bytes)

Stack: [0x000000dd69c00000,0x000000dd69d00000]
Native frames: (J=compiled Java code, j=interpreted, Vv=VM code, C=native code)
V  [jvm.dll+0x66f8ea]
V  [jvm.dll+0x7ce224]
V  [jvm.dll+0x7cf9ce]
V  [jvm.dll+0x7d0033]
V  [jvm.dll+0x242bb5]
V  [jvm.dll+0xaa05b]
V  [jvm.dll+0xaa5ec]
V  [jvm.dll+0x35f9f7]
V  [jvm.dll+0x1b9a08]
V  [jvm.dll+0x215df9]
V  [jvm.dll+0x2150c1]
V  [jvm.dll+0x1a168d]
V  [jvm.dll+0x2248f8]
V  [jvm.dll+0x222a5c]
V  [jvm.dll+0x78422b]
V  [jvm.dll+0x77e7ea]
V  [jvm.dll+0x66e715]
C  [ucrtbase.dll+0x29333]
C  [KERNEL32.DLL+0x1259d]
C  [ntdll.dll+0x5af38]


---------------  P R O C E S S  ---------------

Threads class SMR info:
_java_thread_list=0x000002917d4d3300, length=65, elements={
0x00000291576769d0, 0x00000291769ec3b0, 0x00000291769ed220, 0x00000291769ffec0,
0x0000029176a01a80, 0x0000029176a04be0, 0x0000029176a05590, 0x0000029176a06320,
0x0000029176a0a9f0, 0x0000029176a32370, 0x0000029157737830, 0x0000029177580c40,
0x00000291788a0700, 0x000002917815e3f0, 0x00000291789b1280, 0x00000291789c6ab0,
0x0000029178cb67d0, 0x0000029178cd83c0, 0x0000029178cd8890, 0x0000029178cd8d60,
0x0000029178cd7a20, 0x0000029178cd9230, 0x0000029178cd7ef0, 0x0000029178cd9700,
0x0000029178cdaa40, 0x0000029178cd9bd0, 0x0000029178cd7080, 0x0000029178cda0a0,
0x0000029178cda570, 0x0000029178cd7550, 0x0000029178f2cf40, 0x0000029178f2e750,
0x0000029178f342c0, 0x0000029178f2d410, 0x0000029178f2ddb0, 0x0000029178f2d8e0,
0x0000029178f2fa90, 0x0000029178f2ff60, 0x0000029178f2e280, 0x0000029178f2ec20,
0x0000029178f30430, 0x0000029178f31770, 0x0000029178f32ab0, 0x0000029178f32f80,
0x0000029178f33920, 0x000002917d79d570, 0x000002917d7a0f30, 0x000002917d79f250,
0x000002917d79f720, 0x000002917d79cbd0, 0x000002917d7a18d0, 0x000002917d79d0a0,
0x000002917d7a0590, 0x000002917d79da40, 0x000002917d79bd60, 0x000002917d79fbf0,
0x000002917d79a080, 0x000002917d79df10, 0x000002917d79c230, 0x000002917d7a00c0,
0x000002917d79e3e0, 0x000002917d79a550, 0x000002917d79ed80, 0x000002917d7a0a60,
0x000002917d79aef0
}

Java Threads: ( => current thread )
  0x00000291576769d0 JavaThread "main" [_thread_blocked, id=20868, stack(0x000000dd68f00000,0x000000dd69000000)]
  0x00000291769ec3b0 JavaThread "Reference Handler" daemon [_thread_blocked, id=21116, stack(0x000000dd69600000,0x000000dd69700000)]
  0x00000291769ed220 JavaThread "Finalizer" daemon [_thread_blocked, id=5344, stack(0x000000dd69700000,0x000000dd69800000)]
  0x00000291769ffec0 JavaThread "Signal Dispatcher" daemon [_thread_blocked, id=23708, stack(0x000000dd69800000,0x000000dd69900000)]
  0x0000029176a01a80 JavaThread "Attach Listener" daemon [_thread_blocked, id=21412, stack(0x000000dd69900000,0x000000dd69a00000)]
  0x0000029176a04be0 JavaThread "Service Thread" daemon [_thread_blocked, id=14188, stack(0x000000dd69a00000,0x000000dd69b00000)]
  0x0000029176a05590 JavaThread "Monitor Deflation Thread" daemon [_thread_blocked, id=20208, stack(0x000000dd69b00000,0x000000dd69c00000)]
=>0x0000029176a06320 JavaThread "C2 CompilerThread0" daemon [_thread_in_native, id=16976, stack(0x000000dd69c00000,0x000000dd69d00000)]
  0x0000029176a0a9f0 JavaThread "C1 CompilerThread0" daemon [_thread_blocked, id=8216, stack(0x000000dd69d00000,0x000000dd69e00000)]
  0x0000029176a32370 JavaThread "Sweeper thread" daemon [_thread_blocked, id=15392, stack(0x000000dd69e00000,0x000000dd69f00000)]
  0x0000029157737830 JavaThread "Common-Cleaner" daemon [_thread_blocked, id=6260, stack(0x000000dd69f00000,0x000000dd6a000000)]
  0x0000029177580c40 JavaThread "Notification Thread" daemon [_thread_blocked, id=23732, stack(0x000000dd6a000000,0x000000dd6a100000)]
  0x00000291788a0700 JavaThread "Daemon health stats" [_thread_blocked, id=23400, stack(0x000000dd6a300000,0x000000dd6a400000)]
  0x000002917815e3f0 JavaThread "Incoming local TCP Connector on port 53987" [_thread_in_native, id=21940, stack(0x000000dd6a400000,0x000000dd6a500000)]
  0x00000291789b1280 JavaThread "Daemon periodic checks" [_thread_blocked, id=12964, stack(0x000000dd6a500000,0x000000dd6a600000)]
  0x00000291789c6ab0 JavaThread "Daemon" [_thread_blocked, id=3324, stack(0x000000dd6a600000,0x000000dd6a700000)]
  0x0000029178cb67d0 JavaThread "Handler for socket connection from /127.0.0.1:53987 to /127.0.0.1:53988" [_thread_in_native, id=23432, stack(0x000000dd6a700000,0x000000dd6a800000)]
  0x0000029178cd83c0 JavaThread "Cancel handler" [_thread_blocked, id=6860, stack(0x000000dd6a800000,0x000000dd6a900000)]
  0x0000029178cd8890 JavaThread "Daemon worker" [_thread_blocked, id=15872, stack(0x000000dd6a900000,0x000000dd6aa00000)]
  0x0000029178cd8d60 JavaThread "Asynchronous log dispatcher for DefaultDaemonConnection: socket connection from /127.0.0.1:53987 to /127.0.0.1:53988" [_thread_blocked, id=7928, stack(0x000000dd6aa00000,0x000000dd6ab00000)]
  0x0000029178cd7a20 JavaThread "Stdin handler" [_thread_blocked, id=7312, stack(0x000000dd6ab00000,0x000000dd6ac00000)]
  0x0000029178cd9230 JavaThread "Daemon client event forwarder" [_thread_blocked, id=7708, stack(0x000000dd6ac00000,0x000000dd6ad00000)]
  0x0000029178cd7ef0 JavaThread "Cache worker for journal cache (C:\Users\Joshu\.gradle\caches\journal-1)" [_thread_blocked, id=17676, stack(0x000000dd6ad00000,0x000000dd6ae00000)]
  0x0000029178cd9700 JavaThread "File lock request listener" [_thread_in_native, id=24240, stack(0x000000dd6ae00000,0x000000dd6af00000)]
  0x0000029178cdaa40 JavaThread "Cache worker for file hash cache (C:\Users\Joshu\.gradle\caches\8.3\fileHashes)" [_thread_blocked, id=2308, stack(0x000000dd6af00000,0x000000dd6b000000)]
  0x0000029178cd9bd0 JavaThread "File watcher server" daemon [_thread_in_native, id=16740, stack(0x000000dd6b000000,0x000000dd6b100000)]
  0x0000029178cd7080 JavaThread "File watcher consumer" daemon [_thread_blocked, id=17264, stack(0x000000dd6b100000,0x000000dd6b200000)]
  0x0000029178cda0a0 JavaThread "Cache worker for checksums cache (C:\Users\Joshu\AwesomeProject\android\.gradle\8.3\checksums)" [_thread_blocked, id=20088, stack(0x000000dd6b200000,0x000000dd6b300000)]
  0x0000029178cda570 JavaThread "Cache worker for file hash cache (C:\Users\Joshu\AwesomeProject\android\.gradle\8.3\fileHashes)" [_thread_blocked, id=13892, stack(0x000000dd6b300000,0x000000dd6b400000)]
  0x0000029178cd7550 JavaThread "Cache worker for cache directory md-supplier (C:\Users\Joshu\.gradle\caches\8.3\md-supplier)" [_thread_blocked, id=18548, stack(0x000000dd6b400000,0x000000dd6b500000)]
  0x0000029178f2cf40 JavaThread "Cache worker for file content cache (C:\Users\Joshu\.gradle\caches\8.3\fileContent)" [_thread_blocked, id=3912, stack(0x000000dd6b500000,0x000000dd6b600000)]
  0x0000029178f2e750 JavaThread "Cache worker for cache directory md-rule (C:\Users\Joshu\.gradle\caches\8.3\md-rule)" [_thread_blocked, id=4440, stack(0x000000dd6b600000,0x000000dd6b700000)]
  0x0000029178f342c0 JavaThread "Cache worker for execution history cache (C:\Users\Joshu\.gradle\caches\8.3\executionHistory)" [_thread_blocked, id=20344, stack(0x000000dd6b700000,0x000000dd6b800000)]
  0x0000029178f2d410 JavaThread "jar transforms" [_thread_blocked, id=14736, stack(0x000000dd6b800000,0x000000dd6b900000)]
  0x0000029178f2ddb0 JavaThread "jar transforms Thread 2" [_thread_blocked, id=1684, stack(0x000000dd6b900000,0x000000dd6ba00000)]
  0x0000029178f2d8e0 JavaThread "Cache worker for kotlin-dsl (C:\Users\Joshu\.gradle\caches\8.3\kotlin-dsl)" [_thread_blocked, id=22464, stack(0x000000dd6ba00000,0x000000dd6bb00000)]
  0x0000029178f2fa90 JavaThread "Unconstrained build operations" [_thread_blocked, id=23204, stack(0x000000dd6bc00000,0x000000dd6bd00000)]
  0x0000029178f2ff60 JavaThread "Cache worker for dependencies-accessors (C:\Users\Joshu\AwesomeProject\android\.gradle\8.3\dependencies-accessors)" [_thread_blocked, id=17200, stack(0x000000dd6bd00000,0x000000dd6be00000)]
  0x0000029178f2e280 JavaThread "Cache worker for Build Output Cleanup Cache (C:\Users\Joshu\AwesomeProject\node_modules\@react-native\gradle-plugin\.gradle\buildOutputCleanup)" [_thread_blocked, id=19708, stack(0x000000dd6be00000,0x000000dd6bf00000)]
  0x0000029178f2ec20 JavaThread "Unconstrained build operations Thread 2" [_thread_blocked, id=18452, stack(0x000000dd6bf00000,0x000000dd6c000000)]
  0x0000029178f30430 JavaThread "Memory manager" [_thread_blocked, id=8032, stack(0x000000dd6c000000,0x000000dd6c100000)]
  0x0000029178f31770 JavaThread "Cache worker for Build Output Cleanup Cache (C:\Users\Joshu\AwesomeProject\android\.gradle\buildOutputCleanup)" [_thread_blocked, id=24228, stack(0x000000dd6c100000,0x000000dd6c200000)]
  0x0000029178f32ab0 JavaThread "ForkJoinPool.commonPool-worker-1" daemon [_thread_blocked, id=22304, stack(0x000000dd6c200000,0x000000dd6c300000)]
  0x0000029178f32f80 JavaThread "included builds" [_thread_in_native, id=21380, stack(0x000000dd6c300000,0x000000dd6c400000)]
  0x0000029178f33920 JavaThread "Execution worker" [_thread_blocked, id=14288, stack(0x000000dd6c400000,0x000000dd6c500000)]
  0x000002917d79d570 JavaThread "Cache worker for execution history cache (C:\Users\Joshu\AwesomeProject\node_modules\@react-native\gradle-plugin\.gradle\8.3\executionHistory)" [_thread_blocked, id=21832, stack(0x000000dd6c500000,0x000000dd6c600000)]
  0x000002917d7a0f30 JavaThread "Unconstrained build operations Thread 3" [_thread_in_native, id=22960, stack(0x000000dd6c600000,0x000000dd6c700000)]
  0x000002917d79f250 JavaThread "Unconstrained build operations Thread 4" [_thread_blocked, id=22820, stack(0x000000dd6c700000,0x000000dd6c800000)]
  0x000002917d79f720 JavaThread "Unconstrained build operations Thread 5" [_thread_blocked, id=22412, stack(0x000000dd6c800000,0x000000dd6c900000)]
  0x000002917d79cbd0 JavaThread "Unconstrained build operations Thread 6" [_thread_blocked, id=20880, stack(0x000000dd6cb00000,0x000000dd6cc00000)]
  0x000002917d7a18d0 JavaThread "Unconstrained build operations Thread 7" [_thread_blocked, id=7292, stack(0x000000dd6cc00000,0x000000dd6cd00000)]
  0x000002917d79d0a0 JavaThread "Unconstrained build operations Thread 8" [_thread_blocked, id=18508, stack(0x000000dd6cd00000,0x000000dd6ce00000)]
  0x000002917d7a0590 JavaThread "Unconstrained build operations Thread 9" [_thread_blocked, id=21604, stack(0x000000dd6ce00000,0x000000dd6cf00000)]
  0x000002917d79da40 JavaThread "Unconstrained build operations Thread 10" [_thread_blocked, id=22944, stack(0x000000dd6cf00000,0x000000dd6d000000)]
  0x000002917d79bd60 JavaThread "Unconstrained build operations Thread 11" [_thread_blocked, id=17692, stack(0x000000dd6d000000,0x000000dd6d100000)]
  0x000002917d79fbf0 JavaThread "Unconstrained build operations Thread 12" [_thread_blocked, id=18888, stack(0x000000dd6d100000,0x000000dd6d200000)]
  0x000002917d79a080 JavaThread "Unconstrained build operations Thread 13" [_thread_blocked, id=19796, stack(0x000000dd6d200000,0x000000dd6d300000)]
  0x000002917d79df10 JavaThread "Unconstrained build operations Thread 14" [_thread_blocked, id=20456, stack(0x000000dd6d300000,0x000000dd6d400000)]
  0x000002917d79c230 JavaThread "Unconstrained build operations Thread 15" [_thread_blocked, id=16428, stack(0x000000dd6d400000,0x000000dd6d500000)]
  0x000002917d7a00c0 JavaThread "Unconstrained build operations Thread 16" [_thread_blocked, id=23312, stack(0x000000dd6d500000,0x000000dd6d600000)]
  0x000002917d79e3e0 JavaThread "Unconstrained build operations Thread 17" [_thread_blocked, id=23008, stack(0x000000dd6d600000,0x000000dd6d700000)]
  0x000002917d79a550 JavaThread "Unconstrained build operations Thread 18" [_thread_blocked, id=22220, stack(0x000000dd6d700000,0x000000dd6d800000)]
  0x000002917d79ed80 JavaThread "Unconstrained build operations Thread 19" [_thread_blocked, id=23088, stack(0x000000dd6d800000,0x000000dd6d900000)]
  0x000002917d7a0a60 JavaThread "Unconstrained build operations Thread 20" [_thread_blocked, id=9484, stack(0x000000dd6d900000,0x000000dd6da00000)]
  0x000002917d79aef0 JavaThread "Cache worker for execution history cache (C:\Users\Joshu\AwesomeProject\android\.gradle\8.3\executionHistory)" [_thread_blocked, id=13188, stack(0x000000dd6da00000,0x000000dd6db00000)]

Other Threads:
  0x000002915773ed30 VMThread "VM Thread" [stack: 0x000000dd69500000,0x000000dd69600000] [id=13960]
  0x0000029157677840 WatcherThread [stack: 0x000000dd6a100000,0x000000dd6a200000] [id=1392]
  0x00000291576b3c80 GCTaskThread "GC Thread#0" [stack: 0x000000dd69000000,0x000000dd69100000] [id=22784]
  0x0000029177583130 GCTaskThread "GC Thread#1" [stack: 0x000000dd6a200000,0x000000dd6a300000] [id=23072]
  0x00000291576c4bc0 ConcurrentGCThread "G1 Main Marker" [stack: 0x000000dd69100000,0x000000dd69200000] [id=23508]
  0x00000291576c55d0 ConcurrentGCThread "G1 Conc#0" [stack: 0x000000dd69200000,0x000000dd69300000] [id=16928]
  0x000002915771fec0 ConcurrentGCThread "G1 Refine#0" [stack: 0x000000dd69300000,0x000000dd69400000] [id=20468]
  0x00000291577208e0 ConcurrentGCThread "G1 Service" [stack: 0x000000dd69400000,0x000000dd69500000] [id=24404]

Threads with active compile tasks:
C2 CompilerThread0    53087 13447       4       org.gradle.api.internal.artifacts.transform.AttributeMatchingVariantSelector::doSelect (364 bytes)

VM state: not at safepoint (normal execution)

VM Mutex/Monitor currently owned by a thread: None

Heap address: 0x0000000080000000, size: 2048 MB, Compressed Oops mode: 32-bit

CDS archive(s) mapped at: [0x0000000800000000-0x0000000800bc0000-0x0000000800bc0000), size 12320768, SharedBaseAddress: 0x0000000800000000, ArchiveRelocationMode: 0.
Compressed class space mapped at: 0x0000000800c00000-0x000000081a800000, reserved size: 432013312
Narrow klass base: 0x0000000800000000, Narrow klass shift: 0, Narrow klass range: 0x100000000

GC Precious Log:
 CPUs: 2 total, 2 available
 Memory: 5965M
 Large Page Support: Disabled
 NUMA Support: Disabled
 Compressed Oops: Enabled (32-bit)
 Heap Region Size: 1M
 Heap Min Capacity: 8M
 Heap Initial Capacity: 94M
 Heap Max Capacity: 2G
 Pre-touch: Disabled
 Parallel Workers: 2
 Concurrent Workers: 1
 Concurrent Refinement Workers: 2
 Periodic GC: Disabled

Heap:
 garbage-first heap   total 331776K, used 176635K [0x0000000080000000, 0x0000000100000000)
  region size 1024K, 57 young (58368K), 12 survivors (12288K)
 Metaspace       used 99314K, committed 100160K, reserved 512000K
  class space    used 13749K, committed 14144K, reserved 421888K

Heap Regions: E=young(eden), S=young(survivor), O=old, HS=humongous(starts), HC=humongous(continues), CS=collection set, F=free, OA=open archive, CA=closed archive, TAMS=top-at-mark-start (previous, next)
|   0|0x0000000080000000, 0x0000000080100000, 0x0000000080100000|100%| O|  |TAMS 0x0000000080100000, 0x0000000080000000| Untracked 
|   1|0x0000000080100000, 0x0000000080200000, 0x0000000080200000|100%| O|  |TAMS 0x0000000080200000, 0x0000000080100000| Untracked 
|   2|0x0000000080200000, 0x0000000080300000, 0x0000000080300000|100%|HS|  |TAMS 0x0000000080300000, 0x0000000080200000| Complete 
|   3|0x0000000080300000, 0x0000000080400000, 0x0000000080400000|100%|HC|  |TAMS 0x0000000080400000, 0x0000000080300000| Complete 
|   4|0x0000000080400000, 0x0000000080500000, 0x0000000080500000|100%|HC|  |TAMS 0x0000000080500000, 0x0000000080400000| Complete 
|   5|0x0000000080500000, 0x0000000080600000, 0x0000000080600000|100%|HC|  |TAMS 0x0000000080600000, 0x0000000080500000| Complete 
|   6|0x0000000080600000, 0x0000000080700000, 0x0000000080700000|100%| O|  |TAMS 0x0000000080700000, 0x0000000080600000| Untracked 
|   7|0x0000000080700000, 0x0000000080800000, 0x0000000080800000|100%| O|  |TAMS 0x0000000080800000, 0x0000000080700000| Untracked 
|   8|0x0000000080800000, 0x0000000080900000, 0x0000000080900000|100%| O|  |TAMS 0x0000000080900000, 0x0000000080800000| Untracked 
|   9|0x0000000080900000, 0x0000000080a00000, 0x0000000080a00000|100%| O|  |TAMS 0x0000000080a00000, 0x0000000080900000| Untracked 
|  10|0x0000000080a00000, 0x0000000080b00000, 0x0000000080b00000|100%| O|  |TAMS 0x0000000080b00000, 0x0000000080a00000| Untracked 
|  11|0x0000000080b00000, 0x0000000080c00000, 0x0000000080c00000|100%| O|  |TAMS 0x0000000080c00000, 0x0000000080b00000| Untracked 
|  12|0x0000000080c00000, 0x0000000080d00000, 0x0000000080d00000|100%| O|  |TAMS 0x0000000080d00000, 0x0000000080c00000| Untracked 
|  13|0x0000000080d00000, 0x0000000080e00000, 0x0000000080e00000|100%| O|  |TAMS 0x0000000080e00000, 0x0000000080d00000| Untracked 
|  14|0x0000000080e00000, 0x0000000080f00000, 0x0000000080f00000|100%| O|  |TAMS 0x0000000080f00000, 0x0000000080e00000| Untracked 
|  15|0x0000000080f00000, 0x0000000081000000, 0x0000000081000000|100%| O|  |TAMS 0x0000000081000000, 0x0000000080f00000| Untracked 
|  16|0x0000000081000000, 0x0000000081100000, 0x0000000081100000|100%| O|  |TAMS 0x0000000081100000, 0x0000000081000000| Untracked 
|  17|0x0000000081100000, 0x0000000081200000, 0x0000000081200000|100%| O|  |TAMS 0x0000000081200000, 0x0000000081100000| Untracked 
|  18|0x0000000081200000, 0x0000000081300000, 0x0000000081300000|100%| O|  |TAMS 0x0000000081300000, 0x0000000081200000| Untracked 
|  19|0x0000000081300000, 0x00000000813d5c00, 0x0000000081400000| 83%| O|  |TAMS 0x00000000813d5c00, 0x0000000081300000| Untracked 
|  20|0x0000000081400000, 0x0000000081500000, 0x0000000081500000|100%| O|  |TAMS 0x0000000081500000, 0x0000000081400000| Untracked 
|  21|0x0000000081500000, 0x0000000081600000, 0x0000000081600000|100%| O|  |TAMS 0x0000000081600000, 0x0000000081500000| Untracked 
|  22|0x0000000081600000, 0x0000000081700000, 0x0000000081700000|100%| O|  |TAMS 0x0000000081700000, 0x0000000081600000| Untracked 
|  23|0x0000000081700000, 0x0000000081800000, 0x0000000081800000|100%| O|  |TAMS 0x0000000081800000, 0x0000000081700000| Untracked 
|  24|0x0000000081800000, 0x0000000081900000, 0x0000000081900000|100%| O|  |TAMS 0x0000000081900000, 0x0000000081800000| Untracked 
|  25|0x0000000081900000, 0x0000000081a00000, 0x0000000081a00000|100%| O|  |TAMS 0x0000000081a00000, 0x0000000081900000| Untracked 
|  26|0x0000000081a00000, 0x0000000081b00000, 0x0000000081b00000|100%| O|  |TAMS 0x0000000081b00000, 0x0000000081a00000| Untracked 
|  27|0x0000000081b00000, 0x0000000081c00000, 0x0000000081c00000|100%| O|  |TAMS 0x0000000081c00000, 0x0000000081b00000| Untracked 
|  28|0x0000000081c00000, 0x0000000081d00000, 0x0000000081d00000|100%| O|  |TAMS 0x0000000081d00000, 0x0000000081c00000| Untracked 
|  29|0x0000000081d00000, 0x0000000081e00000, 0x0000000081e00000|100%| O|  |TAMS 0x0000000081e00000, 0x0000000081d00000| Untracked 
|  30|0x0000000081e00000, 0x0000000081f00000, 0x0000000081f00000|100%| O|  |TAMS 0x0000000081f00000, 0x0000000081e00000| Untracked 
|  31|0x0000000081f00000, 0x0000000082000000, 0x0000000082000000|100%| O|  |TAMS 0x0000000082000000, 0x0000000081f00000| Untracked 
|  32|0x0000000082000000, 0x0000000082100000, 0x0000000082100000|100%| O|  |TAMS 0x0000000082100000, 0x0000000082000000| Untracked 
|  33|0x0000000082100000, 0x0000000082200000, 0x0000000082200000|100%| O|  |TAMS 0x0000000082200000, 0x0000000082100000| Untracked 
|  34|0x0000000082200000, 0x0000000082300000, 0x0000000082300000|100%| O|  |TAMS 0x0000000082300000, 0x0000000082200000| Untracked 
|  35|0x0000000082300000, 0x0000000082400000, 0x0000000082400000|100%| O|  |TAMS 0x0000000082400000, 0x0000000082300000| Untracked 
|  36|0x0000000082400000, 0x0000000082500000, 0x0000000082500000|100%| O|  |TAMS 0x0000000082500000, 0x0000000082400000| Untracked 
|  37|0x0000000082500000, 0x0000000082600000, 0x0000000082600000|100%| O|  |TAMS 0x0000000082600000, 0x0000000082500000| Untracked 
|  38|0x0000000082600000, 0x0000000082700000, 0x0000000082700000|100%|HS|  |TAMS 0x0000000082700000, 0x0000000082600000| Complete 
|  39|0x0000000082700000, 0x0000000082800000, 0x0000000082800000|100%|HC|  |TAMS 0x0000000082800000, 0x0000000082700000| Complete 
|  40|0x0000000082800000, 0x0000000082900000, 0x0000000082900000|100%|HS|  |TAMS 0x0000000082900000, 0x0000000082800000| Complete 
|  41|0x0000000082900000, 0x0000000082a00000, 0x0000000082a00000|100%|HC|  |TAMS 0x0000000082a00000, 0x0000000082900000| Complete 
|  42|0x0000000082a00000, 0x0000000082b00000, 0x0000000082b00000|100%| O|  |TAMS 0x0000000082b00000, 0x0000000082a00000| Untracked 
|  43|0x0000000082b00000, 0x0000000082c00000, 0x0000000082c00000|100%| O|  |TAMS 0x0000000082c00000, 0x0000000082b00000| Untracked 
|  44|0x0000000082c00000, 0x0000000082d00000, 0x0000000082d00000|100%|HS|  |TAMS 0x0000000082d00000, 0x0000000082c00000| Complete 
|  45|0x0000000082d00000, 0x0000000082e00000, 0x0000000082e00000|100%|HC|  |TAMS 0x0000000082e00000, 0x0000000082d00000| Complete 
|  46|0x0000000082e00000, 0x0000000082f00000, 0x0000000082f00000|100%|HC|  |TAMS 0x0000000082f00000, 0x0000000082e00000| Complete 
|  47|0x0000000082f00000, 0x0000000083000000, 0x0000000083000000|100%|HC|  |TAMS 0x0000000083000000, 0x0000000082f00000| Complete 
|  48|0x0000000083000000, 0x0000000083100000, 0x0000000083100000|100%| O|  |TAMS 0x0000000083100000, 0x0000000083000000| Untracked 
|  49|0x0000000083100000, 0x0000000083200000, 0x0000000083200000|100%| O|  |TAMS 0x0000000083200000, 0x0000000083100000| Untracked 
|  50|0x0000000083200000, 0x0000000083300000, 0x0000000083300000|100%| O|  |TAMS 0x0000000083300000, 0x0000000083200000| Untracked 
|  51|0x0000000083300000, 0x0000000083400000, 0x0000000083400000|100%| O|  |TAMS 0x0000000083400000, 0x0000000083300000| Untracked 
|  52|0x0000000083400000, 0x0000000083500000, 0x0000000083500000|100%|HS|  |TAMS 0x0000000083500000, 0x0000000083400000| Complete 
|  53|0x0000000083500000, 0x0000000083600000, 0x0000000083600000|100%|HC|  |TAMS 0x0000000083600000, 0x0000000083500000| Complete 
|  54|0x0000000083600000, 0x0000000083700000, 0x0000000083700000|100%|HC|  |TAMS 0x0000000083700000, 0x0000000083600000| Complete 
|  55|0x0000000083700000, 0x0000000083800000, 0x0000000083800000|100%|HC|  |TAMS 0x0000000083800000, 0x0000000083700000| Complete 
|  56|0x0000000083800000, 0x0000000083900000, 0x0000000083900000|100%| O|  |TAMS 0x0000000083900000, 0x0000000083800000| Untracked 
|  57|0x0000000083900000, 0x0000000083a00000, 0x0000000083a00000|100%| O|  |TAMS 0x0000000083a00000, 0x0000000083900000| Untracked 
|  58|0x0000000083a00000, 0x0000000083b00000, 0x0000000083b00000|100%| O|  |TAMS 0x0000000083b00000, 0x0000000083a00000| Untracked 
|  59|0x0000000083b00000, 0x0000000083c00000, 0x0000000083c00000|100%| O|  |TAMS 0x0000000083c00000, 0x0000000083b00000| Untracked 
|  60|0x0000000083c00000, 0x0000000083d00000, 0x0000000083d00000|100%| O|  |TAMS 0x0000000083d00000, 0x0000000083c00000| Untracked 
|  61|0x0000000083d00000, 0x0000000083e00000, 0x0000000083e00000|100%| O|  |TAMS 0x0000000083e00000, 0x0000000083d00000| Untracked 
|  62|0x0000000083e00000, 0x0000000083f00000, 0x0000000083f00000|100%| O|  |TAMS 0x0000000083f00000, 0x0000000083e00000| Untracked 
|  63|0x0000000083f00000, 0x0000000084000000, 0x0000000084000000|100%| O|  |TAMS 0x0000000084000000, 0x0000000083f00000| Untracked 
|  64|0x0000000084000000, 0x0000000084100000, 0x0000000084100000|100%| O|  |TAMS 0x0000000084100000, 0x0000000084000000| Untracked 
|  65|0x0000000084100000, 0x0000000084200000, 0x0000000084200000|100%| O|  |TAMS 0x0000000084200000, 0x0000000084100000| Untracked 
|  66|0x0000000084200000, 0x0000000084300000, 0x0000000084300000|100%|HS|  |TAMS 0x0000000084300000, 0x0000000084200000| Complete 
|  67|0x0000000084300000, 0x0000000084400000, 0x0000000084400000|100%|HS|  |TAMS 0x0000000084400000, 0x0000000084300000| Complete 
|  68|0x0000000084400000, 0x0000000084500000, 0x0000000084500000|100%|HS|  |TAMS 0x0000000084500000, 0x0000000084400000| Complete 
|  69|0x0000000084500000, 0x0000000084600000, 0x0000000084600000|100%|HS|  |TAMS 0x0000000084600000, 0x0000000084500000| Complete 
|  70|0x0000000084600000, 0x0000000084700000, 0x0000000084700000|100%| O|  |TAMS 0x0000000084700000, 0x0000000084600000| Untracked 
|  71|0x0000000084700000, 0x0000000084800000, 0x0000000084800000|100%| O|  |TAMS 0x0000000084800000, 0x0000000084700000| Untracked 
|  72|0x0000000084800000, 0x0000000084900000, 0x0000000084900000|100%| O|  |TAMS 0x0000000084900000, 0x0000000084800000| Untracked 
|  73|0x0000000084900000, 0x0000000084a00000, 0x0000000084a00000|100%| O|  |TAMS 0x0000000084a00000, 0x0000000084900000| Untracked 
|  74|0x0000000084a00000, 0x0000000084b00000, 0x0000000084b00000|100%| O|  |TAMS 0x0000000084b00000, 0x0000000084a00000| Untracked 
|  75|0x0000000084b00000, 0x0000000084c00000, 0x0000000084c00000|100%| O|  |TAMS 0x0000000084c00000, 0x0000000084b00000| Untracked 
|  76|0x0000000084c00000, 0x0000000084d00000, 0x0000000084d00000|100%| O|  |TAMS 0x0000000084d00000, 0x0000000084c00000| Untracked 
|  77|0x0000000084d00000, 0x0000000084e00000, 0x0000000084e00000|100%| O|  |TAMS 0x0000000084e00000, 0x0000000084d00000| Untracked 
|  78|0x0000000084e00000, 0x0000000084f00000, 0x0000000084f00000|100%| O|  |TAMS 0x0000000084f00000, 0x0000000084e00000| Untracked 
|  79|0x0000000084f00000, 0x0000000085000000, 0x0000000085000000|100%| O|  |TAMS 0x0000000085000000, 0x0000000084f00000| Untracked 
|  80|0x0000000085000000, 0x0000000085100000, 0x0000000085100000|100%| O|  |TAMS 0x0000000085100000, 0x0000000085000000| Untracked 
|  81|0x0000000085100000, 0x0000000085200000, 0x0000000085200000|100%| O|  |TAMS 0x0000000085200000, 0x0000000085100000| Untracked 
|  82|0x0000000085200000, 0x0000000085300000, 0x0000000085300000|100%| O|  |TAMS 0x0000000085200000, 0x0000000085200000| Untracked 
|  83|0x0000000085300000, 0x0000000085400000, 0x0000000085400000|100%| O|  |TAMS 0x0000000085400000, 0x0000000085300000| Untracked 
|  84|0x0000000085400000, 0x0000000085500000, 0x0000000085500000|100%| O|  |TAMS 0x0000000085500000, 0x0000000085400000| Untracked 
|  85|0x0000000085500000, 0x0000000085600000, 0x0000000085600000|100%| O|  |TAMS 0x0000000085600000, 0x0000000085500000| Untracked 
|  86|0x0000000085600000, 0x0000000085700000, 0x0000000085700000|100%| O|  |TAMS 0x0000000085700000, 0x0000000085600000| Untracked 
|  87|0x0000000085700000, 0x0000000085800000, 0x0000000085800000|100%| O|  |TAMS 0x0000000085800000, 0x0000000085700000| Untracked 
|  88|0x0000000085800000, 0x0000000085900000, 0x0000000085900000|100%| O|  |TAMS 0x0000000085900000, 0x0000000085800000| Untracked 
|  89|0x0000000085900000, 0x0000000085a00000, 0x0000000085a00000|100%| O|  |TAMS 0x0000000085a00000, 0x0000000085900000| Untracked 
|  90|0x0000000085a00000, 0x0000000085b00000, 0x0000000085b00000|100%| O|  |TAMS 0x0000000085b00000, 0x0000000085a00000| Untracked 
|  91|0x0000000085b00000, 0x0000000085c00000, 0x0000000085c00000|100%| O|  |TAMS 0x0000000085b00000, 0x0000000085b00000| Untracked 
|  92|0x0000000085c00000, 0x0000000085d00000, 0x0000000085d00000|100%| O|  |TAMS 0x0000000085d00000, 0x0000000085c00000| Untracked 
|  93|0x0000000085d00000, 0x0000000085d00000, 0x0000000085e00000|  0%| F|  |TAMS 0x0000000085d00000, 0x0000000085d00000| Untracked 
|  94|0x0000000085e00000, 0x0000000085f00000, 0x0000000085f00000|100%| O|  |TAMS 0x0000000085e00000, 0x0000000085e00000| Untracked 
|  95|0x0000000085f00000, 0x0000000086000000, 0x0000000086000000|100%| O|  |TAMS 0x0000000085f00000, 0x0000000085f00000| Untracked 
|  96|0x0000000086000000, 0x0000000086100000, 0x0000000086100000|100%| O|  |TAMS 0x0000000086000000, 0x0000000086000000| Untracked 
|  97|0x0000000086100000, 0x0000000086200000, 0x0000000086200000|100%| O|  |TAMS 0x0000000086100000, 0x0000000086100000| Untracked 
|  98|0x0000000086200000, 0x0000000086300000, 0x0000000086300000|100%| O|  |TAMS 0x0000000086200000, 0x0000000086200000| Untracked 
|  99|0x0000000086300000, 0x0000000086400000, 0x0000000086400000|100%| O|  |TAMS 0x0000000086300000, 0x0000000086300000| Untracked 
| 100|0x0000000086400000, 0x0000000086500000, 0x0000000086500000|100%| O|  |TAMS 0x0000000086400000, 0x0000000086400000| Untracked 
| 101|0x0000000086500000, 0x0000000086600000, 0x0000000086600000|100%| O|  |TAMS 0x0000000086500000, 0x0000000086500000| Untracked 
| 102|0x0000000086600000, 0x0000000086700000, 0x0000000086700000|100%| O|  |TAMS 0x0000000086600000, 0x0000000086600000| Untracked 
| 103|0x0000000086700000, 0x0000000086800000, 0x0000000086800000|100%| O|  |TAMS 0x0000000086700000, 0x0000000086700000| Untracked 
| 104|0x0000000086800000, 0x0000000086900000, 0x0000000086900000|100%| O|  |TAMS 0x0000000086800000, 0x0000000086800000| Untracked 
| 105|0x0000000086900000, 0x00000000869a9200, 0x0000000086a00000| 66%| O|  |TAMS 0x0000000086900000, 0x0000000086900000| Untracked 
| 106|0x0000000086a00000, 0x0000000086b00000, 0x0000000086b00000|100%|HS|  |TAMS 0x0000000086a00000, 0x0000000086a00000| Complete 
| 107|0x0000000086b00000, 0x0000000086c00000, 0x0000000086c00000|100%|HC|  |TAMS 0x0000000086b00000, 0x0000000086b00000| Complete 
| 108|0x0000000086c00000, 0x0000000086d00000, 0x0000000086d00000|100%|HS|  |TAMS 0x0000000086c00000, 0x0000000086c00000| Complete 
| 109|0x0000000086d00000, 0x0000000086e00000, 0x0000000086e00000|100%|HC|  |TAMS 0x0000000086d00000, 0x0000000086d00000| Complete 
| 110|0x0000000086e00000, 0x0000000086f00000, 0x0000000086f00000|100%|HS|  |TAMS 0x0000000086e00000, 0x0000000086e00000| Complete 
| 111|0x0000000086f00000, 0x0000000087000000, 0x0000000087000000|100%|HC|  |TAMS 0x0000000086f00000, 0x0000000086f00000| Complete 
| 112|0x0000000087000000, 0x0000000087100000, 0x0000000087100000|100%|HS|  |TAMS 0x0000000087000000, 0x0000000087000000| Complete 
| 113|0x0000000087100000, 0x0000000087200000, 0x0000000087200000|100%|HC|  |TAMS 0x0000000087100000, 0x0000000087100000| Complete 
| 114|0x0000000087200000, 0x0000000087300000, 0x0000000087300000|100%|HS|  |TAMS 0x0000000087200000, 0x0000000087200000| Complete 
| 115|0x0000000087300000, 0x0000000087400000, 0x0000000087400000|100%|HC|  |TAMS 0x0000000087300000, 0x0000000087300000| Complete 
| 116|0x0000000087400000, 0x0000000087500000, 0x0000000087500000|100%|HS|  |TAMS 0x0000000087400000, 0x0000000087400000| Complete 
| 117|0x0000000087500000, 0x0000000087600000, 0x0000000087600000|100%|HC|  |TAMS 0x0000000087500000, 0x0000000087500000| Complete 
| 118|0x0000000087600000, 0x0000000087600000, 0x0000000087700000|  0%| F|  |TAMS 0x0000000087600000, 0x0000000087600000| Untracked 
| 119|0x0000000087700000, 0x0000000087700000, 0x0000000087800000|  0%| F|  |TAMS 0x0000000087700000, 0x0000000087700000| Untracked 
| 120|0x0000000087800000, 0x0000000087800000, 0x0000000087900000|  0%| F|  |TAMS 0x0000000087800000, 0x0000000087800000| Untracked 
| 121|0x0000000087900000, 0x0000000087900000, 0x0000000087a00000|  0%| F|  |TAMS 0x0000000087900000, 0x0000000087900000| Untracked 
| 122|0x0000000087a00000, 0x0000000087a00000, 0x0000000087b00000|  0%| F|  |TAMS 0x0000000087a00000, 0x0000000087a00000| Untracked 
| 123|0x0000000087b00000, 0x0000000087b00000, 0x0000000087c00000|  0%| F|  |TAMS 0x0000000087b00000, 0x0000000087b00000| Untracked 
| 124|0x0000000087c00000, 0x0000000087c00000, 0x0000000087d00000|  0%| F|  |TAMS 0x0000000087c00000, 0x0000000087c00000| Untracked 
| 125|0x0000000087d00000, 0x0000000087d00000, 0x0000000087e00000|  0%| F|  |TAMS 0x0000000087d00000, 0x0000000087d00000| Untracked 
| 126|0x0000000087e00000, 0x0000000087e00000, 0x0000000087f00000|  0%| F|  |TAMS 0x0000000087e00000, 0x0000000087e00000| Untracked 
| 127|0x0000000087f00000, 0x0000000087f00000, 0x0000000088000000|  0%| F|  |TAMS 0x0000000087f00000, 0x0000000087f00000| Untracked 
| 128|0x0000000088000000, 0x0000000088000000, 0x0000000088100000|  0%| F|  |TAMS 0x0000000088000000, 0x0000000088000000| Untracked 
| 129|0x0000000088100000, 0x0000000088100000, 0x0000000088200000|  0%| F|  |TAMS 0x0000000088100000, 0x0000000088100000| Untracked 
| 130|0x0000000088200000, 0x0000000088200000, 0x0000000088300000|  0%| F|  |TAMS 0x0000000088200000, 0x0000000088200000| Untracked 
| 131|0x0000000088300000, 0x0000000088300000, 0x0000000088400000|  0%| F|  |TAMS 0x0000000088300000, 0x0000000088300000| Untracked 
| 132|0x0000000088400000, 0x0000000088400000, 0x0000000088500000|  0%| F|  |TAMS 0x0000000088400000, 0x0000000088400000| Untracked 
| 133|0x0000000088500000, 0x0000000088500000, 0x0000000088600000|  0%| F|  |TAMS 0x0000000088500000, 0x0000000088500000| Untracked 
| 134|0x0000000088600000, 0x0000000088600000, 0x0000000088700000|  0%| F|  |TAMS 0x0000000088600000, 0x0000000088600000| Untracked 
| 135|0x0000000088700000, 0x0000000088700000, 0x0000000088800000|  0%| F|  |TAMS 0x0000000088700000, 0x0000000088700000| Untracked 
| 136|0x0000000088800000, 0x0000000088800000, 0x0000000088900000|  0%| F|  |TAMS 0x0000000088800000, 0x0000000088800000| Untracked 
| 137|0x0000000088900000, 0x0000000088900000, 0x0000000088a00000|  0%| F|  |TAMS 0x0000000088900000, 0x0000000088900000| Untracked 
| 138|0x0000000088a00000, 0x0000000088a00000, 0x0000000088b00000|  0%| F|  |TAMS 0x0000000088a00000, 0x0000000088a00000| Untracked 
| 139|0x0000000088b00000, 0x0000000088b00000, 0x0000000088c00000|  0%| F|  |TAMS 0x0000000088b00000, 0x0000000088b00000| Untracked 
| 140|0x0000000088c00000, 0x0000000088c00000, 0x0000000088d00000|  0%| F|  |TAMS 0x0000000088c00000, 0x0000000088c00000| Untracked 
| 141|0x0000000088d00000, 0x0000000088d00000, 0x0000000088e00000|  0%| F|  |TAMS 0x0000000088d00000, 0x0000000088d00000| Untracked 
| 142|0x0000000088e00000, 0x0000000088e00000, 0x0000000088f00000|  0%| F|  |TAMS 0x0000000088e00000, 0x0000000088e00000| Untracked 
| 143|0x0000000088f00000, 0x0000000088f00000, 0x0000000089000000|  0%| F|  |TAMS 0x0000000088f00000, 0x0000000088f00000| Untracked 
| 144|0x0000000089000000, 0x0000000089000000, 0x0000000089100000|  0%| F|  |TAMS 0x0000000089000000, 0x0000000089000000| Untracked 
| 145|0x0000000089100000, 0x0000000089100000, 0x0000000089200000|  0%| F|  |TAMS 0x0000000089100000, 0x0000000089100000| Untracked 
| 146|0x0000000089200000, 0x0000000089200000, 0x0000000089300000|  0%| F|  |TAMS 0x0000000089200000, 0x0000000089200000| Untracked 
| 147|0x0000000089300000, 0x0000000089300000, 0x0000000089400000|  0%| F|  |TAMS 0x0000000089300000, 0x0000000089300000| Untracked 
| 148|0x0000000089400000, 0x0000000089400000, 0x0000000089500000|  0%| F|  |TAMS 0x0000000089400000, 0x0000000089400000| Untracked 
| 149|0x0000000089500000, 0x0000000089500000, 0x0000000089600000|  0%| F|  |TAMS 0x0000000089500000, 0x0000000089500000| Untracked 
| 150|0x0000000089600000, 0x0000000089600000, 0x0000000089700000|  0%| F|  |TAMS 0x0000000089600000, 0x0000000089600000| Untracked 
| 151|0x0000000089700000, 0x0000000089700000, 0x0000000089800000|  0%| F|  |TAMS 0x0000000089700000, 0x0000000089700000| Untracked 
| 152|0x0000000089800000, 0x0000000089800000, 0x0000000089900000|  0%| F|  |TAMS 0x0000000089800000, 0x0000000089800000| Untracked 
| 153|0x0000000089900000, 0x0000000089900000, 0x0000000089a00000|  0%| F|  |TAMS 0x0000000089900000, 0x0000000089900000| Untracked 
| 154|0x0000000089a00000, 0x0000000089a00000, 0x0000000089b00000|  0%| F|  |TAMS 0x0000000089a00000, 0x0000000089a00000| Untracked 
| 155|0x0000000089b00000, 0x0000000089b00000, 0x0000000089c00000|  0%| F|  |TAMS 0x0000000089b00000, 0x0000000089b00000| Untracked 
| 156|0x0000000089c00000, 0x0000000089c00000, 0x0000000089d00000|  0%| F|  |TAMS 0x0000000089c00000, 0x0000000089c00000| Untracked 
| 157|0x0000000089d00000, 0x0000000089d00000, 0x0000000089e00000|  0%| F|  |TAMS 0x0000000089d00000, 0x0000000089d00000| Untracked 
| 158|0x0000000089e00000, 0x0000000089e00000, 0x0000000089f00000|  0%| F|  |TAMS 0x0000000089e00000, 0x0000000089e00000| Untracked 
| 159|0x0000000089f00000, 0x0000000089f00000, 0x000000008a000000|  0%| F|  |TAMS 0x0000000089f00000, 0x0000000089f00000| Untracked 
| 160|0x000000008a000000, 0x000000008a000000, 0x000000008a100000|  0%| F|  |TAMS 0x000000008a000000, 0x000000008a000000| Untracked 
| 161|0x000000008a100000, 0x000000008a100000, 0x000000008a200000|  0%| F|  |TAMS 0x000000008a100000, 0x000000008a100000| Untracked 
| 162|0x000000008a200000, 0x000000008a200000, 0x000000008a300000|  0%| F|  |TAMS 0x000000008a200000, 0x000000008a200000| Untracked 
| 163|0x000000008a300000, 0x000000008a300000, 0x000000008a400000|  0%| F|  |TAMS 0x000000008a300000, 0x000000008a300000| Untracked 
| 164|0x000000008a400000, 0x000000008a400000, 0x000000008a500000|  0%| F|  |TAMS 0x000000008a400000, 0x000000008a400000| Untracked 
| 165|0x000000008a500000, 0x000000008a500000, 0x000000008a600000|  0%| F|  |TAMS 0x000000008a500000, 0x000000008a500000| Untracked 
| 166|0x000000008a600000, 0x000000008a600000, 0x000000008a700000|  0%| F|  |TAMS 0x000000008a600000, 0x000000008a600000| Untracked 
| 167|0x000000008a700000, 0x000000008a800000, 0x000000008a800000|100%| S|CS|TAMS 0x000000008a700000, 0x000000008a700000| Complete 
| 168|0x000000008a800000, 0x000000008a900000, 0x000000008a900000|100%| S|CS|TAMS 0x000000008a800000, 0x000000008a800000| Complete 
| 169|0x000000008a900000, 0x000000008aa00000, 0x000000008aa00000|100%| S|CS|TAMS 0x000000008a900000, 0x000000008a900000| Complete 
| 170|0x000000008aa00000, 0x000000008ab00000, 0x000000008ab00000|100%| S|CS|TAMS 0x000000008aa00000, 0x000000008aa00000| Complete 
| 171|0x000000008ab00000, 0x000000008ac00000, 0x000000008ac00000|100%| S|CS|TAMS 0x000000008ab00000, 0x000000008ab00000| Complete 
| 172|0x000000008ac00000, 0x000000008ad00000, 0x000000008ad00000|100%| S|CS|TAMS 0x000000008ac00000, 0x000000008ac00000| Complete 
| 173|0x000000008ad00000, 0x000000008ae00000, 0x000000008ae00000|100%| S|CS|TAMS 0x000000008ad00000, 0x000000008ad00000| Complete 
| 174|0x000000008ae00000, 0x000000008af00000, 0x000000008af00000|100%| S|CS|TAMS 0x000000008ae00000, 0x000000008ae00000| Complete 
| 175|0x000000008af00000, 0x000000008b000000, 0x000000008b000000|100%| S|CS|TAMS 0x000000008af00000, 0x000000008af00000| Complete 
| 176|0x000000008b000000, 0x000000008b100000, 0x000000008b100000|100%| S|CS|TAMS 0x000000008b000000, 0x000000008b000000| Complete 
| 177|0x000000008b100000, 0x000000008b200000, 0x000000008b200000|100%| S|CS|TAMS 0x000000008b100000, 0x000000008b100000| Complete 
| 178|0x000000008b200000, 0x000000008b300000, 0x000000008b300000|100%| S|CS|TAMS 0x000000008b200000, 0x000000008b200000| Complete 
| 179|0x000000008b300000, 0x000000008b300000, 0x000000008b400000|  0%| F|  |TAMS 0x000000008b300000, 0x000000008b300000| Untracked 
| 180|0x000000008b400000, 0x000000008b400000, 0x000000008b500000|  0%| F|  |TAMS 0x000000008b400000, 0x000000008b400000| Untracked 
| 181|0x000000008b500000, 0x000000008b500000, 0x000000008b600000|  0%| F|  |TAMS 0x000000008b500000, 0x000000008b500000| Untracked 
| 182|0x000000008b600000, 0x000000008b600000, 0x000000008b700000|  0%| F|  |TAMS 0x000000008b600000, 0x000000008b600000| Untracked 
| 183|0x000000008b700000, 0x000000008b700000, 0x000000008b800000|  0%| F|  |TAMS 0x000000008b700000, 0x000000008b700000| Untracked 
| 184|0x000000008b800000, 0x000000008b800000, 0x000000008b900000|  0%| F|  |TAMS 0x000000008b800000, 0x000000008b800000| Untracked 
| 185|0x000000008b900000, 0x000000008b900000, 0x000000008ba00000|  0%| F|  |TAMS 0x000000008b900000, 0x000000008b900000| Untracked 
| 186|0x000000008ba00000, 0x000000008ba00000, 0x000000008bb00000|  0%| F|  |TAMS 0x000000008ba00000, 0x000000008ba00000| Untracked 
| 187|0x000000008bb00000, 0x000000008bb00000, 0x000000008bc00000|  0%| F|  |TAMS 0x000000008bb00000, 0x000000008bb00000| Untracked 
| 188|0x000000008bc00000, 0x000000008bc00000, 0x000000008bd00000|  0%| F|  |TAMS 0x000000008bc00000, 0x000000008bc00000| Untracked 
| 189|0x000000008bd00000, 0x000000008bd00000, 0x000000008be00000|  0%| F|  |TAMS 0x000000008bd00000, 0x000000008bd00000| Untracked 
| 190|0x000000008be00000, 0x000000008be00000, 0x000000008bf00000|  0%| F|  |TAMS 0x000000008be00000, 0x000000008be00000| Untracked 
| 191|0x000000008bf00000, 0x000000008bf00000, 0x000000008c000000|  0%| F|  |TAMS 0x000000008bf00000, 0x000000008bf00000| Untracked 
| 192|0x000000008c000000, 0x000000008c000000, 0x000000008c100000|  0%| F|  |TAMS 0x000000008c000000, 0x000000008c000000| Untracked 
| 193|0x000000008c100000, 0x000000008c100000, 0x000000008c200000|  0%| F|  |TAMS 0x000000008c100000, 0x000000008c100000| Untracked 
| 194|0x000000008c200000, 0x000000008c200000, 0x000000008c300000|  0%| F|  |TAMS 0x000000008c200000, 0x000000008c200000| Untracked 
| 195|0x000000008c300000, 0x000000008c300000, 0x000000008c400000|  0%| F|  |TAMS 0x000000008c300000, 0x000000008c300000| Untracked 
| 196|0x000000008c400000, 0x000000008c400000, 0x000000008c500000|  0%| F|  |TAMS 0x000000008c400000, 0x000000008c400000| Untracked 
| 197|0x000000008c500000, 0x000000008c500000, 0x000000008c600000|  0%| F|  |TAMS 0x000000008c500000, 0x000000008c500000| Untracked 
| 198|0x000000008c600000, 0x000000008c600000, 0x000000008c700000|  0%| F|  |TAMS 0x000000008c600000, 0x000000008c600000| Untracked 
| 199|0x000000008c700000, 0x000000008c700000, 0x000000008c800000|  0%| F|  |TAMS 0x000000008c700000, 0x000000008c700000| Untracked 
| 200|0x000000008c800000, 0x000000008c800000, 0x000000008c900000|  0%| F|  |TAMS 0x000000008c800000, 0x000000008c800000| Untracked 
| 201|0x000000008c900000, 0x000000008c900000, 0x000000008ca00000|  0%| F|  |TAMS 0x000000008c900000, 0x000000008c900000| Untracked 
| 202|0x000000008ca00000, 0x000000008ca00000, 0x000000008cb00000|  0%| F|  |TAMS 0x000000008ca00000, 0x000000008ca00000| Untracked 
| 203|0x000000008cb00000, 0x000000008cb00000, 0x000000008cc00000|  0%| F|  |TAMS 0x000000008cb00000, 0x000000008cb00000| Untracked 
| 204|0x000000008cc00000, 0x000000008cc00000, 0x000000008cd00000|  0%| F|  |TAMS 0x000000008cc00000, 0x000000008cc00000| Untracked 
| 205|0x000000008cd00000, 0x000000008cd00000, 0x000000008ce00000|  0%| F|  |TAMS 0x000000008cd00000, 0x000000008cd00000| Untracked 
| 206|0x000000008ce00000, 0x000000008ce00000, 0x000000008cf00000|  0%| F|  |TAMS 0x000000008ce00000, 0x000000008ce00000| Untracked 
| 207|0x000000008cf00000, 0x000000008cf00000, 0x000000008d000000|  0%| F|  |TAMS 0x000000008cf00000, 0x000000008cf00000| Untracked 
| 208|0x000000008d000000, 0x000000008d000000, 0x000000008d100000|  0%| F|  |TAMS 0x000000008d000000, 0x000000008d000000| Untracked 
| 209|0x000000008d100000, 0x000000008d100000, 0x000000008d200000|  0%| F|  |TAMS 0x000000008d100000, 0x000000008d100000| Untracked 
| 210|0x000000008d200000, 0x000000008d200000, 0x000000008d300000|  0%| F|  |TAMS 0x000000008d200000, 0x000000008d200000| Untracked 
| 211|0x000000008d300000, 0x000000008d300000, 0x000000008d400000|  0%| F|  |TAMS 0x000000008d300000, 0x000000008d300000| Untracked 
| 212|0x000000008d400000, 0x000000008d400000, 0x000000008d500000|  0%| F|  |TAMS 0x000000008d400000, 0x000000008d400000| Untracked 
| 213|0x000000008d500000, 0x000000008d500000, 0x000000008d600000|  0%| F|  |TAMS 0x000000008d500000, 0x000000008d500000| Untracked 
| 214|0x000000008d600000, 0x000000008d600000, 0x000000008d700000|  0%| F|  |TAMS 0x000000008d600000, 0x000000008d600000| Untracked 
| 215|0x000000008d700000, 0x000000008d700000, 0x000000008d800000|  0%| F|  |TAMS 0x000000008d700000, 0x000000008d700000| Untracked 
| 216|0x000000008d800000, 0x000000008d800000, 0x000000008d900000|  0%| F|  |TAMS 0x000000008d800000, 0x000000008d800000| Untracked 
| 217|0x000000008d900000, 0x000000008d900000, 0x000000008da00000|  0%| F|  |TAMS 0x000000008d900000, 0x000000008d900000| Untracked 
| 218|0x000000008da00000, 0x000000008da00000, 0x000000008db00000|  0%| F|  |TAMS 0x000000008da00000, 0x000000008da00000| Untracked 
| 219|0x000000008db00000, 0x000000008db00000, 0x000000008dc00000|  0%| F|  |TAMS 0x000000008db00000, 0x000000008db00000| Untracked 
| 220|0x000000008dc00000, 0x000000008dc00000, 0x000000008dd00000|  0%| F|  |TAMS 0x000000008dc00000, 0x000000008dc00000| Untracked 
| 221|0x000000008dd00000, 0x000000008dd00000, 0x000000008de00000|  0%| F|  |TAMS 0x000000008dd00000, 0x000000008dd00000| Untracked 
| 222|0x000000008de00000, 0x000000008de00000, 0x000000008df00000|  0%| F|  |TAMS 0x000000008de00000, 0x000000008de00000| Untracked 
| 223|0x000000008df00000, 0x000000008df00000, 0x000000008e000000|  0%| F|  |TAMS 0x000000008df00000, 0x000000008df00000| Untracked 
| 224|0x000000008e000000, 0x000000008e000000, 0x000000008e100000|  0%| F|  |TAMS 0x000000008e000000, 0x000000008e000000| Untracked 
| 225|0x000000008e100000, 0x000000008e100000, 0x000000008e200000|  0%| F|  |TAMS 0x000000008e100000, 0x000000008e100000| Untracked 
| 226|0x000000008e200000, 0x000000008e200000, 0x000000008e300000|  0%| F|  |TAMS 0x000000008e200000, 0x000000008e200000| Untracked 
| 227|0x000000008e300000, 0x000000008e300000, 0x000000008e400000|  0%| F|  |TAMS 0x000000008e300000, 0x000000008e300000| Untracked 
| 228|0x000000008e400000, 0x000000008e400000, 0x000000008e500000|  0%| F|  |TAMS 0x000000008e400000, 0x000000008e400000| Untracked 
| 229|0x000000008e500000, 0x000000008e500000, 0x000000008e600000|  0%| F|  |TAMS 0x000000008e500000, 0x000000008e500000| Untracked 
| 230|0x000000008e600000, 0x000000008e600000, 0x000000008e700000|  0%| F|  |TAMS 0x000000008e600000, 0x000000008e600000| Untracked 
| 231|0x000000008e700000, 0x000000008e700000, 0x000000008e800000|  0%| F|  |TAMS 0x000000008e700000, 0x000000008e700000| Untracked 
| 232|0x000000008e800000, 0x000000008e800000, 0x000000008e900000|  0%| F|  |TAMS 0x000000008e800000, 0x000000008e800000| Untracked 
| 233|0x000000008e900000, 0x000000008e900000, 0x000000008ea00000|  0%| F|  |TAMS 0x000000008e900000, 0x000000008e900000| Untracked 
| 234|0x000000008ea00000, 0x000000008ea00000, 0x000000008eb00000|  0%| F|  |TAMS 0x000000008ea00000, 0x000000008ea00000| Untracked 
| 235|0x000000008eb00000, 0x000000008eb00000, 0x000000008ec00000|  0%| F|  |TAMS 0x000000008eb00000, 0x000000008eb00000| Untracked 
| 236|0x000000008ec00000, 0x000000008ec00000, 0x000000008ed00000|  0%| F|  |TAMS 0x000000008ec00000, 0x000000008ec00000| Untracked 
| 237|0x000000008ed00000, 0x000000008ed00000, 0x000000008ee00000|  0%| F|  |TAMS 0x000000008ed00000, 0x000000008ed00000| Untracked 
| 238|0x000000008ee00000, 0x000000008ee00000, 0x000000008ef00000|  0%| F|  |TAMS 0x000000008ee00000, 0x000000008ee00000| Untracked 
| 239|0x000000008ef00000, 0x000000008ef00000, 0x000000008f000000|  0%| F|  |TAMS 0x000000008ef00000, 0x000000008ef00000| Untracked 
| 240|0x000000008f000000, 0x000000008f000000, 0x000000008f100000|  0%| F|  |TAMS 0x000000008f000000, 0x000000008f000000| Untracked 
| 241|0x000000008f100000, 0x000000008f100000, 0x000000008f200000|  0%| F|  |TAMS 0x000000008f100000, 0x000000008f100000| Untracked 
| 242|0x000000008f200000, 0x000000008f200000, 0x000000008f300000|  0%| F|  |TAMS 0x000000008f200000, 0x000000008f200000| Untracked 
| 243|0x000000008f300000, 0x000000008f300000, 0x000000008f400000|  0%| F|  |TAMS 0x000000008f300000, 0x000000008f300000| Untracked 
| 244|0x000000008f400000, 0x000000008f400000, 0x000000008f500000|  0%| F|  |TAMS 0x000000008f400000, 0x000000008f400000| Untracked 
| 245|0x000000008f500000, 0x000000008f500000, 0x000000008f600000|  0%| F|  |TAMS 0x000000008f500000, 0x000000008f500000| Untracked 
| 246|0x000000008f600000, 0x000000008f600000, 0x000000008f700000|  0%| F|  |TAMS 0x000000008f600000, 0x000000008f600000| Untracked 
| 247|0x000000008f700000, 0x000000008f700000, 0x000000008f800000|  0%| F|  |TAMS 0x000000008f700000, 0x000000008f700000| Untracked 
| 248|0x000000008f800000, 0x000000008f800000, 0x000000008f900000|  0%| F|  |TAMS 0x000000008f800000, 0x000000008f800000| Untracked 
| 249|0x000000008f900000, 0x000000008f900000, 0x000000008fa00000|  0%| F|  |TAMS 0x000000008f900000, 0x000000008f900000| Untracked 
| 250|0x000000008fa00000, 0x000000008fa00000, 0x000000008fb00000|  0%| F|  |TAMS 0x000000008fa00000, 0x000000008fa00000| Untracked 
| 251|0x000000008fb00000, 0x000000008fb00000, 0x000000008fc00000|  0%| F|  |TAMS 0x000000008fb00000, 0x000000008fb00000| Untracked 
| 252|0x000000008fc00000, 0x000000008fc00000, 0x000000008fd00000|  0%| F|  |TAMS 0x000000008fc00000, 0x000000008fc00000| Untracked 
| 253|0x000000008fd00000, 0x000000008fd00000, 0x000000008fe00000|  0%| F|  |TAMS 0x000000008fd00000, 0x000000008fd00000| Untracked 
| 254|0x000000008fe00000, 0x000000008fe00000, 0x000000008ff00000|  0%| F|  |TAMS 0x000000008fe00000, 0x000000008fe00000| Untracked 
| 255|0x000000008ff00000, 0x000000008ff00000, 0x0000000090000000|  0%| F|  |TAMS 0x000000008ff00000, 0x000000008ff00000| Untracked 
| 256|0x0000000090000000, 0x0000000090000000, 0x0000000090100000|  0%| F|  |TAMS 0x0000000090000000, 0x0000000090000000| Untracked 
| 257|0x0000000090100000, 0x0000000090100000, 0x0000000090200000|  0%| F|  |TAMS 0x0000000090100000, 0x0000000090100000| Untracked 
| 258|0x0000000090200000, 0x0000000090200000, 0x0000000090300000|  0%| F|  |TAMS 0x0000000090200000, 0x0000000090200000| Untracked 
| 259|0x0000000090300000, 0x0000000090300000, 0x0000000090400000|  0%| F|  |TAMS 0x0000000090300000, 0x0000000090300000| Untracked 
| 260|0x0000000090400000, 0x0000000090400000, 0x0000000090500000|  0%| F|  |TAMS 0x0000000090400000, 0x0000000090400000| Untracked 
| 261|0x0000000090500000, 0x0000000090500000, 0x0000000090600000|  0%| F|  |TAMS 0x0000000090500000, 0x0000000090500000| Untracked 
| 262|0x0000000090600000, 0x0000000090600000, 0x0000000090700000|  0%| F|  |TAMS 0x0000000090600000, 0x0000000090600000| Untracked 
| 263|0x0000000090700000, 0x0000000090700000, 0x0000000090800000|  0%| F|  |TAMS 0x0000000090700000, 0x0000000090700000| Untracked 
| 264|0x0000000090800000, 0x0000000090800000, 0x0000000090900000|  0%| F|  |TAMS 0x0000000090800000, 0x0000000090800000| Untracked 
| 265|0x0000000090900000, 0x0000000090900000, 0x0000000090a00000|  0%| F|  |TAMS 0x0000000090900000, 0x0000000090900000| Untracked 
| 266|0x0000000090a00000, 0x0000000090a00000, 0x0000000090b00000|  0%| F|  |TAMS 0x0000000090a00000, 0x0000000090a00000| Untracked 
| 267|0x0000000090b00000, 0x0000000090b00000, 0x0000000090c00000|  0%| F|  |TAMS 0x0000000090b00000, 0x0000000090b00000| Untracked 
| 268|0x0000000090c00000, 0x0000000090c00000, 0x0000000090d00000|  0%| F|  |TAMS 0x0000000090c00000, 0x0000000090c00000| Untracked 
| 269|0x0000000090d00000, 0x0000000090d00000, 0x0000000090e00000|  0%| F|  |TAMS 0x0000000090d00000, 0x0000000090d00000| Untracked 
| 270|0x0000000090e00000, 0x0000000090e00000, 0x0000000090f00000|  0%| F|  |TAMS 0x0000000090e00000, 0x0000000090e00000| Untracked 
| 271|0x0000000090f00000, 0x0000000090f00000, 0x0000000091000000|  0%| F|  |TAMS 0x0000000090f00000, 0x0000000090f00000| Untracked 
| 272|0x0000000091000000, 0x0000000091000000, 0x0000000091100000|  0%| F|  |TAMS 0x0000000091000000, 0x0000000091000000| Untracked 
| 273|0x0000000091100000, 0x0000000091100000, 0x0000000091200000|  0%| F|  |TAMS 0x0000000091100000, 0x0000000091100000| Untracked 
| 274|0x0000000091200000, 0x0000000091200000, 0x0000000091300000|  0%| F|  |TAMS 0x0000000091200000, 0x0000000091200000| Untracked 
| 275|0x0000000091300000, 0x0000000091300000, 0x0000000091400000|  0%| F|  |TAMS 0x0000000091300000, 0x0000000091300000| Untracked 
| 276|0x0000000091400000, 0x0000000091400000, 0x0000000091500000|  0%| F|  |TAMS 0x0000000091400000, 0x0000000091400000| Untracked 
| 277|0x0000000091500000, 0x0000000091500000, 0x0000000091600000|  0%| F|  |TAMS 0x0000000091500000, 0x0000000091500000| Untracked 
| 278|0x0000000091600000, 0x0000000091600000, 0x0000000091700000|  0%| F|  |TAMS 0x0000000091600000, 0x0000000091600000| Untracked 
| 279|0x0000000091700000, 0x000000009170bbb8, 0x0000000091800000|  4%| E|  |TAMS 0x0000000091700000, 0x0000000091700000| Complete 
| 280|0x0000000091800000, 0x0000000091900000, 0x0000000091900000|100%| E|CS|TAMS 0x0000000091800000, 0x0000000091800000| Complete 
| 281|0x0000000091900000, 0x0000000091a00000, 0x0000000091a00000|100%| E|CS|TAMS 0x0000000091900000, 0x0000000091900000| Complete 
| 282|0x0000000091a00000, 0x0000000091b00000, 0x0000000091b00000|100%| E|CS|TAMS 0x0000000091a00000, 0x0000000091a00000| Complete 
| 283|0x0000000091b00000, 0x0000000091c00000, 0x0000000091c00000|100%| E|CS|TAMS 0x0000000091b00000, 0x0000000091b00000| Complete 
| 284|0x0000000091c00000, 0x0000000091d00000, 0x0000000091d00000|100%| E|CS|TAMS 0x0000000091c00000, 0x0000000091c00000| Complete 
| 285|0x0000000091d00000, 0x0000000091e00000, 0x0000000091e00000|100%| E|CS|TAMS 0x0000000091d00000, 0x0000000091d00000| Complete 
| 286|0x0000000091e00000, 0x0000000091f00000, 0x0000000091f00000|100%| E|CS|TAMS 0x0000000091e00000, 0x0000000091e00000| Complete 
| 287|0x0000000091f00000, 0x0000000092000000, 0x0000000092000000|100%| E|CS|TAMS 0x0000000091f00000, 0x0000000091f00000| Complete 
| 288|0x0000000092000000, 0x0000000092100000, 0x0000000092100000|100%| E|CS|TAMS 0x0000000092000000, 0x0000000092000000| Complete 
| 289|0x0000000092100000, 0x0000000092200000, 0x0000000092200000|100%| E|CS|TAMS 0x0000000092100000, 0x0000000092100000| Complete 
| 290|0x0000000092200000, 0x0000000092300000, 0x0000000092300000|100%| E|CS|TAMS 0x0000000092200000, 0x0000000092200000| Complete 
| 291|0x0000000092300000, 0x0000000092400000, 0x0000000092400000|100%| E|CS|TAMS 0x0000000092300000, 0x0000000092300000| Complete 
| 292|0x0000000092400000, 0x0000000092500000, 0x0000000092500000|100%| E|CS|TAMS 0x0000000092400000, 0x0000000092400000| Complete 
| 293|0x0000000092500000, 0x0000000092600000, 0x0000000092600000|100%| E|CS|TAMS 0x0000000092500000, 0x0000000092500000| Complete 
| 294|0x0000000092600000, 0x0000000092700000, 0x0000000092700000|100%| E|CS|TAMS 0x0000000092600000, 0x0000000092600000| Complete 
| 295|0x0000000092700000, 0x0000000092800000, 0x0000000092800000|100%| E|CS|TAMS 0x0000000092700000, 0x0000000092700000| Complete 
| 296|0x0000000092800000, 0x0000000092900000, 0x0000000092900000|100%| E|CS|TAMS 0x0000000092800000, 0x0000000092800000| Complete 
| 297|0x0000000092900000, 0x0000000092a00000, 0x0000000092a00000|100%| E|CS|TAMS 0x0000000092900000, 0x0000000092900000| Complete 
| 298|0x0000000092a00000, 0x0000000092b00000, 0x0000000092b00000|100%| E|CS|TAMS 0x0000000092a00000, 0x0000000092a00000| Complete 
| 299|0x0000000092b00000, 0x0000000092c00000, 0x0000000092c00000|100%| E|CS|TAMS 0x0000000092b00000, 0x0000000092b00000| Complete 
| 300|0x0000000092c00000, 0x0000000092d00000, 0x0000000092d00000|100%| E|CS|TAMS 0x0000000092c00000, 0x0000000092c00000| Complete 
| 301|0x0000000092d00000, 0x0000000092e00000, 0x0000000092e00000|100%| E|CS|TAMS 0x0000000092d00000, 0x0000000092d00000| Complete 
| 302|0x0000000092e00000, 0x0000000092f00000, 0x0000000092f00000|100%| E|CS|TAMS 0x0000000092e00000, 0x0000000092e00000| Complete 
| 303|0x0000000092f00000, 0x0000000093000000, 0x0000000093000000|100%| E|CS|TAMS 0x0000000092f00000, 0x0000000092f00000| Complete 
| 304|0x0000000093000000, 0x0000000093100000, 0x0000000093100000|100%| E|CS|TAMS 0x0000000093000000, 0x0000000093000000| Complete 
| 305|0x0000000093100000, 0x0000000093200000, 0x0000000093200000|100%| E|CS|TAMS 0x0000000093100000, 0x0000000093100000| Complete 
| 306|0x0000000093200000, 0x0000000093300000, 0x0000000093300000|100%| E|CS|TAMS 0x0000000093200000, 0x0000000093200000| Complete 
| 307|0x0000000093300000, 0x0000000093400000, 0x0000000093400000|100%| E|CS|TAMS 0x0000000093300000, 0x0000000093300000| Complete 
| 308|0x0000000093400000, 0x0000000093500000, 0x0000000093500000|100%| E|CS|TAMS 0x0000000093400000, 0x0000000093400000| Complete 
| 309|0x0000000093500000, 0x0000000093600000, 0x0000000093600000|100%| E|CS|TAMS 0x0000000093500000, 0x0000000093500000| Complete 
| 310|0x0000000093600000, 0x0000000093700000, 0x0000000093700000|100%| E|CS|TAMS 0x0000000093600000, 0x0000000093600000| Complete 
| 311|0x0000000093700000, 0x0000000093800000, 0x0000000093800000|100%| E|CS|TAMS 0x0000000093700000, 0x0000000093700000| Complete 
| 312|0x0000000093800000, 0x0000000093900000, 0x0000000093900000|100%| E|CS|TAMS 0x0000000093800000, 0x0000000093800000| Complete 
| 313|0x0000000093900000, 0x0000000093a00000, 0x0000000093a00000|100%| E|CS|TAMS 0x0000000093900000, 0x0000000093900000| Complete 
| 314|0x0000000093a00000, 0x0000000093b00000, 0x0000000093b00000|100%| E|CS|TAMS 0x0000000093a00000, 0x0000000093a00000| Complete 
| 315|0x0000000093b00000, 0x0000000093c00000, 0x0000000093c00000|100%| E|CS|TAMS 0x0000000093b00000, 0x0000000093b00000| Complete 
| 316|0x0000000093c00000, 0x0000000093d00000, 0x0000000093d00000|100%| E|CS|TAMS 0x0000000093c00000, 0x0000000093c00000| Complete 
| 317|0x0000000093d00000, 0x0000000093e00000, 0x0000000093e00000|100%| E|CS|TAMS 0x0000000093d00000, 0x0000000093d00000| Complete 
| 318|0x0000000093e00000, 0x0000000093f00000, 0x0000000093f00000|100%| E|CS|TAMS 0x0000000093e00000, 0x0000000093e00000| Complete 
| 319|0x0000000093f00000, 0x0000000094000000, 0x0000000094000000|100%| E|CS|TAMS 0x0000000093f00000, 0x0000000093f00000| Complete 
| 320|0x0000000094000000, 0x0000000094100000, 0x0000000094100000|100%| E|CS|TAMS 0x0000000094000000, 0x0000000094000000| Complete 
| 337|0x0000000095100000, 0x0000000095200000, 0x0000000095200000|100%| E|CS|TAMS 0x0000000095100000, 0x0000000095100000| Complete 
| 338|0x0000000095200000, 0x0000000095300000, 0x0000000095300000|100%| E|CS|TAMS 0x0000000095200000, 0x0000000095200000| Complete 
| 339|0x0000000095300000, 0x0000000095400000, 0x0000000095400000|100%| E|CS|TAMS 0x0000000095300000, 0x0000000095300000| Complete 

Card table byte_map: [0x000002916fe50000,0x0000029170250000] _byte_map_base: 0x000002916fa50000

Marking Bits (Prev, Next): (CMBitMap*) 0x00000291576b4290, (CMBitMap*) 0x00000291576b42d0
 Prev Bits: [0x0000029170650000, 0x0000029172650000)
 Next Bits: [0x0000029172650000, 0x0000029174650000)

Polling page: 0x0000029157740000

Metaspace:

Usage:
  Non-class:     83.56 MB used.
      Class:     13.43 MB used.
       Both:     96.99 MB used.

Virtual space:
  Non-class space:       88.00 MB reserved,      84.00 MB ( 95%) committed,  11 nodes.
      Class space:      412.00 MB reserved,      13.81 MB (  3%) committed,  1 nodes.
             Both:      500.00 MB reserved,      97.81 MB ( 20%) committed. 

Chunk freelists:
   Non-Class:  3.19 MB
       Class:  2.13 MB
        Both:  5.31 MB

MaxMetaspaceSize: 512.00 MB
CompressedClassSpaceSize: 412.00 MB
Initial GC threshold: 21.00 MB
Current GC threshold: 145.25 MB
CDS: on
MetaspaceReclaimPolicy: balanced
 - commit_granule_bytes: 65536.
 - commit_granule_words: 8192.
 - virtual_space_node_default_size: 1048576.
 - enlarge_chunks_in_place: 1.
 - new_chunks_are_fully_committed: 0.
 - uncommit_free_chunks: 1.
 - use_allocation_guard: 0.
 - handle_deallocations: 1.


Internal statistics:

num_allocs_failed_limit: 6.
num_arena_births: 1100.
num_arena_deaths: 0.
num_vsnodes_births: 12.
num_vsnodes_deaths: 0.
num_space_committed: 1565.
num_space_uncommitted: 0.
num_chunks_returned_to_freelist: 6.
num_chunks_taken_from_freelist: 5156.
num_chunk_merges: 6.
num_chunk_splits: 3396.
num_chunks_enlarged: 2257.
num_purges: 0.
num_inconsistent_stats: 0.

CodeHeap 'non-profiled nmethods': size=120064Kb used=7231Kb max_used=7593Kb free=112832Kb
 bounds [0x0000029168100000, 0x0000029168870000, 0x000002916f640000]
CodeHeap 'profiled nmethods': size=120000Kb used=21388Kb max_used=23747Kb free=98611Kb
 bounds [0x0000029160bd0000, 0x0000029162310000, 0x0000029168100000]
CodeHeap 'non-nmethods': size=5696Kb used=2430Kb max_used=2496Kb free=3265Kb
 bounds [0x0000029160640000, 0x00000291608d0000, 0x0000029160bd0000]
 total_blobs=12084 nmethods=11121 adapters=875
 compilation: enabled
              stopped_count=0, restarted_count=0
 full_count=0

Compilation events (20 events):
Event: 52.755 Thread 0x0000029176a0a9f0 nmethod 13442 0x0000029160e58110 code [0x0000029160e582c0, 0x0000029160e585e8]
Event: 52.756 Thread 0x0000029176a0a9f0 13443       3       java.util.TreeMap::remove (24 bytes)
Event: 52.756 Thread 0x0000029176a0a9f0 nmethod 13443 0x0000029160c79f10 code [0x0000029160c7a0c0, 0x0000029160c7a2b8]
Event: 52.756 Thread 0x0000029176a06320 13444       4       com.google.common.collect.RegularImmutableSortedSet::iterator (8 bytes)
Event: 52.758 Thread 0x0000029176a06320 nmethod 13444 0x00000291681ae810 code [0x00000291681ae9a0, 0x00000291681aebd8]
Event: 52.762 Thread 0x0000029176a0a9f0 13445       3       java.util.TreeSet::remove (22 bytes)
Event: 52.762 Thread 0x0000029176a0a9f0 nmethod 13445 0x0000029161026f10 code [0x00000291610270c0, 0x0000029161027308]
Event: 52.765 Thread 0x0000029176a0a9f0 13446       3       java.io.File::getAbsoluteFile (38 bytes)
Event: 52.766 Thread 0x0000029176a0a9f0 nmethod 13446 0x000002916119b010 code [0x000002916119b200, 0x000002916119b708]
Event: 52.768 Thread 0x0000029176a06320 13447       4       org.gradle.api.internal.artifacts.transform.AttributeMatchingVariantSelector::doSelect (364 bytes)
Event: 52.773 Thread 0x0000029176a0a9f0 13448       3       org.gradle.api.internal.artifacts.transform.TransformedVariant::<init> (15 bytes)
Event: 52.773 Thread 0x0000029176a0a9f0 nmethod 13448 0x0000029160d6d310 code [0x0000029160d6d4c0, 0x0000029160d6d6d8]
Event: 52.773 Thread 0x0000029176a0a9f0 13450       2       org.gradle.api.internal.artifacts.transform.ConsumerProvidedVariantFinder::findTransformedVariants (10 bytes)
Event: 52.773 Thread 0x0000029176a0a9f0 nmethod 13450 0x0000029160be7f90 code [0x0000029160be8120, 0x0000029160be8248]
Event: 52.773 Thread 0x0000029176a0a9f0 13451       2       org.gradle.api.internal.artifacts.transform.ConsumerProvidedVariantFinder$TransformCache::access$000 (7 bytes)
Event: 52.774 Thread 0x0000029176a0a9f0 nmethod 13451 0x0000029160d25e90 code [0x0000029160d26020, 0x0000029160d26128]
Event: 52.774 Thread 0x0000029176a0a9f0 13452       3       org.gradle.api.internal.artifacts.ivyservice.resolveengine.artifact.CompositeResolvedArtifactSet::<init> (10 bytes)
Event: 52.774 Thread 0x0000029176a0a9f0 nmethod 13452 0x0000029160bf7290 code [0x0000029160bf7420, 0x0000029160bf75d8]
Event: 52.777 Thread 0x0000029176a0a9f0 13454       2       org.gradle.internal.snapshot.LargeChildMap::withNode (45 bytes)
Event: 52.778 Thread 0x0000029176a0a9f0 nmethod 13454 0x0000029160c21e90 code [0x0000029160c220c0, 0x0000029160c225d8]

GC Heap History (20 events):
Event: 34.117 GC heap before
{Heap before GC invocations=44 (full 0):
 garbage-first heap   total 162816K, used 126666K [0x0000000080000000, 0x0000000100000000)
  region size 1024K, 38 young (38912K), 1 survivors (1024K)
 Metaspace       used 78357K, committed 79168K, reserved 495616K
  class space    used 10825K, committed 11200K, reserved 421888K
}
Event: 34.122 GC heap after
{Heap after GC invocations=45 (full 0):
 garbage-first heap   total 162816K, used 91583K [0x0000000080000000, 0x0000000100000000)
  region size 1024K, 4 young (4096K), 4 survivors (4096K)
 Metaspace       used 78357K, committed 79168K, reserved 495616K
  class space    used 10825K, committed 11200K, reserved 421888K
}
Event: 35.137 GC heap before
{Heap before GC invocations=46 (full 0):
 garbage-first heap   total 162816K, used 126399K [0x0000000080000000, 0x0000000100000000)
  region size 1024K, 41 young (41984K), 4 survivors (4096K)
 Metaspace       used 81502K, committed 82240K, reserved 495616K
  class space    used 11223K, committed 11584K, reserved 421888K
}
Event: 35.144 GC heap after
{Heap after GC invocations=47 (full 0):
 garbage-first heap   total 162816K, used 89338K [0x0000000080000000, 0x0000000100000000)
  region size 1024K, 2 young (2048K), 2 survivors (2048K)
 Metaspace       used 81502K, committed 82240K, reserved 495616K
  class space    used 11223K, committed 11584K, reserved 421888K
}
Event: 35.247 GC heap before
{Heap before GC invocations=47 (full 0):
 garbage-first heap   total 162816K, used 93434K [0x0000000080000000, 0x0000000100000000)
  region size 1024K, 7 young (7168K), 2 survivors (2048K)
 Metaspace       used 81815K, committed 82560K, reserved 495616K
  class space    used 11260K, committed 11584K, reserved 421888K
}
Event: 35.258 GC heap after
{Heap after GC invocations=48 (full 0):
 garbage-first heap   total 162816K, used 88945K [0x0000000080000000, 0x0000000100000000)
  region size 1024K, 1 young (1024K), 1 survivors (1024K)
 Metaspace       used 81815K, committed 82560K, reserved 495616K
  class space    used 11260K, committed 11584K, reserved 421888K
}
Event: 39.083 GC heap before
{Heap before GC invocations=48 (full 0):
 garbage-first heap   total 162816K, used 129905K [0x0000000080000000, 0x0000000100000000)
  region size 1024K, 41 young (41984K), 1 survivors (1024K)
 Metaspace       used 82332K, committed 83136K, reserved 495616K
  class space    used 11354K, committed 11712K, reserved 421888K
}
Event: 39.096 GC heap after
{Heap after GC invocations=49 (full 0):
 garbage-first heap   total 162816K, used 92418K [0x0000000080000000, 0x0000000100000000)
  region size 1024K, 4 young (4096K), 4 survivors (4096K)
 Metaspace       used 82332K, committed 83136K, reserved 495616K
  class space    used 11354K, committed 11712K, reserved 421888K
}
Event: 39.902 GC heap before
{Heap before GC invocations=50 (full 0):
 garbage-first heap   total 163840K, used 131330K [0x0000000080000000, 0x0000000100000000)
  region size 1024K, 42 young (43008K), 4 survivors (4096K)
 Metaspace       used 84738K, committed 85568K, reserved 495616K
  class space    used 11707K, committed 12096K, reserved 421888K
}
Event: 39.910 GC heap after
{Heap after GC invocations=51 (full 0):
 garbage-first heap   total 163840K, used 94359K [0x0000000080000000, 0x0000000100000000)
  region size 1024K, 2 young (2048K), 2 survivors (2048K)
 Metaspace       used 84738K, committed 85568K, reserved 495616K
  class space    used 11707K, committed 12096K, reserved 421888K
}
Event: 40.024 GC heap before
{Heap before GC invocations=51 (full 0):
 garbage-first heap   total 163840K, used 100503K [0x0000000080000000, 0x0000000100000000)
  region size 1024K, 8 young (8192K), 2 survivors (2048K)
 Metaspace       used 85133K, committed 85888K, reserved 503808K
  class space    used 11744K, committed 12096K, reserved 421888K
}
Event: 40.029 GC heap after
{Heap after GC invocations=52 (full 0):
 garbage-first heap   total 163840K, used 94955K [0x0000000080000000, 0x0000000100000000)
  region size 1024K, 1 young (1024K), 1 survivors (1024K)
 Metaspace       used 85133K, committed 85888K, reserved 503808K
  class space    used 11744K, committed 12096K, reserved 421888K
}
Event: 40.880 GC heap before
{Heap before GC invocations=52 (full 0):
 garbage-first heap   total 163840K, used 134891K [0x0000000080000000, 0x0000000100000000)
  region size 1024K, 40 young (40960K), 1 survivors (1024K)
 Metaspace       used 88231K, committed 89024K, reserved 503808K
  class space    used 12343K, committed 12736K, reserved 421888K
}
Event: 40.886 GC heap after
{Heap after GC invocations=53 (full 0):
 garbage-first heap   total 348160K, used 95942K [0x0000000080000000, 0x0000000100000000)
  region size 1024K, 2 young (2048K), 2 survivors (2048K)
 Metaspace       used 88231K, committed 89024K, reserved 503808K
  class space    used 12343K, committed 12736K, reserved 421888K
}
Event: 47.430 GC heap before
{Heap before GC invocations=54 (full 0):
 garbage-first heap   total 331776K, used 272070K [0x0000000080000000, 0x0000000100000000)
  region size 1024K, 174 young (178176K), 2 survivors (2048K)
 Metaspace       used 98442K, committed 99264K, reserved 512000K
  class space    used 13677K, committed 14080K, reserved 421888K
}
Event: 47.457 GC heap after
{Heap after GC invocations=55 (full 0):
 garbage-first heap   total 331776K, used 107918K [0x0000000080000000, 0x0000000100000000)
  region size 1024K, 14 young (14336K), 14 survivors (14336K)
 Metaspace       used 98442K, committed 99264K, reserved 512000K
  class space    used 13677K, committed 14080K, reserved 421888K
}
Event: 47.564 GC heap before
{Heap before GC invocations=55 (full 0):
 garbage-first heap   total 331776K, used 109966K [0x0000000080000000, 0x0000000100000000)
  region size 1024K, 16 young (16384K), 14 survivors (14336K)
 Metaspace       used 98466K, committed 99264K, reserved 512000K
  class space    used 13677K, committed 14080K, reserved 421888K
}
Event: 47.583 GC heap after
{Heap after GC invocations=56 (full 0):
 garbage-first heap   total 331776K, used 108027K [0x0000000080000000, 0x0000000100000000)
  region size 1024K, 1 young (1024K), 1 survivors (1024K)
 Metaspace       used 98466K, committed 99264K, reserved 512000K
  class space    used 13677K, committed 14080K, reserved 421888K
}
Event: 51.853 GC heap before
{Heap before GC invocations=56 (full 0):
 garbage-first heap   total 331776K, used 270843K [0x0000000080000000, 0x0000000100000000)
  region size 1024K, 145 young (148480K), 1 survivors (1024K)
 Metaspace       used 99190K, committed 100096K, reserved 512000K
  class space    used 13736K, committed 14144K, reserved 421888K
}
Event: 51.878 GC heap after
{Heap after GC invocations=57 (full 0):
 garbage-first heap   total 331776K, used 119291K [0x0000000080000000, 0x0000000100000000)
  region size 1024K, 12 young (12288K), 12 survivors (12288K)
 Metaspace       used 99190K, committed 100096K, reserved 512000K
  class space    used 13736K, committed 14144K, reserved 421888K
}

Deoptimization events (20 events):
Event: 52.737 Thread 0x0000029178f32f80 Uncommon trap: trap_request=0xffffffde fr.pc=0x00000291687669b8 relative=0x0000000000000c38
Event: 52.737 Thread 0x0000029178f32f80 Uncommon trap: reason=class_check action=maybe_recompile pc=0x00000291687669b8 method=org.gradle.api.internal.artifacts.ivyservice.resolveengine.artifact.CompositeResolvedArtifactSet.of(Ljava/util/Collection;)Lorg/gradle/api/internal/artifacts/ivyservice/
Event: 52.737 Thread 0x0000029178f32f80 DEOPT PACKING pc=0x00000291687669b8 sp=0x000000dd6c3fa940
Event: 52.737 Thread 0x0000029178f32f80 DEOPT UNPACKING pc=0x00000291606923a3 sp=0x000000dd6c3fa928 mode 2
Event: 52.741 Thread 0x0000029178f32f80 Uncommon trap: trap_request=0xffffffde fr.pc=0x000002916869c08c relative=0x00000000000005ec
Event: 52.741 Thread 0x0000029178f32f80 Uncommon trap: reason=class_check action=maybe_recompile pc=0x000002916869c08c method=org.gradle.internal.snapshot.LargeChildMap.withNode(Lorg/gradle/internal/snapshot/VfsRelativePath;Lorg/gradle/internal/snapshot/CaseSensitivity;Lorg/gradle/internal/snap
Event: 52.741 Thread 0x0000029178f32f80 DEOPT PACKING pc=0x000002916869c08c sp=0x000000dd6c3fb350
Event: 52.741 Thread 0x0000029178f32f80 DEOPT UNPACKING pc=0x00000291606923a3 sp=0x000000dd6c3fb310 mode 2
Event: 52.761 Thread 0x0000029178f32f80 Uncommon trap: trap_request=0xffffffde fr.pc=0x000002916869c08c relative=0x00000000000005ec
Event: 52.761 Thread 0x0000029178f32f80 Uncommon trap: reason=class_check action=maybe_recompile pc=0x000002916869c08c method=org.gradle.internal.snapshot.LargeChildMap.withNode(Lorg/gradle/internal/snapshot/VfsRelativePath;Lorg/gradle/internal/snapshot/CaseSensitivity;Lorg/gradle/internal/snap
Event: 52.761 Thread 0x0000029178f32f80 DEOPT PACKING pc=0x000002916869c08c sp=0x000000dd6c3fb710
Event: 52.761 Thread 0x0000029178f32f80 DEOPT UNPACKING pc=0x00000291606923a3 sp=0x000000dd6c3fb6d0 mode 2
Event: 52.761 Thread 0x0000029178f32f80 Uncommon trap: trap_request=0xffffffde fr.pc=0x000002916869c08c relative=0x00000000000005ec
Event: 52.761 Thread 0x0000029178f32f80 Uncommon trap: reason=class_check action=maybe_recompile pc=0x000002916869c08c method=org.gradle.internal.snapshot.LargeChildMap.withNode(Lorg/gradle/internal/snapshot/VfsRelativePath;Lorg/gradle/internal/snapshot/CaseSensitivity;Lorg/gradle/internal/snap
Event: 52.761 Thread 0x0000029178f32f80 DEOPT PACKING pc=0x000002916869c08c sp=0x000000dd6c3fb710
Event: 52.761 Thread 0x0000029178f32f80 DEOPT UNPACKING pc=0x00000291606923a3 sp=0x000000dd6c3fb6d0 mode 2
Event: 52.761 Thread 0x0000029178f32f80 Uncommon trap: trap_request=0xffffffc6 fr.pc=0x0000029168472f44 relative=0x0000000000000124
Event: 52.761 Thread 0x0000029178f32f80 Uncommon trap: reason=bimorphic_or_optimized_type_check action=maybe_recompile pc=0x0000029168472f44 method=com.google.common.collect.RegularImmutableMap.checkNoConflictInKeyBucket(Ljava/lang/Object;Ljava/lang/Object;Lcom/google/common/collect/ImmutableMa
Event: 52.761 Thread 0x0000029178f32f80 DEOPT PACKING pc=0x0000029168472f44 sp=0x000000dd6c3fbdd0
Event: 52.761 Thread 0x0000029178f32f80 DEOPT UNPACKING pc=0x00000291606923a3 sp=0x000000dd6c3fbd68 mode 2

Classes unloaded (0 events):
No events

Classes redefined (0 events):
No events

Internal exceptions (20 events):
Event: 45.858 Thread 0x0000029178f32f80 Exception <a 'java/lang/NoSuchMethodError'{0x000000008ade8228}: 'java.lang.Object java.lang.invoke.DirectMethodHandle$Holder.invokeSpecialIFC(java.lang.Object, java.lang.Object, java.lang.Object)'> (0x000000008ade8228) 
thrown [t:\workspace\open\src\hotspot\share\interpreter\linkResolver.cpp, line 766]
Event: 46.143 Thread 0x000002917d79a080 Exception <a 'java/lang/NoSuchMethodError'{0x000000008a501230}: 'void java.lang.invoke.DirectMethodHandle$Holder.invokeVirtual(java.lang.Object, java.lang.Object)'> (0x000000008a501230) 
thrown [t:\workspace\open\src\hotspot\share\interpreter\linkResolver.cpp, line 766]
Event: 47.463 Thread 0x00000291769ed220 Implicit null exception at 0x00000291685708fd to 0x0000029168570f5c
Event: 48.228 Thread 0x0000029178f33920 Exception <a 'java/lang/ClassNotFoundException'{0x0000000092fba168}: groovy/util/FileTreeBuilderBeanInfo> (0x0000000092fba168) 
thrown [t:\workspace\open\src\hotspot\share\classfile\systemDictionary.cpp, line 256]
Event: 48.229 Thread 0x0000029178f33920 Exception <a 'java/lang/ClassNotFoundException'{0x0000000092e1a838}: groovy/util/FileTreeBuilderCustomizer> (0x0000000092e1a838) 
thrown [t:\workspace\open\src\hotspot\share\classfile\systemDictionary.cpp, line 256]
Event: 48.245 Thread 0x0000029178f33920 Exception <a 'java/lang/ClassNotFoundException'{0x0000000092e5d070}: java/io/BufferedWriterBeanInfo> (0x0000000092e5d070) 
thrown [t:\workspace\open\src\hotspot\share\classfile\systemDictionary.cpp, line 256]
Event: 48.245 Thread 0x0000029178f33920 Exception <a 'java/lang/ClassNotFoundException'{0x0000000092e624c8}: java/io/WriterBeanInfo> (0x0000000092e624c8) 
thrown [t:\workspace\open\src\hotspot\share\classfile\systemDictionary.cpp, line 256]
Event: 48.245 Thread 0x0000029178f33920 Exception <a 'java/lang/ClassNotFoundException'{0x0000000092e67940}: java/io/WriterCustomizer> (0x0000000092e67940) 
thrown [t:\workspace\open\src\hotspot\share\classfile\systemDictionary.cpp, line 256]
Event: 48.246 Thread 0x0000029178f33920 Exception <a 'java/lang/ClassNotFoundException'{0x0000000092e75cc8}: java/io/BufferedWriterCustomizer> (0x0000000092e75cc8) 
thrown [t:\workspace\open\src\hotspot\share\classfile\systemDictionary.cpp, line 256]
Event: 48.284 Thread 0x0000029178f33920 Exception <a 'java/lang/NoSuchMethodError'{0x0000000092d4a4e0}: static Lcom/android/build/api/variant/BuildConfigField;.<clinit>()V> (0x0000000092d4a4e0) 
thrown [t:\workspace\open\src\hotspot\share\prims\jni.cpp, line 1107]
Event: 50.895 Thread 0x0000029178f33920 Exception <a 'java/lang/NoSuchMethodError'{0x000000008d8288e0}: static Lcom/android/build/api/variant/impl/ResValueKeyImpl;.<clinit>()V> (0x000000008d8288e0) 
thrown [t:\workspace\open\src\hotspot\share\prims\jni.cpp, line 1107]
Event: 50.896 Thread 0x0000029178f33920 Exception <a 'java/lang/NoSuchMethodError'{0x000000008d835a90}: static Lcom/android/build/api/variant/ResValue;.<clinit>()V> (0x000000008d835a90) 
thrown [t:\workspace\open\src\hotspot\share\prims\jni.cpp, line 1107]
Event: 51.817 Thread 0x0000029178f32f80 Exception <a 'java/lang/NoSuchMethodError'{0x000000008b4f9438}: static Lcom/android/build/gradle/internal/scope/InternalArtifactType;.<clinit>()V> (0x000000008b4f9438) 
thrown [t:\workspace\open\src\hotspot\share\prims\jni.cpp, line 1107]
Event: 51.817 Thread 0x0000029178f32f80 Exception <a 'java/lang/NoSuchMethodError'{0x000000008b4fae20}: static Lcom/android/build/gradle/internal/scope/InternalArtifactType;.<clinit>()V> (0x000000008b4fae20) 
thrown [t:\workspace\open\src\hotspot\share\prims\jni.cpp, line 1107]
Event: 51.817 Thread 0x0000029178f32f80 Exception <a 'java/lang/NoSuchMethodError'{0x000000008b4fe268}: static Lcom/android/build/api/artifact/Artifact$Single;.<clinit>()V> (0x000000008b4fe268) 
thrown [t:\workspace\open\src\hotspot\share\prims\jni.cpp, line 1107]
Event: 51.817 Thread 0x0000029178f32f80 Exception <a 'java/lang/NoSuchMethodError'{0x000000008b35fbc0}: static Ljava/lang/Object;.<clinit>()V> (0x000000008b35fbc0) 
thrown [t:\workspace\open\src\hotspot\share\prims\jni.cpp, line 1107]
Event: 51.818 Thread 0x0000029178f32f80 Exception <a 'java/lang/NoSuchMethodError'{0x000000008b378b60}: static Lcom/android/build/api/artifact/ArtifactKind;.<clinit>()V> (0x000000008b378b60) 
thrown [t:\workspace\open\src\hotspot\share\prims\jni.cpp, line 1107]
Event: 51.818 Thread 0x0000029178f32f80 Exception <a 'java/lang/NoSuchMethodError'{0x000000008b37a270}: static Lcom/android/build/api/artifact/ArtifactKind;.<clinit>()V> (0x000000008b37a270) 
thrown [t:\workspace\open\src\hotspot\share\prims\jni.cpp, line 1107]
Event: 52.711 Thread 0x0000029178f32f80 Exception <a 'java/lang/NoSuchMethodError'{0x00000000921ce728}: static Ljava/lang/Object;.<clinit>()V> (0x00000000921ce728) 
thrown [t:\workspace\open\src\hotspot\share\prims\jni.cpp, line 1107]
Event: 52.763 Thread 0x0000029178f32f80 Exception <a 'sun/nio/fs/WindowsException'{0x0000000091e1e228}> (0x0000000091e1e228) 
thrown [t:\workspace\open\src\hotspot\share\prims\jni.cpp, line 516]

VM Operations (20 events):
Event: 51.205 Executing VM operation: HandshakeAllThreads
Event: 51.205 Executing VM operation: HandshakeAllThreads done
Event: 51.833 Executing VM operation: HandshakeAllThreads
Event: 51.833 Executing VM operation: HandshakeAllThreads done
Event: 51.836 Executing VM operation: HandshakeAllThreads
Event: 51.836 Executing VM operation: HandshakeAllThreads done
Event: 51.838 Executing VM operation: HandshakeAllThreads
Event: 51.838 Executing VM operation: HandshakeAllThreads done
Event: 51.840 Executing VM operation: ICBufferFull
Event: 51.840 Executing VM operation: ICBufferFull done
Event: 51.853 Executing VM operation: G1CollectForAllocation
Event: 51.881 Executing VM operation: G1CollectForAllocation done
Event: 52.130 Executing VM operation: HandshakeAllThreads
Event: 52.130 Executing VM operation: HandshakeAllThreads done
Event: 52.321 Executing VM operation: ICBufferFull
Event: 52.321 Executing VM operation: ICBufferFull done
Event: 52.444 Executing VM operation: HandshakeAllThreads
Event: 52.444 Executing VM operation: HandshakeAllThreads done
Event: 52.737 Executing VM operation: HandshakeAllThreads
Event: 52.737 Executing VM operation: HandshakeAllThreads done

Events (20 events):
Event: 52.757 Thread 0x0000029176a32370 flushing nmethod 0x0000029162074310
Event: 52.757 Thread 0x0000029176a32370 flushing nmethod 0x0000029162088b10
Event: 52.757 Thread 0x0000029176a32370 flushing nmethod 0x0000029162089290
Event: 52.757 Thread 0x0000029176a32370 flushing nmethod 0x000002916208e410
Event: 52.757 Thread 0x0000029176a32370 flushing nmethod 0x000002916209a490
Event: 52.757 Thread 0x0000029176a32370 flushing nmethod 0x000002916209d090
Event: 52.757 Thread 0x0000029176a32370 flushing nmethod 0x00000291620a0b10
Event: 52.757 Thread 0x0000029176a32370 flushing nmethod 0x00000291620ffc10
Event: 52.757 Thread 0x0000029176a32370 flushing nmethod 0x0000029162108010
Event: 52.757 Thread 0x0000029176a32370 flushing nmethod 0x0000029162108c90
Event: 52.757 Thread 0x0000029176a32370 flushing nmethod 0x0000029162108f90
Event: 52.757 Thread 0x0000029176a32370 flushing nmethod 0x0000029162162a10
Event: 52.757 Thread 0x0000029176a32370 flushing nmethod 0x0000029162169190
Event: 52.757 Thread 0x0000029176a32370 flushing nmethod 0x000002916217e290
Event: 52.757 Thread 0x0000029176a32370 flushing nmethod 0x0000029162195890
Event: 52.757 Thread 0x0000029176a32370 flushing nmethod 0x0000029162196d90
Event: 52.757 Thread 0x0000029176a32370 flushing nmethod 0x00000291621a7f10
Event: 52.757 Thread 0x0000029176a32370 flushing nmethod 0x00000291621ae290
Event: 52.757 Thread 0x0000029176a32370 flushing nmethod 0x00000291621b0190
Event: 52.758 Thread 0x0000029176a32370 flushing nmethod 0x0000029162272b90


Dynamic libraries:
0x00007ff756e70000 - 0x00007ff756e80000 	C:\Program Files\Java\jdk-17\bin\java.exe
0x00007ffde7c10000 - 0x00007ffde7e27000 	C:\WINDOWS\SYSTEM32\ntdll.dll
0x00007ffde6930000 - 0x00007ffde69f4000 	C:\WINDOWS\System32\KERNEL32.DLL
0x00007ffde51d0000 - 0x00007ffde5589000 	C:\WINDOWS\System32\KERNELBASE.dll
0x00007ffde5680000 - 0x00007ffde5791000 	C:\WINDOWS\System32\ucrtbase.dll
0x00007ffdd1890000 - 0x00007ffdd18aa000 	C:\Program Files\Java\jdk-17\bin\VCRUNTIME140.dll
0x00007ffdae3b0000 - 0x00007ffdae3c8000 	C:\Program Files\Java\jdk-17\bin\jli.dll
0x00007ffde6390000 - 0x00007ffde6442000 	C:\WINDOWS\System32\ADVAPI32.dll
0x00007ffde72c0000 - 0x00007ffde7367000 	C:\WINDOWS\System32\msvcrt.dll
0x00007ffde62d0000 - 0x00007ffde6377000 	C:\WINDOWS\System32\sechost.dll
0x00007ffde5590000 - 0x00007ffde55b8000 	C:\WINDOWS\System32\bcrypt.dll
0x00007ffde71a0000 - 0x00007ffde72b4000 	C:\WINDOWS\System32\RPCRT4.dll
0x00007ffde6e80000 - 0x00007ffde702e000 	C:\WINDOWS\System32\USER32.dll
0x00007ffde4f90000 - 0x00007ffde4fb6000 	C:\WINDOWS\System32\win32u.dll
0x00007ffde6900000 - 0x00007ffde6929000 	C:\WINDOWS\System32\GDI32.dll
0x00007ffde5810000 - 0x00007ffde592b000 	C:\WINDOWS\System32\gdi32full.dll
0x00007ffde5130000 - 0x00007ffde51ca000 	C:\WINDOWS\System32\msvcp_win.dll
0x00007ffdc6150000 - 0x00007ffdc63e2000 	C:\WINDOWS\WinSxS\amd64_microsoft.windows.common-controls_6595b64144ccf1df_6.0.22621.4391_none_2715d37f73803e96\COMCTL32.dll
0x00007ffddb8e0000 - 0x00007ffddb8ea000 	C:\WINDOWS\SYSTEM32\VERSION.dll
0x00007ffde6710000 - 0x00007ffde6741000 	C:\WINDOWS\System32\IMM32.DLL
0x00007ffdc51f0000 - 0x00007ffdc51fc000 	C:\Program Files\Java\jdk-17\bin\vcruntime140_1.dll
0x00007ffd66a10000 - 0x00007ffd66a9d000 	C:\Program Files\Java\jdk-17\bin\msvcp140.dll
0x00007ffd65e50000 - 0x00007ffd66a0e000 	C:\Program Files\Java\jdk-17\bin\server\jvm.dll
0x00007ffde59b0000 - 0x00007ffde59b8000 	C:\WINDOWS\System32\PSAPI.DLL
0x00007ffdcd500000 - 0x00007ffdcd509000 	C:\WINDOWS\SYSTEM32\WSOCK32.dll
0x00007ffddbe30000 - 0x00007ffddbe64000 	C:\WINDOWS\SYSTEM32\WINMM.dll
0x00007ffde7470000 - 0x00007ffde74e1000 	C:\WINDOWS\System32\WS2_32.dll
0x00007ffde3f50000 - 0x00007ffde3f68000 	C:\WINDOWS\SYSTEM32\kernel.appcore.dll
0x00007ffdc05c0000 - 0x00007ffdc05ca000 	C:\Program Files\Java\jdk-17\bin\jimage.dll
0x00007ffde2a40000 - 0x00007ffde2c72000 	C:\WINDOWS\SYSTEM32\DBGHELP.DLL
0x00007ffde7670000 - 0x00007ffde79ff000 	C:\WINDOWS\System32\combase.dll
0x00007ffde7a90000 - 0x00007ffde7b67000 	C:\WINDOWS\System32\OLEAUT32.dll
0x00007ffdc6070000 - 0x00007ffdc60a2000 	C:\WINDOWS\SYSTEM32\dbgcore.DLL
0x00007ffde4f10000 - 0x00007ffde4f8b000 	C:\WINDOWS\System32\bcryptPrimitives.dll
0x00007ffdba890000 - 0x00007ffdba89e000 	C:\Program Files\Java\jdk-17\bin\instrument.dll
0x00007ffd70240000 - 0x00007ffd70265000 	C:\Program Files\Java\jdk-17\bin\java.dll
0x00007ffd65d70000 - 0x00007ffd65e46000 	C:\Program Files\Java\jdk-17\bin\svml.dll
0x00007ffde59f0000 - 0x00007ffde6266000 	C:\WINDOWS\System32\SHELL32.dll
0x00007ffde2e00000 - 0x00007ffde3703000 	C:\WINDOWS\SYSTEM32\windows.storage.dll
0x00007ffde2cc0000 - 0x00007ffde2dff000 	C:\WINDOWS\SYSTEM32\wintypes.dll
0x00007ffde7370000 - 0x00007ffde7469000 	C:\WINDOWS\System32\SHCORE.dll
0x00007ffde5950000 - 0x00007ffde59ae000 	C:\WINDOWS\System32\shlwapi.dll
0x00007ffde4e40000 - 0x00007ffde4e6b000 	C:\WINDOWS\SYSTEM32\profapi.dll
0x00007ffda7620000 - 0x00007ffda7638000 	C:\Program Files\Java\jdk-17\bin\zip.dll
0x00007ffdaad20000 - 0x00007ffdaad39000 	C:\Program Files\Java\jdk-17\bin\net.dll
0x00007ffddd010000 - 0x00007ffddd146000 	C:\WINDOWS\SYSTEM32\WINHTTP.dll
0x00007ffde43d0000 - 0x00007ffde4439000 	C:\WINDOWS\system32\mswsock.dll
0x00007ffda7bd0000 - 0x00007ffda7be5000 	C:\Program Files\Java\jdk-17\bin\nio.dll
0x00007ffdbf290000 - 0x00007ffdbf2a0000 	C:\Program Files\Java\jdk-17\bin\verify.dll
0x00007ffd700a0000 - 0x00007ffd700c7000 	C:\Users\Joshu\.gradle\native\68d5fa5c4cc2d200863cafc0d521ce42e7d3e7ee720ec0a83991735586a16f82\windows-amd64\native-platform.dll
0x00007ffd65c20000 - 0x00007ffd65d64000 	C:\Users\Joshu\.gradle\native\e376f236ea51e6404a007f0833ffe2c6e607c4080706a723a18a27aeea778392\windows-amd64\native-platform-file-events.dll
0x00007ffdbb8e0000 - 0x00007ffdbb8e9000 	C:\Program Files\Java\jdk-17\bin\management.dll
0x00007ffdbad30000 - 0x00007ffdbad3b000 	C:\Program Files\Java\jdk-17\bin\management_ext.dll
0x00007ffde4630000 - 0x00007ffde464b000 	C:\WINDOWS\SYSTEM32\CRYPTSP.dll
0x00007ffde3eb0000 - 0x00007ffde3ee5000 	C:\WINDOWS\system32\rsaenh.dll
0x00007ffde44c0000 - 0x00007ffde44e8000 	C:\WINDOWS\SYSTEM32\USERENV.dll
0x00007ffde4620000 - 0x00007ffde462c000 	C:\WINDOWS\SYSTEM32\CRYPTBASE.dll
0x00007ffde3a10000 - 0x00007ffde3a3d000 	C:\WINDOWS\SYSTEM32\IPHLPAPI.DLL
0x00007ffde6380000 - 0x00007ffde6389000 	C:\WINDOWS\System32\NSI.dll
0x00007ffdd7fa0000 - 0x00007ffdd7fb9000 	C:\WINDOWS\SYSTEM32\dhcpcsvc6.DLL
0x00007ffdd7e30000 - 0x00007ffdd7e4f000 	C:\WINDOWS\SYSTEM32\dhcpcsvc.DLL
0x00007ffde3a40000 - 0x00007ffde3b42000 	C:\WINDOWS\SYSTEM32\DNSAPI.dll
0x00007ffdb7e40000 - 0x00007ffdb7e4e000 	C:\Program Files\Java\jdk-17\bin\sunmscapi.dll
0x00007ffde4fc0000 - 0x00007ffde5126000 	C:\WINDOWS\System32\CRYPT32.dll
0x00007ffde48d0000 - 0x00007ffde48fd000 	C:\WINDOWS\SYSTEM32\ncrypt.dll
0x00007ffde4890000 - 0x00007ffde48c7000 	C:\WINDOWS\SYSTEM32\NTASN1.dll
0x00007ffdb6b90000 - 0x00007ffdb6b98000 	C:\WINDOWS\system32\wshunix.dll
0x0000000052390000 - 0x00000000523b6000 	C:\Program Files\Bonjour\mdnsNSP.dll
0x00007ffdd91b0000 - 0x00007ffdd91ba000 	C:\Windows\System32\rasadhlp.dll
0x00007ffdd91c0000 - 0x00007ffdd9243000 	C:\WINDOWS\System32\fwpuclnt.dll
0x00007ffd97730000 - 0x00007ffd97747000 	C:\WINDOWS\system32\napinsp.dll
0x00007ffd97710000 - 0x00007ffd9772b000 	C:\WINDOWS\system32\pnrpnsp.dll
0x00007ffd98360000 - 0x00007ffd98371000 	C:\WINDOWS\System32\winrnr.dll
0x00007ffdd9470000 - 0x00007ffdd9485000 	C:\WINDOWS\system32\wshbth.dll
0x00007ffd98330000 - 0x00007ffd98357000 	C:\WINDOWS\system32\nlansp_c.dll

dbghelp: loaded successfully - version: 4.0.5 - missing functions: none
symbol engine: initialized successfully - sym options: 0x614 - pdb path: .;C:\Program Files\Java\jdk-17\bin;C:\WINDOWS\SYSTEM32;C:\WINDOWS\WinSxS\amd64_microsoft.windows.common-controls_6595b64144ccf1df_6.0.22621.4391_none_2715d37f73803e96;C:\Program Files\Java\jdk-17\bin\server;C:\Users\Joshu\.gradle\native\68d5fa5c4cc2d200863cafc0d521ce42e7d3e7ee720ec0a83991735586a16f82\windows-amd64;C:\Users\Joshu\.gradle\native\e376f236ea51e6404a007f0833ffe2c6e607c4080706a723a18a27aeea778392\windows-amd64;C:\Program Files\Bonjour

VM Arguments:
jvm_args: -XX:MaxMetaspaceSize=512m --add-opens=java.base/java.util=ALL-UNNAMED --add-opens=java.base/java.lang=ALL-UNNAMED --add-opens=java.base/java.lang.invoke=ALL-UNNAMED --add-opens=java.prefs/java.util.prefs=ALL-UNNAMED --add-opens=java.base/java.nio.charset=ALL-UNNAMED --add-opens=java.base/java.net=ALL-UNNAMED --add-opens=java.base/java.util.concurrent.atomic=ALL-UNNAMED -Xmx2048m -Dfile.encoding=windows-1252 -Duser.country=ID -Duser.language=en -Duser.variant -javaagent:C:\Users\Joshu\.gradle\wrapper\dists\gradle-8.3-all\6en3ugtfdg5xnpx44z4qbwgas\gradle-8.3\lib\agents\gradle-instrumentation-agent-8.3.jar 
java_command: org.gradle.launcher.daemon.bootstrap.GradleDaemon 8.3
java_class_path (initial): C:\Users\Joshu\.gradle\wrapper\dists\gradle-8.3-all\6en3ugtfdg5xnpx44z4qbwgas\gradle-8.3\lib\gradle-launcher-8.3.jar
Launcher Type: SUN_STANDARD

[Global flags]
     intx CICompilerCount                          = 2                                         {product} {ergonomic}
   size_t CompressedClassSpaceSize                 = 432013312                                 {product} {ergonomic}
     uint ConcGCThreads                            = 1                                         {product} {ergonomic}
     uint G1ConcRefinementThreads                  = 2                                         {product} {ergonomic}
   size_t G1HeapRegionSize                         = 1048576                                   {product} {ergonomic}
    uintx GCDrainStackTargetSize                   = 64                                        {product} {ergonomic}
   size_t InitialHeapSize                          = 98566144                                  {product} {ergonomic}
   size_t MarkStackSize                            = 4194304                                   {product} {ergonomic}
   size_t MaxHeapSize                              = 2147483648                                {product} {command line}
   size_t MaxMetaspaceSize                         = 536870912                                 {product} {command line}
   size_t MaxNewSize                               = 1287651328                                {product} {ergonomic}
   size_t MinHeapDeltaBytes                        = 1048576                                   {product} {ergonomic}
   size_t MinHeapSize                              = 8388608                                   {product} {ergonomic}
    uintx NonNMethodCodeHeapSize                   = 5826188                                {pd product} {ergonomic}
    uintx NonProfiledCodeHeapSize                  = 122916026                              {pd product} {ergonomic}
    uintx ProfiledCodeHeapSize                     = 122916026                              {pd product} {ergonomic}
    uintx ReservedCodeCacheSize                    = 251658240                              {pd product} {ergonomic}
     bool SegmentedCodeCache                       = true                                      {product} {ergonomic}
   size_t SoftMaxHeapSize                          = 2147483648                             {manageable} {ergonomic}
     bool UseCompressedClassPointers               = true                           {product lp64_product} {ergonomic}
     bool UseCompressedOops                        = true                           {product lp64_product} {ergonomic}
     bool UseG1GC                                  = true                                      {product} {ergonomic}
     bool UseLargePagesIndividualAllocation        = false                                  {pd product} {ergonomic}

Logging:
Log output configuration:
 #0: stdout all=warning uptime,level,tags
 #1: stderr all=off uptime,level,tags

Environment Variables:
CLASSPATH=C:\Users\Joshu\AwesomeProject\android\\gradle\wrapper\gradle-wrapper.jar
PATH=C:\Users\Joshu\AwesomeProject\node_modules\.bin;C:\Users\Joshu\node_modules\.bin;C:\Users\node_modules\.bin;C:\node_modules\.bin;C:\Program Files\nodejs\node_modules\npm\node_modules\@npmcli\run-script\lib\node-gyp-bin;C:\Program Files\Common Files\Oracle\Java\javapath;C:\WINDOWS\system32;C:\WINDOWS;C:\WINDOWS\System32\Wbem;C:\WINDOWS\System32\WindowsPowerShell\v1.0\;C:\WINDOWS\System32\OpenSSH\;C:\Program Files\nodejs\;C:\Program Files\Java\jdk-17\bin;D:\Mobile_App_Dev_LocalHost\Android\Sdk\platform-tools;C:\Users\Joshu\AppData\Local\Microsoft\WindowsApps;C:\Users\Joshu\AppData\Roaming\npm;C:\Users\Joshu\AppData\Local\Android\Sdk\platform-tools;D:\Microsoft VS Code\bin
USERNAME=Joshu
OS=Windows_NT
PROCESSOR_IDENTIFIER=AMD64 Family 23 Model 160 Stepping 0, AuthenticAMD



---------------  S Y S T E M  ---------------

OS:
 Windows 10 , 64 bit Build 22621 (10.0.22621.4391)
OS uptime: 3 days 13:34 hours
Hyper-V role detected

CPU: total 2 (initial active 2) (2 cores per cpu, 1 threads per core) family 23 model 160 stepping 0 microcode 0x0, cx8, cmov, fxsr, mmx, 3dnowpref, sse, sse2, sse3, ssse3, sse4a, sse4.1, sse4.2, popcnt, lzcnt, tsc, tscinvbit, avx, avx2, aes, clmul, bmi1, bmi2, adx, sha, fma, vzeroupper, clflush, clflushopt, hv

Memory: 4k page, system-wide physical 5965M (243M free)
TotalPageFile size 19955M (AvailPageFile size 7M)
current process WorkingSet (physical memory assigned to process): 519M, peak: 521M
current process commit charge ("private bytes"): 620M, peak: 622M

vm_info: Java HotSpot(TM) 64-Bit Server VM (17+35-LTS-2724) for windows-amd64 JRE (17+35-LTS-2724), built on Aug  5 2021 23:28:28 by "mach5one" with MS VC++ 16.8 (VS2019)

END.
