#
# There is insufficient memory for the Java Runtime Environment to continue.
# Native memory allocation (malloc) failed to allocate 1027376 bytes for Chunk::new
# Possible reasons:
#   The system is out of physical RAM or swap space
#   The process is running with CompressedOops enabled, and the Java Heap may be blocking the growth of the native heap
# Possible solutions:
#   Reduce memory load on the system
#   Increase physical memory or swap space
#   Check if swap backing store is full
#   Decrease Java heap size (-Xmx/-Xms)
#   Decrease number of Java threads
#   Decrease Java thread stack sizes (-Xss)
#   Set larger code cache with -XX:ReservedCodeCacheSize=
#   JVM is running with Unscaled Compressed Oops mode in which the Java heap is
#     placed in the first 4GB address space. The Java Heap base address is the
#     maximum limit for the native heap growth. Please use -XX:HeapBaseMinAddress
#     to set the Java Heap base and to place the Java Heap above 4GB virtual address.
# This output file may be truncated or incomplete.
#
#  Out of Memory Error (arena.cpp:189), pid=5496, tid=11932
#
# JRE version: Java(TM) SE Runtime Environment (17.0+35) (build 17+35-LTS-2724)
# Java VM: Java HotSpot(TM) 64-Bit Server VM (17+35-LTS-2724, mixed mode, sharing, tiered, compressed oops, compressed class ptrs, g1 gc, windows-amd64)
# No core dump will be written. Minidumps are not enabled by default on client versions of Windows
#

---------------  S U M M A R Y ------------

Command Line: -XX:MaxMetaspaceSize=512m --add-opens=java.base/java.util=ALL-UNNAMED --add-opens=java.base/java.lang=ALL-UNNAMED --add-opens=java.base/java.lang.invoke=ALL-UNNAMED --add-opens=java.prefs/java.util.prefs=ALL-UNNAMED --add-opens=java.base/java.nio.charset=ALL-UNNAMED --add-opens=java.base/java.net=ALL-UNNAMED --add-opens=java.base/java.util.concurrent.atomic=ALL-UNNAMED -Xmx2048m -Dfile.encoding=windows-1252 -Duser.country=ID -Duser.language=en -Duser.variant -javaagent:C:\Users\Joshu\.gradle\wrapper\dists\gradle-8.3-all\6en3ugtfdg5xnpx44z4qbwgas\gradle-8.3\lib\agents\gradle-instrumentation-agent-8.3.jar org.gradle.launcher.daemon.bootstrap.GradleDaemon 8.3

Host: AMD Athlon Silver 7120U with Radeon Graphics   , 2 cores, 5G,  Windows 10 , 64 bit Build 22621 (10.0.22621.4391)
Time: Mon Mar 10 13:48:10 2025 Malay Peninsula Standard Time elapsed time: 44.274146 seconds (0d 0h 0m 44s)

---------------  T H R E A D  ---------------

Current thread (0x000001bb3027be40):  JavaThread "C2 CompilerThread0" daemon [_thread_in_native, id=11932, stack(0x000000abc7800000,0x000000abc7900000)]


Current CompileTask:
C2:  44274 9728       4       sun.reflect.generics.visitor.Reifier::visitClassTypeSignature (381 bytes)

Stack: [0x000000abc7800000,0x000000abc7900000]
Native frames: (J=compiled Java code, j=interpreted, Vv=VM code, C=native code)
V  [jvm.dll+0x66f8ea]
V  [jvm.dll+0x7ce224]
V  [jvm.dll+0x7cf9ce]
V  [jvm.dll+0x7d0033]
V  [jvm.dll+0x242bb5]
V  [jvm.dll+0xaa05b]
V  [jvm.dll+0xaa5ec]
V  [jvm.dll+0x35f9a2]
V  [jvm.dll+0x329f61]
V  [jvm.dll+0x32940a]
V  [jvm.dll+0x215ca1]
V  [jvm.dll+0x2150c1]
V  [jvm.dll+0x1a168d]
V  [jvm.dll+0x2248f8]
V  [jvm.dll+0x222a5c]
V  [jvm.dll+0x78422b]
V  [jvm.dll+0x77e7ea]
V  [jvm.dll+0x66e715]
C  [ucrtbase.dll+0x29333]
C  [KERNEL32.DLL+0x1259d]
C  [ntdll.dll+0x5af38]


---------------  P R O C E S S  ---------------

Threads class SMR info:
_java_thread_list=0x000001bb31c606b0, length=49, elements={
0x000001bb10ef7280, 0x000001bb3025dca0, 0x000001bb3025eb10, 0x000001bb30275f80,
0x000001bb30277b40, 0x000001bb302786f0, 0x000001bb3027b0b0, 0x000001bb3027be40,
0x000001bb302e9b40, 0x000001bb302ee820, 0x000001bb3032dff0, 0x000001bb30dbf620,
0x000001bb326e2be0, 0x000001bb32583370, 0x000001bb3261c1c0, 0x000001bb326c5b10,
0x000001bb3266a7c0, 0x000001bb31f17950, 0x000001bb323f1070, 0x000001bb31d47ed0,
0x000001bb31d483a0, 0x000001bb31d47060, 0x000001bb31d449e0, 0x000001bb31d45850,
0x000001bb31d47a00, 0x000001bb31d466c0, 0x000001bb31d47530, 0x000001bb31d45380,
0x000001bb31d44eb0, 0x000001bb31d45d20, 0x000001bb31d461f0, 0x000001bb31d46b90,
0x000001bb329b7920, 0x000001bb329b8790, 0x000001bb329b6f80, 0x000001bb329b5c40,
0x000001bb329b65e0, 0x000001bb329b6110, 0x000001bb329b9ad0, 0x000001bb329b9fa0,
0x000001bb329b8c60, 0x000001bb329b7df0, 0x000001bb329bc620, 0x000001bb329b9130,
0x000001bb329bb2e0, 0x000001bb329b9600, 0x000001bb329bcaf0, 0x000001bb329b6ab0,
0x000001bb32f0e130
}

Java Threads: ( => current thread )
  0x000001bb10ef7280 JavaThread "main" [_thread_blocked, id=11664, stack(0x000000abc6b00000,0x000000abc6c00000)]
  0x000001bb3025dca0 JavaThread "Reference Handler" daemon [_thread_blocked, id=2060, stack(0x000000abc7200000,0x000000abc7300000)]
  0x000001bb3025eb10 JavaThread "Finalizer" daemon [_thread_blocked, id=25724, stack(0x000000abc7300000,0x000000abc7400000)]
  0x000001bb30275f80 JavaThread "Signal Dispatcher" daemon [_thread_blocked, id=27512, stack(0x000000abc7400000,0x000000abc7500000)]
  0x000001bb30277b40 JavaThread "Attach Listener" daemon [_thread_blocked, id=24152, stack(0x000000abc7500000,0x000000abc7600000)]
  0x000001bb302786f0 JavaThread "Service Thread" daemon [_thread_blocked, id=26360, stack(0x000000abc7600000,0x000000abc7700000)]
  0x000001bb3027b0b0 JavaThread "Monitor Deflation Thread" daemon [_thread_blocked, id=28356, stack(0x000000abc7700000,0x000000abc7800000)]
=>0x000001bb3027be40 JavaThread "C2 CompilerThread0" daemon [_thread_in_native, id=11932, stack(0x000000abc7800000,0x000000abc7900000)]
  0x000001bb302e9b40 JavaThread "C1 CompilerThread0" daemon [_thread_blocked, id=3840, stack(0x000000abc7900000,0x000000abc7a00000)]
  0x000001bb302ee820 JavaThread "Sweeper thread" daemon [_thread_blocked, id=14612, stack(0x000000abc7a00000,0x000000abc7b00000)]
  0x000001bb3032dff0 JavaThread "Common-Cleaner" daemon [_thread_blocked, id=27724, stack(0x000000abc7b00000,0x000000abc7c00000)]
  0x000001bb30dbf620 JavaThread "Notification Thread" daemon [_thread_blocked, id=17424, stack(0x000000abc7c00000,0x000000abc7d00000)]
  0x000001bb326e2be0 JavaThread "Daemon health stats" [_thread_blocked, id=25916, stack(0x000000abc7f00000,0x000000abc8000000)]
  0x000001bb32583370 JavaThread "Incoming local TCP Connector on port 59172" [_thread_in_native, id=3632, stack(0x000000abc8000000,0x000000abc8100000)]
  0x000001bb3261c1c0 JavaThread "Daemon periodic checks" [_thread_blocked, id=2356, stack(0x000000abc8100000,0x000000abc8200000)]
  0x000001bb326c5b10 JavaThread "Daemon" [_thread_blocked, id=25212, stack(0x000000abc8200000,0x000000abc8300000)]
  0x000001bb3266a7c0 JavaThread "Handler for socket connection from /127.0.0.1:59172 to /127.0.0.1:59173" [_thread_in_native, id=27736, stack(0x000000abc8300000,0x000000abc8400000)]
  0x000001bb31f17950 JavaThread "Cancel handler" [_thread_blocked, id=10756, stack(0x000000abc8400000,0x000000abc8500000)]
  0x000001bb323f1070 JavaThread "Daemon worker" [_thread_in_native, id=8892, stack(0x000000abc8500000,0x000000abc8600000)]
  0x000001bb31d47ed0 JavaThread "Asynchronous log dispatcher for DefaultDaemonConnection: socket connection from /127.0.0.1:59172 to /127.0.0.1:59173" [_thread_blocked, id=26728, stack(0x000000abc8600000,0x000000abc8700000)]
  0x000001bb31d483a0 JavaThread "Stdin handler" [_thread_blocked, id=6096, stack(0x000000abc8700000,0x000000abc8800000)]
  0x000001bb31d47060 JavaThread "Daemon client event forwarder" [_thread_blocked, id=25224, stack(0x000000abc8800000,0x000000abc8900000)]
  0x000001bb31d449e0 JavaThread "Cache worker for journal cache (C:\Users\Joshu\.gradle\caches\journal-1)" [_thread_blocked, id=27692, stack(0x000000abc8900000,0x000000abc8a00000)]
  0x000001bb31d45850 JavaThread "File lock request listener" [_thread_in_native, id=21644, stack(0x000000abc8a00000,0x000000abc8b00000)]
  0x000001bb31d47a00 JavaThread "Cache worker for file hash cache (C:\Users\Joshu\.gradle\caches\8.3\fileHashes)" [_thread_blocked, id=10992, stack(0x000000abc8b00000,0x000000abc8c00000)]
  0x000001bb31d466c0 JavaThread "File watcher server" daemon [_thread_in_native, id=16436, stack(0x000000abc8d00000,0x000000abc8e00000)]
  0x000001bb31d47530 JavaThread "File watcher consumer" daemon [_thread_blocked, id=27996, stack(0x000000abc8e00000,0x000000abc8f00000)]
  0x000001bb31d45380 JavaThread "Cache worker for checksums cache (C:\Users\Joshu\AwesomeProject\android\.gradle\8.3\checksums)" [_thread_blocked, id=27892, stack(0x000000abc8f00000,0x000000abc9000000)]
  0x000001bb31d44eb0 JavaThread "Cache worker for file hash cache (C:\Users\Joshu\AwesomeProject\android\.gradle\8.3\fileHashes)" [_thread_blocked, id=16392, stack(0x000000abc9000000,0x000000abc9100000)]
  0x000001bb31d45d20 JavaThread "Cache worker for cache directory md-supplier (C:\Users\Joshu\.gradle\caches\8.3\md-supplier)" [_thread_blocked, id=27784, stack(0x000000abc9100000,0x000000abc9200000)]
  0x000001bb31d461f0 JavaThread "Cache worker for file content cache (C:\Users\Joshu\.gradle\caches\8.3\fileContent)" [_thread_blocked, id=21632, stack(0x000000abc9200000,0x000000abc9300000)]
  0x000001bb31d46b90 JavaThread "Cache worker for cache directory md-rule (C:\Users\Joshu\.gradle\caches\8.3\md-rule)" [_thread_blocked, id=15380, stack(0x000000abc9300000,0x000000abc9400000)]
  0x000001bb329b7920 JavaThread "Cache worker for execution history cache (C:\Users\Joshu\.gradle\caches\8.3\executionHistory)" [_thread_blocked, id=11088, stack(0x000000abc9400000,0x000000abc9500000)]
  0x000001bb329b8790 JavaThread "jar transforms" [_thread_blocked, id=20664, stack(0x000000abc9500000,0x000000abc9600000)]
  0x000001bb329b6f80 JavaThread "jar transforms Thread 2" [_thread_blocked, id=19808, stack(0x000000abc9600000,0x000000abc9700000)]
  0x000001bb329b5c40 JavaThread "Cache worker for kotlin-dsl (C:\Users\Joshu\.gradle\caches\8.3\kotlin-dsl)" [_thread_blocked, id=7520, stack(0x000000abc9700000,0x000000abc9800000)]
  0x000001bb329b65e0 JavaThread "Unconstrained build operations" [_thread_blocked, id=10592, stack(0x000000abc9800000,0x000000abc9900000)]
  0x000001bb329b6110 JavaThread "Cache worker for dependencies-accessors (C:\Users\Joshu\AwesomeProject\android\.gradle\8.3\dependencies-accessors)" [_thread_blocked, id=20852, stack(0x000000abc9900000,0x000000abc9a00000)]
  0x000001bb329b9ad0 JavaThread "Cache worker for Build Output Cleanup Cache (C:\Users\Joshu\AwesomeProject\node_modules\@react-native\gradle-plugin\.gradle\buildOutputCleanup)" [_thread_blocked, id=26400, stack(0x000000abc9a00000,0x000000abc9b00000)]
  0x000001bb329b9fa0 JavaThread "Unconstrained build operations Thread 2" [_thread_blocked, id=10904, stack(0x000000abc9b00000,0x000000abc9c00000)]
  0x000001bb329b8c60 JavaThread "Memory manager" [_thread_blocked, id=2212, stack(0x000000abc9c00000,0x000000abc9d00000)]
  0x000001bb329b7df0 JavaThread "Cache worker for Build Output Cleanup Cache (C:\Users\Joshu\AwesomeProject\android\.gradle\buildOutputCleanup)" [_thread_blocked, id=1492, stack(0x000000abc9d00000,0x000000abc9e00000)]
  0x000001bb329bc620 JavaThread "ForkJoinPool.commonPool-worker-1" daemon [_thread_blocked, id=20496, stack(0x000000abc9e00000,0x000000abc9f00000)]
  0x000001bb329b9130 JavaThread "included builds" [_thread_blocked, id=21524, stack(0x000000abc9f00000,0x000000abca000000)]
  0x000001bb329bb2e0 JavaThread "Execution worker" [_thread_blocked, id=25120, stack(0x000000abca000000,0x000000abca100000)]
  0x000001bb329b9600 JavaThread "Cache worker for execution history cache (C:\Users\Joshu\AwesomeProject\node_modules\@react-native\gradle-plugin\.gradle\8.3\executionHistory)" [_thread_blocked, id=16408, stack(0x000000abca100000,0x000000abca200000)]
  0x000001bb329bcaf0 JavaThread "Unconstrained build operations Thread 3" [_thread_blocked, id=15636, stack(0x000000abca200000,0x000000abca300000)]
  0x000001bb329b6ab0 JavaThread "Unconstrained build operations Thread 4" [_thread_blocked, id=27104, stack(0x000000abca300000,0x000000abca400000)]
  0x000001bb32f0e130 JavaThread "Unconstrained build operations Thread 5" [_thread_blocked, id=11752, stack(0x000000abca400000,0x000000abca500000)]

Other Threads:
  0x000001bb30258d00 VMThread "VM Thread" [stack: 0x000000abc7100000,0x000000abc7200000] [id=26840]
  0x000001bb30260ca0 WatcherThread [stack: 0x000000abc7d00000,0x000000abc7e00000] [id=6908]
  0x000001bb10f34530 GCTaskThread "GC Thread#0" [stack: 0x000000abc6c00000,0x000000abc6d00000] [id=9712]
  0x000001bb30f02070 GCTaskThread "GC Thread#1" [stack: 0x000000abc7e00000,0x000000abc7f00000] [id=9136]
  0x000001bb10f45c80 ConcurrentGCThread "G1 Main Marker" [stack: 0x000000abc6d00000,0x000000abc6e00000] [id=6860]
  0x000001bb10f46aa0 ConcurrentGCThread "G1 Conc#0" [stack: 0x000000abc6e00000,0x000000abc6f00000] [id=28448]
  0x000001bb10fa3e70 ConcurrentGCThread "G1 Refine#0" [stack: 0x000000abc6f00000,0x000000abc7000000] [id=27156]
  0x000001bb322e9030 ConcurrentGCThread "G1 Refine#1" [stack: 0x000000abc8c00000,0x000000abc8d00000] [id=14608]
  0x000001bb10fa4890 ConcurrentGCThread "G1 Service" [stack: 0x000000abc7000000,0x000000abc7100000] [id=3796]

Threads with active compile tasks:
C2 CompilerThread0    44311 9728       4       sun.reflect.generics.visitor.Reifier::visitClassTypeSignature (381 bytes)

VM state: not at safepoint (normal execution)

VM Mutex/Monitor currently owned by a thread: None

Heap address: 0x0000000080000000, size: 2048 MB, Compressed Oops mode: 32-bit

CDS archive(s) mapped at: [0x0000000800000000-0x0000000800bc0000-0x0000000800bc0000), size 12320768, SharedBaseAddress: 0x0000000800000000, ArchiveRelocationMode: 0.
Compressed class space mapped at: 0x0000000800c00000-0x000000081a800000, reserved size: 432013312
Narrow klass base: 0x0000000800000000, Narrow klass shift: 0, Narrow klass range: 0x100000000

GC Precious Log:
 CPUs: 2 total, 2 available
 Memory: 5965M
 Large Page Support: Disabled
 NUMA Support: Disabled
 Compressed Oops: Enabled (32-bit)
 Heap Region Size: 1M
 Heap Min Capacity: 8M
 Heap Initial Capacity: 94M
 Heap Max Capacity: 2G
 Pre-touch: Disabled
 Parallel Workers: 2
 Concurrent Workers: 1
 Concurrent Refinement Workers: 2
 Periodic GC: Disabled

Heap:
 garbage-first heap   total 153600K, used 114090K [0x0000000080000000, 0x0000000100000000)
  region size 1024K, 26 young (26624K), 3 survivors (3072K)
 Metaspace       used 83548K, committed 84288K, reserved 495616K
  class space    used 11752K, committed 12096K, reserved 421888K

Heap Regions: E=young(eden), S=young(survivor), O=old, HS=humongous(starts), HC=humongous(continues), CS=collection set, F=free, OA=open archive, CA=closed archive, TAMS=top-at-mark-start (previous, next)
|   0|0x0000000080000000, 0x0000000080100000, 0x0000000080100000|100%| O|  |TAMS 0x0000000080100000, 0x0000000080000000| Untracked 
|   1|0x0000000080100000, 0x0000000080200000, 0x0000000080200000|100%| O|  |TAMS 0x0000000080100000, 0x0000000080100000| Untracked 
|   2|0x0000000080200000, 0x0000000080300000, 0x0000000080300000|100%|HS|  |TAMS 0x0000000080300000, 0x0000000080200000| Complete 
|   3|0x0000000080300000, 0x0000000080400000, 0x0000000080400000|100%|HC|  |TAMS 0x0000000080400000, 0x0000000080300000| Complete 
|   4|0x0000000080400000, 0x0000000080500000, 0x0000000080500000|100%|HC|  |TAMS 0x0000000080500000, 0x0000000080400000| Complete 
|   5|0x0000000080500000, 0x0000000080600000, 0x0000000080600000|100%|HC|  |TAMS 0x0000000080600000, 0x0000000080500000| Complete 
|   6|0x0000000080600000, 0x0000000080700000, 0x0000000080700000|100%| O|  |TAMS 0x0000000080700000, 0x0000000080600000| Untracked 
|   7|0x0000000080700000, 0x0000000080800000, 0x0000000080800000|100%| O|  |TAMS 0x0000000080800000, 0x0000000080700000| Untracked 
|   8|0x0000000080800000, 0x0000000080900000, 0x0000000080900000|100%| O|  |TAMS 0x0000000080900000, 0x0000000080800000| Untracked 
|   9|0x0000000080900000, 0x0000000080a00000, 0x0000000080a00000|100%| O|  |TAMS 0x0000000080a00000, 0x0000000080900000| Untracked 
|  10|0x0000000080a00000, 0x0000000080b00000, 0x0000000080b00000|100%| O|  |TAMS 0x0000000080b00000, 0x0000000080a00000| Untracked 
|  11|0x0000000080b00000, 0x0000000080c00000, 0x0000000080c00000|100%| O|  |TAMS 0x0000000080c00000, 0x0000000080b00000| Untracked 
|  12|0x0000000080c00000, 0x0000000080d00000, 0x0000000080d00000|100%| O|  |TAMS 0x0000000080d00000, 0x0000000080c00000| Untracked 
|  13|0x0000000080d00000, 0x0000000080e00000, 0x0000000080e00000|100%| O|  |TAMS 0x0000000080e00000, 0x0000000080d00000| Untracked 
|  14|0x0000000080e00000, 0x0000000080f00000, 0x0000000080f00000|100%| O|  |TAMS 0x0000000080f00000, 0x0000000080e00000| Untracked 
|  15|0x0000000080f00000, 0x0000000081000000, 0x0000000081000000|100%| O|  |TAMS 0x0000000081000000, 0x0000000080f00000| Untracked 
|  16|0x0000000081000000, 0x0000000081100000, 0x0000000081100000|100%| O|  |TAMS 0x0000000081100000, 0x0000000081000000| Untracked 
|  17|0x0000000081100000, 0x0000000081200000, 0x0000000081200000|100%| O|  |TAMS 0x0000000081200000, 0x0000000081100000| Untracked 
|  18|0x0000000081200000, 0x0000000081300000, 0x0000000081300000|100%| O|  |TAMS 0x0000000081300000, 0x0000000081200000| Untracked 
|  19|0x0000000081300000, 0x0000000081400000, 0x0000000081400000|100%| O|  |TAMS 0x0000000081400000, 0x0000000081300000| Untracked 
|  20|0x0000000081400000, 0x0000000081500000, 0x0000000081500000|100%| O|  |TAMS 0x0000000081500000, 0x0000000081400000| Untracked 
|  21|0x0000000081500000, 0x0000000081600000, 0x0000000081600000|100%| O|  |TAMS 0x0000000081600000, 0x0000000081500000| Untracked 
|  22|0x0000000081600000, 0x0000000081700000, 0x0000000081700000|100%| O|  |TAMS 0x0000000081700000, 0x0000000081600000| Untracked 
|  23|0x0000000081700000, 0x0000000081800000, 0x0000000081800000|100%| O|  |TAMS 0x0000000081800000, 0x0000000081700000| Untracked 
|  24|0x0000000081800000, 0x0000000081900000, 0x0000000081900000|100%| O|  |TAMS 0x0000000081900000, 0x0000000081800000| Untracked 
|  25|0x0000000081900000, 0x0000000081a00000, 0x0000000081a00000|100%| O|  |TAMS 0x0000000081a00000, 0x0000000081900000| Untracked 
|  26|0x0000000081a00000, 0x0000000081b00000, 0x0000000081b00000|100%| O|  |TAMS 0x0000000081b00000, 0x0000000081a00000| Untracked 
|  27|0x0000000081b00000, 0x0000000081c00000, 0x0000000081c00000|100%| O|  |TAMS 0x0000000081c00000, 0x0000000081b00000| Untracked 
|  28|0x0000000081c00000, 0x0000000081d00000, 0x0000000081d00000|100%| O|  |TAMS 0x0000000081d00000, 0x0000000081c00000| Untracked 
|  29|0x0000000081d00000, 0x0000000081e00000, 0x0000000081e00000|100%|HS|  |TAMS 0x0000000081e00000, 0x0000000081d00000| Complete 
|  30|0x0000000081e00000, 0x0000000081f00000, 0x0000000081f00000|100%|HC|  |TAMS 0x0000000081f00000, 0x0000000081e00000| Complete 
|  31|0x0000000081f00000, 0x0000000082000000, 0x0000000082000000|100%|HS|  |TAMS 0x0000000082000000, 0x0000000081f00000| Complete 
|  32|0x0000000082000000, 0x0000000082100000, 0x0000000082100000|100%|HC|  |TAMS 0x0000000082100000, 0x0000000082000000| Complete 
|  33|0x0000000082100000, 0x0000000082200000, 0x0000000082200000|100%| O|  |TAMS 0x0000000082200000, 0x0000000082100000| Untracked 
|  34|0x0000000082200000, 0x0000000082300000, 0x0000000082300000|100%| O|  |TAMS 0x0000000082300000, 0x0000000082200000| Untracked 
|  35|0x0000000082300000, 0x0000000082400000, 0x0000000082400000|100%| O|  |TAMS 0x0000000082400000, 0x0000000082300000| Untracked 
|  36|0x0000000082400000, 0x0000000082500000, 0x0000000082500000|100%| O|  |TAMS 0x0000000082500000, 0x0000000082400000| Untracked 
|  37|0x0000000082500000, 0x0000000082600000, 0x0000000082600000|100%| O|  |TAMS 0x0000000082600000, 0x0000000082500000| Untracked 
|  38|0x0000000082600000, 0x0000000082700000, 0x0000000082700000|100%| O|  |TAMS 0x0000000082700000, 0x0000000082600000| Untracked 
|  39|0x0000000082700000, 0x0000000082800000, 0x0000000082800000|100%| O|  |TAMS 0x0000000082800000, 0x0000000082700000| Untracked 
|  40|0x0000000082800000, 0x0000000082900000, 0x0000000082900000|100%|HS|  |TAMS 0x0000000082900000, 0x0000000082800000| Complete 
|  41|0x0000000082900000, 0x0000000082a00000, 0x0000000082a00000|100%|HC|  |TAMS 0x0000000082a00000, 0x0000000082900000| Complete 
|  42|0x0000000082a00000, 0x0000000082b00000, 0x0000000082b00000|100%|HC|  |TAMS 0x0000000082b00000, 0x0000000082a00000| Complete 
|  43|0x0000000082b00000, 0x0000000082c00000, 0x0000000082c00000|100%|HC|  |TAMS 0x0000000082c00000, 0x0000000082b00000| Complete 
|  44|0x0000000082c00000, 0x0000000082d00000, 0x0000000082d00000|100%| O|  |TAMS 0x0000000082d00000, 0x0000000082c00000| Untracked 
|  45|0x0000000082d00000, 0x0000000082e00000, 0x0000000082e00000|100%| O|  |TAMS 0x0000000082e00000, 0x0000000082d00000| Untracked 
|  46|0x0000000082e00000, 0x0000000082f00000, 0x0000000082f00000|100%| O|  |TAMS 0x0000000082f00000, 0x0000000082e00000| Untracked 
|  47|0x0000000082f00000, 0x0000000083000000, 0x0000000083000000|100%| O|  |TAMS 0x0000000083000000, 0x0000000082f00000| Untracked 
|  48|0x0000000083000000, 0x0000000083100000, 0x0000000083100000|100%| O|  |TAMS 0x0000000083100000, 0x0000000083000000| Untracked 
|  49|0x0000000083100000, 0x0000000083200000, 0x0000000083200000|100%|HS|  |TAMS 0x0000000083200000, 0x0000000083100000| Complete 
|  50|0x0000000083200000, 0x0000000083300000, 0x0000000083300000|100%|HC|  |TAMS 0x0000000083300000, 0x0000000083200000| Complete 
|  51|0x0000000083300000, 0x0000000083400000, 0x0000000083400000|100%|HC|  |TAMS 0x0000000083400000, 0x0000000083300000| Complete 
|  52|0x0000000083400000, 0x0000000083500000, 0x0000000083500000|100%|HC|  |TAMS 0x0000000083500000, 0x0000000083400000| Complete 
|  53|0x0000000083500000, 0x0000000083600000, 0x0000000083600000|100%| O|  |TAMS 0x0000000083600000, 0x0000000083500000| Untracked 
|  54|0x0000000083600000, 0x0000000083700000, 0x0000000083700000|100%| O|  |TAMS 0x0000000083700000, 0x0000000083600000| Untracked 
|  55|0x0000000083700000, 0x0000000083800000, 0x0000000083800000|100%| O|  |TAMS 0x0000000083800000, 0x0000000083700000| Untracked 
|  56|0x0000000083800000, 0x0000000083900000, 0x0000000083900000|100%| O|  |TAMS 0x0000000083900000, 0x0000000083800000| Untracked 
|  57|0x0000000083900000, 0x0000000083a00000, 0x0000000083a00000|100%| O|  |TAMS 0x0000000083a00000, 0x0000000083900000| Untracked 
|  58|0x0000000083a00000, 0x0000000083b00000, 0x0000000083b00000|100%| O|  |TAMS 0x0000000083b00000, 0x0000000083a00000| Untracked 
|  59|0x0000000083b00000, 0x0000000083c00000, 0x0000000083c00000|100%| O|  |TAMS 0x0000000083c00000, 0x0000000083b00000| Untracked 
|  60|0x0000000083c00000, 0x0000000083d00000, 0x0000000083d00000|100%| O|  |TAMS 0x0000000083d00000, 0x0000000083c00000| Untracked 
|  61|0x0000000083d00000, 0x0000000083e00000, 0x0000000083e00000|100%| O|  |TAMS 0x0000000083e00000, 0x0000000083d00000| Untracked 
|  62|0x0000000083e00000, 0x0000000083f00000, 0x0000000083f00000|100%| O|  |TAMS 0x0000000083f00000, 0x0000000083e00000| Untracked 
|  63|0x0000000083f00000, 0x0000000084000000, 0x0000000084000000|100%|HS|  |TAMS 0x0000000084000000, 0x0000000083f00000| Complete 
|  64|0x0000000084000000, 0x0000000084100000, 0x0000000084100000|100%|HS|  |TAMS 0x0000000084100000, 0x0000000084000000| Complete 
|  65|0x0000000084100000, 0x0000000084200000, 0x0000000084200000|100%|HS|  |TAMS 0x0000000084200000, 0x0000000084100000| Complete 
|  66|0x0000000084200000, 0x0000000084300000, 0x0000000084300000|100%|HS|  |TAMS 0x0000000084300000, 0x0000000084200000| Complete 
|  67|0x0000000084300000, 0x0000000084400000, 0x0000000084400000|100%| O|  |TAMS 0x0000000084400000, 0x0000000084300000| Untracked 
|  68|0x0000000084400000, 0x0000000084500000, 0x0000000084500000|100%| O|  |TAMS 0x0000000084400000, 0x0000000084400000| Untracked 
|  69|0x0000000084500000, 0x0000000084600000, 0x0000000084600000|100%| O|  |TAMS 0x0000000084600000, 0x0000000084500000| Untracked 
|  70|0x0000000084600000, 0x0000000084700000, 0x0000000084700000|100%| O|  |TAMS 0x0000000084700000, 0x0000000084600000| Untracked 
|  71|0x0000000084700000, 0x0000000084800000, 0x0000000084800000|100%| O|  |TAMS 0x0000000084800000, 0x0000000084700000| Untracked 
|  72|0x0000000084800000, 0x0000000084900000, 0x0000000084900000|100%| O|  |TAMS 0x0000000084900000, 0x0000000084800000| Untracked 
|  73|0x0000000084900000, 0x0000000084a00000, 0x0000000084a00000|100%| O|  |TAMS 0x0000000084981a00, 0x0000000084900000| Untracked 
|  74|0x0000000084a00000, 0x0000000084b00000, 0x0000000084b00000|100%| O|  |TAMS 0x0000000084a00000, 0x0000000084a00000| Untracked 
|  75|0x0000000084b00000, 0x0000000084c00000, 0x0000000084c00000|100%| O|  |TAMS 0x0000000084b00000, 0x0000000084b00000| Untracked 
|  76|0x0000000084c00000, 0x0000000084d00000, 0x0000000084d00000|100%| O|  |TAMS 0x0000000084c00000, 0x0000000084c00000| Untracked 
|  77|0x0000000084d00000, 0x0000000084e00000, 0x0000000084e00000|100%| O|  |TAMS 0x0000000084d00000, 0x0000000084d00000| Untracked 
|  78|0x0000000084e00000, 0x0000000084f00000, 0x0000000084f00000|100%| O|  |TAMS 0x0000000084e00000, 0x0000000084e00000| Untracked 
|  79|0x0000000084f00000, 0x0000000085000000, 0x0000000085000000|100%| O|  |TAMS 0x0000000084f00000, 0x0000000084f00000| Untracked 
|  80|0x0000000085000000, 0x0000000085100000, 0x0000000085100000|100%| O|  |TAMS 0x0000000085000000, 0x0000000085000000| Untracked 
|  81|0x0000000085100000, 0x0000000085200000, 0x0000000085200000|100%| O|  |TAMS 0x0000000085100000, 0x0000000085100000| Untracked 
|  82|0x0000000085200000, 0x0000000085300000, 0x0000000085300000|100%| O|  |TAMS 0x0000000085200000, 0x0000000085200000| Untracked 
|  83|0x0000000085300000, 0x0000000085400000, 0x0000000085400000|100%| O|  |TAMS 0x0000000085300000, 0x0000000085300000| Untracked 
|  84|0x0000000085400000, 0x0000000085500000, 0x0000000085500000|100%| O|  |TAMS 0x0000000085400000, 0x0000000085400000| Untracked 
|  85|0x0000000085500000, 0x0000000085600000, 0x0000000085600000|100%| O|  |TAMS 0x0000000085500000, 0x0000000085500000| Untracked 
|  86|0x0000000085600000, 0x000000008566aa00, 0x0000000085700000| 41%| O|  |TAMS 0x0000000085600000, 0x0000000085600000| Untracked 
|  87|0x0000000085700000, 0x0000000085700000, 0x0000000085800000|  0%| F|  |TAMS 0x0000000085700000, 0x0000000085700000| Untracked 
|  88|0x0000000085800000, 0x0000000085800000, 0x0000000085900000|  0%| F|  |TAMS 0x0000000085800000, 0x0000000085800000| Untracked 
|  89|0x0000000085900000, 0x0000000085900000, 0x0000000085a00000|  0%| F|  |TAMS 0x0000000085900000, 0x0000000085900000| Untracked 
|  90|0x0000000085a00000, 0x0000000085a00000, 0x0000000085b00000|  0%| F|  |TAMS 0x0000000085a00000, 0x0000000085a00000| Untracked 
|  91|0x0000000085b00000, 0x0000000085b00000, 0x0000000085c00000|  0%| F|  |TAMS 0x0000000085b00000, 0x0000000085b00000| Untracked 
|  92|0x0000000085c00000, 0x0000000085c00000, 0x0000000085d00000|  0%| F|  |TAMS 0x0000000085c00000, 0x0000000085c00000| Untracked 
|  93|0x0000000085d00000, 0x0000000085d00000, 0x0000000085e00000|  0%| F|  |TAMS 0x0000000085d00000, 0x0000000085d00000| Untracked 
|  94|0x0000000085e00000, 0x0000000085e00000, 0x0000000085f00000|  0%| F|  |TAMS 0x0000000085e00000, 0x0000000085e00000| Untracked 
|  95|0x0000000085f00000, 0x0000000085f00000, 0x0000000086000000|  0%| F|  |TAMS 0x0000000085f00000, 0x0000000085f00000| Untracked 
|  96|0x0000000086000000, 0x0000000086000000, 0x0000000086100000|  0%| F|  |TAMS 0x0000000086000000, 0x0000000086000000| Untracked 
|  97|0x0000000086100000, 0x0000000086100000, 0x0000000086200000|  0%| F|  |TAMS 0x0000000086100000, 0x0000000086100000| Untracked 
|  98|0x0000000086200000, 0x0000000086200000, 0x0000000086300000|  0%| F|  |TAMS 0x0000000086200000, 0x0000000086200000| Untracked 
|  99|0x0000000086300000, 0x0000000086300000, 0x0000000086400000|  0%| F|  |TAMS 0x0000000086300000, 0x0000000086300000| Untracked 
| 100|0x0000000086400000, 0x0000000086400000, 0x0000000086500000|  0%| F|  |TAMS 0x0000000086400000, 0x0000000086400000| Untracked 
| 101|0x0000000086500000, 0x0000000086500000, 0x0000000086600000|  0%| F|  |TAMS 0x0000000086500000, 0x0000000086500000| Untracked 
| 102|0x0000000086600000, 0x0000000086600000, 0x0000000086700000|  0%| F|  |TAMS 0x0000000086600000, 0x0000000086600000| Untracked 
| 103|0x0000000086700000, 0x0000000086700000, 0x0000000086800000|  0%| F|  |TAMS 0x0000000086700000, 0x0000000086700000| Untracked 
| 104|0x0000000086800000, 0x0000000086800000, 0x0000000086900000|  0%| F|  |TAMS 0x0000000086800000, 0x0000000086800000| Untracked 
| 105|0x0000000086900000, 0x0000000086900000, 0x0000000086a00000|  0%| F|  |TAMS 0x0000000086900000, 0x0000000086900000| Untracked 
| 106|0x0000000086a00000, 0x0000000086a00000, 0x0000000086b00000|  0%| F|  |TAMS 0x0000000086a00000, 0x0000000086a00000| Untracked 
| 107|0x0000000086b00000, 0x0000000086b00000, 0x0000000086c00000|  0%| F|  |TAMS 0x0000000086b00000, 0x0000000086b00000| Untracked 
| 108|0x0000000086c00000, 0x0000000086c00000, 0x0000000086d00000|  0%| F|  |TAMS 0x0000000086c00000, 0x0000000086c00000| Untracked 
| 109|0x0000000086d00000, 0x0000000086e00000, 0x0000000086e00000|100%| S|CS|TAMS 0x0000000086d00000, 0x0000000086d00000| Complete 
| 110|0x0000000086e00000, 0x0000000086f00000, 0x0000000086f00000|100%| S|CS|TAMS 0x0000000086e00000, 0x0000000086e00000| Complete 
| 111|0x0000000086f00000, 0x0000000087000000, 0x0000000087000000|100%| S|CS|TAMS 0x0000000086f00000, 0x0000000086f00000| Complete 
| 112|0x0000000087000000, 0x0000000087000000, 0x0000000087100000|  0%| F|  |TAMS 0x0000000087000000, 0x0000000087000000| Untracked 
| 113|0x0000000087100000, 0x0000000087100000, 0x0000000087200000|  0%| F|  |TAMS 0x0000000087100000, 0x0000000087100000| Untracked 
| 114|0x0000000087200000, 0x0000000087200000, 0x0000000087300000|  0%| F|  |TAMS 0x0000000087200000, 0x0000000087200000| Untracked 
| 115|0x0000000087300000, 0x0000000087300000, 0x0000000087400000|  0%| F|  |TAMS 0x0000000087300000, 0x0000000087300000| Untracked 
| 116|0x0000000087400000, 0x0000000087400000, 0x0000000087500000|  0%| F|  |TAMS 0x0000000087400000, 0x0000000087400000| Untracked 
| 117|0x0000000087500000, 0x0000000087500000, 0x0000000087600000|  0%| F|  |TAMS 0x0000000087500000, 0x0000000087500000| Untracked 
| 118|0x0000000087600000, 0x0000000087600000, 0x0000000087700000|  0%| F|  |TAMS 0x0000000087600000, 0x0000000087600000| Untracked 
| 119|0x0000000087700000, 0x0000000087700000, 0x0000000087800000|  0%| F|  |TAMS 0x0000000087700000, 0x0000000087700000| Untracked 
| 120|0x0000000087800000, 0x0000000087800000, 0x0000000087900000|  0%| F|  |TAMS 0x0000000087800000, 0x0000000087800000| Untracked 
| 121|0x0000000087900000, 0x0000000087900000, 0x0000000087a00000|  0%| F|  |TAMS 0x0000000087900000, 0x0000000087900000| Untracked 
| 122|0x0000000087a00000, 0x0000000087a00000, 0x0000000087b00000|  0%| F|  |TAMS 0x0000000087a00000, 0x0000000087a00000| Untracked 
| 123|0x0000000087b00000, 0x0000000087b00000, 0x0000000087c00000|  0%| F|  |TAMS 0x0000000087b00000, 0x0000000087b00000| Untracked 
| 124|0x0000000087c00000, 0x0000000087c00000, 0x0000000087d00000|  0%| F|  |TAMS 0x0000000087c00000, 0x0000000087c00000| Untracked 
| 125|0x0000000087d00000, 0x0000000087d00000, 0x0000000087e00000|  0%| F|  |TAMS 0x0000000087d00000, 0x0000000087d00000| Untracked 
| 126|0x0000000087e00000, 0x0000000087e00000, 0x0000000087f00000|  0%| F|  |TAMS 0x0000000087e00000, 0x0000000087e00000| Untracked 
| 127|0x0000000087f00000, 0x0000000087f84f38, 0x0000000088000000| 51%| E|  |TAMS 0x0000000087f00000, 0x0000000087f00000| Complete 
| 128|0x0000000088000000, 0x0000000088100000, 0x0000000088100000|100%| E|CS|TAMS 0x0000000088000000, 0x0000000088000000| Complete 
| 129|0x0000000088100000, 0x0000000088200000, 0x0000000088200000|100%| E|CS|TAMS 0x0000000088100000, 0x0000000088100000| Complete 
| 130|0x0000000088200000, 0x0000000088300000, 0x0000000088300000|100%| E|CS|TAMS 0x0000000088200000, 0x0000000088200000| Complete 
| 131|0x0000000088300000, 0x0000000088400000, 0x0000000088400000|100%| E|CS|TAMS 0x0000000088300000, 0x0000000088300000| Complete 
| 132|0x0000000088400000, 0x0000000088500000, 0x0000000088500000|100%| E|CS|TAMS 0x0000000088400000, 0x0000000088400000| Complete 
| 133|0x0000000088500000, 0x0000000088600000, 0x0000000088600000|100%| E|CS|TAMS 0x0000000088500000, 0x0000000088500000| Complete 
| 134|0x0000000088600000, 0x0000000088700000, 0x0000000088700000|100%| E|CS|TAMS 0x0000000088600000, 0x0000000088600000| Complete 
| 135|0x0000000088700000, 0x0000000088800000, 0x0000000088800000|100%| E|CS|TAMS 0x0000000088700000, 0x0000000088700000| Complete 
| 136|0x0000000088800000, 0x0000000088900000, 0x0000000088900000|100%| E|CS|TAMS 0x0000000088800000, 0x0000000088800000| Complete 
| 137|0x0000000088900000, 0x0000000088a00000, 0x0000000088a00000|100%| E|CS|TAMS 0x0000000088900000, 0x0000000088900000| Complete 
| 138|0x0000000088a00000, 0x0000000088b00000, 0x0000000088b00000|100%| E|CS|TAMS 0x0000000088a00000, 0x0000000088a00000| Complete 
| 139|0x0000000088b00000, 0x0000000088c00000, 0x0000000088c00000|100%| E|CS|TAMS 0x0000000088b00000, 0x0000000088b00000| Complete 
| 140|0x0000000088c00000, 0x0000000088d00000, 0x0000000088d00000|100%| E|CS|TAMS 0x0000000088c00000, 0x0000000088c00000| Complete 
| 141|0x0000000088d00000, 0x0000000088e00000, 0x0000000088e00000|100%| E|CS|TAMS 0x0000000088d00000, 0x0000000088d00000| Complete 
| 142|0x0000000088e00000, 0x0000000088f00000, 0x0000000088f00000|100%| E|CS|TAMS 0x0000000088e00000, 0x0000000088e00000| Complete 
| 143|0x0000000088f00000, 0x0000000089000000, 0x0000000089000000|100%| E|CS|TAMS 0x0000000088f00000, 0x0000000088f00000| Complete 
| 144|0x0000000089000000, 0x0000000089100000, 0x0000000089100000|100%| E|CS|TAMS 0x0000000089000000, 0x0000000089000000| Complete 
| 145|0x0000000089100000, 0x0000000089200000, 0x0000000089200000|100%| E|CS|TAMS 0x0000000089100000, 0x0000000089100000| Complete 
| 146|0x0000000089200000, 0x0000000089300000, 0x0000000089300000|100%| E|CS|TAMS 0x0000000089200000, 0x0000000089200000| Complete 
| 147|0x0000000089300000, 0x0000000089400000, 0x0000000089400000|100%| E|CS|TAMS 0x0000000089300000, 0x0000000089300000| Complete 
| 148|0x0000000089400000, 0x0000000089500000, 0x0000000089500000|100%| E|CS|TAMS 0x0000000089400000, 0x0000000089400000| Complete 
| 149|0x0000000089500000, 0x0000000089600000, 0x0000000089600000|100%| E|CS|TAMS 0x0000000089500000, 0x0000000089500000| Complete 

Card table byte_map: [0x000001bb296c0000,0x000001bb29ac0000] _byte_map_base: 0x000001bb292c0000

Marking Bits (Prev, Next): (CMBitMap*) 0x000001bb10f34b80, (CMBitMap*) 0x000001bb10f34b40
 Prev Bits: [0x000001bb2bec0000, 0x000001bb2dec0000)
 Next Bits: [0x000001bb29ec0000, 0x000001bb2bec0000)

Polling page: 0x000001bb10d80000

Metaspace:

Usage:
  Non-class:     70.11 MB used.
      Class:     11.48 MB used.
       Both:     81.59 MB used.

Virtual space:
  Non-class space:       72.00 MB reserved,      70.50 MB ( 98%) committed,  9 nodes.
      Class space:      412.00 MB reserved,      11.81 MB (  3%) committed,  1 nodes.
             Both:      484.00 MB reserved,      82.31 MB ( 17%) committed. 

Chunk freelists:
   Non-Class:  1.09 MB
       Class:  231.00 KB
        Both:  1.32 MB

MaxMetaspaceSize: 512.00 MB
CompressedClassSpaceSize: 412.00 MB
Initial GC threshold: 21.00 MB
Current GC threshold: 112.50 MB
CDS: on
MetaspaceReclaimPolicy: balanced
 - commit_granule_bytes: 65536.
 - commit_granule_words: 8192.
 - virtual_space_node_default_size: 1048576.
 - enlarge_chunks_in_place: 1.
 - new_chunks_are_fully_committed: 0.
 - uncommit_free_chunks: 1.
 - use_allocation_guard: 0.
 - handle_deallocations: 1.


Internal statistics:

num_allocs_failed_limit: 6.
num_arena_births: 910.
num_arena_deaths: 0.
num_vsnodes_births: 10.
num_vsnodes_deaths: 0.
num_space_committed: 1317.
num_space_uncommitted: 0.
num_chunks_returned_to_freelist: 6.
num_chunks_taken_from_freelist: 4308.
num_chunk_merges: 6.
num_chunk_splits: 2908.
num_chunks_enlarged: 2012.
num_purges: 0.
num_inconsistent_stats: 0.

CodeHeap 'non-profiled nmethods': size=120064Kb used=4886Kb max_used=5161Kb free=115177Kb
 bounds [0x000001bb21980000, 0x000001bb21e90000, 0x000001bb28ec0000]
CodeHeap 'profiled nmethods': size=120000Kb used=16287Kb max_used=17465Kb free=103712Kb
 bounds [0x000001bb1a450000, 0x000001bb1b560000, 0x000001bb21980000]
CodeHeap 'non-nmethods': size=5696Kb used=2382Kb max_used=2419Kb free=3313Kb
 bounds [0x000001bb19ec0000, 0x000001bb1a130000, 0x000001bb1a450000]
 total_blobs=9217 nmethods=8306 adapters=823
 compilation: enabled
              stopped_count=0, restarted_count=0
 full_count=0

Compilation events (20 events):
Event: 44.131 Thread 0x000001bb302e9b40 nmethod 9722 0x000001bb1a9ead10 code [0x000001bb1a9eaec0, 0x000001bb1a9eb0c8]
Event: 44.140 Thread 0x000001bb3027be40 9723       4       org.objectweb.asm.MethodWriter::putFrame (549 bytes)
Event: 44.158 Thread 0x000001bb3027be40 nmethod 9723 0x000001bb21aac890 code [0x000001bb21aacb00, 0x000001bb21aadb48]
Event: 44.158 Thread 0x000001bb3027be40 9724       4       org.objectweb.asm.MethodWriter::visitLdcInsn (215 bytes)
Event: 44.162 Thread 0x000001bb3027be40 nmethod 9724 0x000001bb21d69a10 code [0x000001bb21d69be0, 0x000001bb21d6a050]
Event: 44.175 Thread 0x000001bb3027be40 9725       4       java.lang.AbstractStringBuilder::putStringAt (12 bytes)
Event: 44.177 Thread 0x000001bb3027be40 nmethod 9725 0x000001bb21abfe90 code [0x000001bb21ac0020, 0x000001bb21ac0348]
Event: 44.197 Thread 0x000001bb302e9b40 9726       1       com.android.build.api.component.impl.ComponentImpl::getServices (5 bytes)
Event: 44.197 Thread 0x000001bb302e9b40 nmethod 9726 0x000001bb21aac510 code [0x000001bb21aac6a0, 0x000001bb21aac778]
Event: 44.204 Thread 0x000001bb302e9b40 9727       3       java.lang.Integer::formatUnsignedInt (40 bytes)
Event: 44.204 Thread 0x000001bb302e9b40 nmethod 9727 0x000001bb1ab05590 code [0x000001bb1ab05740, 0x000001bb1ab05958]
Event: 44.209 Thread 0x000001bb3027be40 9728       4       sun.reflect.generics.visitor.Reifier::visitClassTypeSignature (381 bytes)
Event: 44.224 Thread 0x000001bb302e9b40 9729       3       org.gradle.api.internal.artifacts.configurations.DefaultConfiguration$DefaultResolutionHost::<init> (6 bytes)
Event: 44.225 Thread 0x000001bb302e9b40 nmethod 9729 0x000001bb1ac2fd10 code [0x000001bb1ac2fec0, 0x000001bb1ac300d8]
Event: 44.225 Thread 0x000001bb302e9b40 9730       3       org.gradle.api.internal.artifacts.configurations.DefaultConfiguration$VisitedArtifactsSetProvider::<init> (6 bytes)
Event: 44.225 Thread 0x000001bb302e9b40 nmethod 9730 0x000001bb1ad18690 code [0x000001bb1ad18840, 0x000001bb1ad18a58]
Event: 44.225 Thread 0x000001bb302e9b40 9731       3       org.gradle.api.internal.artifacts.configurations.DefaultConfiguration$SelectedArtifactsProvider::<init> (38 bytes)
Event: 44.225 Thread 0x000001bb302e9b40 nmethod 9731 0x000001bb1acd6990 code [0x000001bb1acd6b40, 0x000001bb1acd6e38]
Event: 44.225 Thread 0x000001bb302e9b40 9732       3       org.gradle.api.internal.artifacts.configurations.ResolutionBackedFileCollection::<init> (22 bytes)
Event: 44.225 Thread 0x000001bb302e9b40 nmethod 9732 0x000001bb1ad07310 code [0x000001bb1ad074e0, 0x000001bb1ad078f8]

GC Heap History (20 events):
Event: 31.885 GC heap before
{Heap before GC invocations=36 (full 0):
 garbage-first heap   total 114688K, used 75071K [0x0000000080000000, 0x0000000100000000)
  region size 1024K, 5 young (5120K), 4 survivors (4096K)
 Metaspace       used 66392K, committed 67136K, reserved 487424K
  class space    used 9373K, committed 9728K, reserved 421888K
}
Event: 31.890 GC heap after
{Heap after GC invocations=37 (full 0):
 garbage-first heap   total 114688K, used 74581K [0x0000000080000000, 0x0000000100000000)
  region size 1024K, 1 young (1024K), 1 survivors (1024K)
 Metaspace       used 66392K, committed 67136K, reserved 487424K
  class space    used 9373K, committed 9728K, reserved 421888K
}
Event: 32.404 GC heap before
{Heap before GC invocations=37 (full 0):
 garbage-first heap   total 114688K, used 94037K [0x0000000080000000, 0x0000000100000000)
  region size 1024K, 21 young (21504K), 1 survivors (1024K)
 Metaspace       used 68420K, committed 69120K, reserved 487424K
  class space    used 9577K, committed 9920K, reserved 421888K
}
Event: 32.408 GC heap after
{Heap after GC invocations=38 (full 0):
 garbage-first heap   total 114688K, used 74840K [0x0000000080000000, 0x0000000100000000)
  region size 1024K, 1 young (1024K), 1 survivors (1024K)
 Metaspace       used 68420K, committed 69120K, reserved 487424K
  class space    used 9577K, committed 9920K, reserved 421888K
}
Event: 33.319 GC heap before
{Heap before GC invocations=39 (full 0):
 garbage-first heap   total 128000K, used 96344K [0x0000000080000000, 0x0000000100000000)
  region size 1024K, 22 young (22528K), 1 survivors (1024K)
 Metaspace       used 70516K, committed 71232K, reserved 487424K
  class space    used 9824K, committed 10176K, reserved 421888K
}
Event: 33.323 GC heap after
{Heap after GC invocations=40 (full 0):
 garbage-first heap   total 128000K, used 78250K [0x0000000080000000, 0x0000000100000000)
  region size 1024K, 3 young (3072K), 3 survivors (3072K)
 Metaspace       used 70516K, committed 71232K, reserved 487424K
  class space    used 9824K, committed 10176K, reserved 421888K
}
Event: 33.326 GC heap before
{Heap before GC invocations=40 (full 0):
 garbage-first heap   total 128000K, used 81322K [0x0000000080000000, 0x0000000100000000)
  region size 1024K, 6 young (6144K), 3 survivors (3072K)
 Metaspace       used 70516K, committed 71232K, reserved 487424K
  class space    used 9824K, committed 10176K, reserved 421888K
}
Event: 33.332 GC heap after
{Heap after GC invocations=41 (full 0):
 garbage-first heap   total 128000K, used 78537K [0x0000000080000000, 0x0000000100000000)
  region size 1024K, 1 young (1024K), 1 survivors (1024K)
 Metaspace       used 70516K, committed 71232K, reserved 487424K
  class space    used 9824K, committed 10176K, reserved 421888K
}
Event: 33.667 GC heap before
{Heap before GC invocations=41 (full 0):
 garbage-first heap   total 128000K, used 108233K [0x0000000080000000, 0x0000000100000000)
  region size 1024K, 26 young (26624K), 1 survivors (1024K)
 Metaspace       used 71319K, committed 72064K, reserved 487424K
  class space    used 9938K, committed 10304K, reserved 421888K
}
Event: 33.671 GC heap after
{Heap after GC invocations=42 (full 0):
 garbage-first heap   total 128000K, used 81562K [0x0000000080000000, 0x0000000100000000)
  region size 1024K, 4 young (4096K), 4 survivors (4096K)
 Metaspace       used 71319K, committed 72064K, reserved 487424K
  class space    used 9938K, committed 10304K, reserved 421888K
}
Event: 34.365 GC heap before
{Heap before GC invocations=42 (full 0):
 garbage-first heap   total 128000K, used 104090K [0x0000000080000000, 0x0000000100000000)
  region size 1024K, 27 young (27648K), 4 survivors (4096K)
 Metaspace       used 73127K, committed 73792K, reserved 487424K
  class space    used 10163K, committed 10496K, reserved 421888K
}
Event: 34.369 GC heap after
{Heap after GC invocations=43 (full 0):
 garbage-first heap   total 153600K, used 83414K [0x0000000080000000, 0x0000000100000000)
  region size 1024K, 2 young (2048K), 2 survivors (2048K)
 Metaspace       used 73127K, committed 73792K, reserved 487424K
  class space    used 10163K, committed 10496K, reserved 421888K
}
Event: 36.019 GC heap before
{Heap before GC invocations=43 (full 0):
 garbage-first heap   total 153600K, used 123350K [0x0000000080000000, 0x0000000100000000)
  region size 1024K, 41 young (41984K), 2 survivors (2048K)
 Metaspace       used 76404K, committed 77056K, reserved 495616K
  class space    used 10578K, committed 10880K, reserved 421888K
}
Event: 36.024 GC heap after
{Heap after GC invocations=44 (full 0):
 garbage-first heap   total 153600K, used 84853K [0x0000000080000000, 0x0000000100000000)
  region size 1024K, 3 young (3072K), 3 survivors (3072K)
 Metaspace       used 76404K, committed 77056K, reserved 495616K
  class space    used 10578K, committed 10880K, reserved 421888K
}
Event: 41.316 GC heap before
{Heap before GC invocations=44 (full 0):
 garbage-first heap   total 153600K, used 124789K [0x0000000080000000, 0x0000000100000000)
  region size 1024K, 42 young (43008K), 3 survivors (3072K)
 Metaspace       used 77010K, committed 77696K, reserved 495616K
  class space    used 10682K, committed 11008K, reserved 421888K
}
Event: 41.325 GC heap after
{Heap after GC invocations=45 (full 0):
 garbage-first heap   total 153600K, used 88470K [0x0000000080000000, 0x0000000100000000)
  region size 1024K, 6 young (6144K), 6 survivors (6144K)
 Metaspace       used 77010K, committed 77696K, reserved 495616K
  class space    used 10682K, committed 11008K, reserved 421888K
}
Event: 42.271 GC heap before
{Heap before GC invocations=45 (full 0):
 garbage-first heap   total 153600K, used 125334K [0x0000000080000000, 0x0000000100000000)
  region size 1024K, 42 young (43008K), 6 survivors (6144K)
 Metaspace       used 79098K, committed 79808K, reserved 495616K
  class space    used 10985K, committed 11328K, reserved 421888K
}
Event: 42.291 GC heap after
{Heap after GC invocations=46 (full 0):
 garbage-first heap   total 153600K, used 90538K [0x0000000080000000, 0x0000000100000000)
  region size 1024K, 2 young (2048K), 2 survivors (2048K)
 Metaspace       used 79098K, committed 79808K, reserved 495616K
  class space    used 10985K, committed 11328K, reserved 421888K
}
Event: 43.515 GC heap before
{Heap before GC invocations=46 (full 0):
 garbage-first heap   total 153600K, used 128426K [0x0000000080000000, 0x0000000100000000)
  region size 1024K, 38 young (38912K), 2 survivors (2048K)
 Metaspace       used 81847K, committed 82560K, reserved 495616K
  class space    used 11490K, committed 11840K, reserved 421888K
}
Event: 43.521 GC heap after
{Heap after GC invocations=47 (full 0):
 garbage-first heap   total 153600K, used 91562K [0x0000000080000000, 0x0000000100000000)
  region size 1024K, 3 young (3072K), 3 survivors (3072K)
 Metaspace       used 81847K, committed 82560K, reserved 495616K
  class space    used 11490K, committed 11840K, reserved 421888K
}

Deoptimization events (20 events):
Event: 43.918 Thread 0x000001bb323f1070 Uncommon trap: trap_request=0xffffff45 fr.pc=0x000001bb21afd3ac relative=0x000000000000018c
Event: 43.918 Thread 0x000001bb323f1070 Uncommon trap: reason=unstable_if action=reinterpret pc=0x000001bb21afd3ac method=kotlin.text.StringsKt__StringsKt.indexOf$default(Ljava/lang/CharSequence;CIZILjava/lang/Object;)I @ 4 c2
Event: 43.918 Thread 0x000001bb323f1070 DEOPT PACKING pc=0x000001bb21afd3ac sp=0x000000abc85f8d40
Event: 43.918 Thread 0x000001bb323f1070 DEOPT UNPACKING pc=0x000001bb19f123a3 sp=0x000000abc85f8cf0 mode 2
Event: 43.945 Thread 0x000001bb323f1070 Uncommon trap: trap_request=0xffffff45 fr.pc=0x000001bb21c6e1ac relative=0x000000000000026c
Event: 43.945 Thread 0x000001bb323f1070 Uncommon trap: reason=unstable_if action=reinterpret pc=0x000001bb21c6e1ac method=java.io.WinNTFileSystem.prefixLength(Ljava/lang/String;)I @ 11 c2
Event: 43.945 Thread 0x000001bb323f1070 DEOPT PACKING pc=0x000001bb21c6e1ac sp=0x000000abc85f8cc0
Event: 43.945 Thread 0x000001bb323f1070 DEOPT UNPACKING pc=0x000001bb19f123a3 sp=0x000000abc85f8c40 mode 2
Event: 43.971 Thread 0x000001bb323f1070 Uncommon trap: trap_request=0xffffff76 fr.pc=0x000001bb21d93ca8 relative=0x0000000000000088
Event: 43.972 Thread 0x000001bb323f1070 Uncommon trap: reason=predicate action=maybe_recompile pc=0x000001bb21d93ca8 method=java.util.TimSort.binarySort([Ljava/lang/Object;IIILjava/util/Comparator;)V @ 34 c2
Event: 43.972 Thread 0x000001bb323f1070 DEOPT PACKING pc=0x000001bb21d93ca8 sp=0x000000abc85f8970
Event: 43.972 Thread 0x000001bb323f1070 DEOPT UNPACKING pc=0x000001bb19f123a3 sp=0x000000abc85f8920 mode 2
Event: 43.973 Thread 0x000001bb323f1070 Uncommon trap: trap_request=0xffffffde fr.pc=0x000001bb21b18194 relative=0x0000000000000494
Event: 43.973 Thread 0x000001bb323f1070 Uncommon trap: reason=class_check action=maybe_recompile pc=0x000001bb21b18194 method=org.gradle.internal.instantiation.generator.AbstractClassGenerator$InjectionAnnotationValidator.validateMethod(Ljava/lang/reflect/Method;Lorg/gradle/internal/reflect/Pro
Event: 43.973 Thread 0x000001bb323f1070 DEOPT PACKING pc=0x000001bb21b18194 sp=0x000000abc85f8450
Event: 43.973 Thread 0x000001bb323f1070 DEOPT UNPACKING pc=0x000001bb19f123a3 sp=0x000000abc85f83f8 mode 2
Event: 43.978 Thread 0x000001bb323f1070 Uncommon trap: trap_request=0xffffffde fr.pc=0x000001bb21b18194 relative=0x0000000000000494
Event: 43.978 Thread 0x000001bb323f1070 Uncommon trap: reason=class_check action=maybe_recompile pc=0x000001bb21b18194 method=org.gradle.internal.instantiation.generator.AbstractClassGenerator$InjectionAnnotationValidator.validateMethod(Ljava/lang/reflect/Method;Lorg/gradle/internal/reflect/Pro
Event: 43.978 Thread 0x000001bb323f1070 DEOPT PACKING pc=0x000001bb21b18194 sp=0x000000abc85f83c0
Event: 43.978 Thread 0x000001bb323f1070 DEOPT UNPACKING pc=0x000001bb19f123a3 sp=0x000000abc85f8368 mode 2

Classes unloaded (0 events):
No events

Classes redefined (0 events):
No events

Internal exceptions (20 events):
Event: 41.330 Thread 0x000001bb323f1070 Exception <a 'java/lang/ClassNotFoundException'{0x000000008957be20}: org/gradle/api/internal/AbstractTaskCustomizer> (0x000000008957be20) 
thrown [t:\workspace\open\src\hotspot\share\classfile\systemDictionary.cpp, line 256]
Event: 41.337 Thread 0x000001bb323f1070 Exception <a 'java/lang/ClassNotFoundException'{0x00000000895e2f98}: org/gradle/api/DefaultTaskCustomizer> (0x00000000895e2f98) 
thrown [t:\workspace\open\src\hotspot\share\classfile\systemDictionary.cpp, line 256]
Event: 41.342 Thread 0x000001bb323f1070 Exception <a 'java/lang/ClassNotFoundException'{0x0000000089454e28}: org/gradle/api/DefaultTask_DecoratedCustomizer> (0x0000000089454e28) 
thrown [t:\workspace\open\src\hotspot\share\classfile\systemDictionary.cpp, line 256]
Event: 41.379 Thread 0x000001bb323f1070 Exception <a 'java/lang/ClassNotFoundException'{0x0000000089170f28}: org/codehaus/groovy/runtime/NullObjectBeanInfo> (0x0000000089170f28) 
thrown [t:\workspace\open\src\hotspot\share\classfile\systemDictionary.cpp, line 256]
Event: 41.384 Thread 0x000001bb323f1070 Exception <a 'java/lang/ClassNotFoundException'{0x0000000088e12258}: org/codehaus/groovy/runtime/NullObjectCustomizer> (0x0000000088e12258) 
thrown [t:\workspace\open\src\hotspot\share\classfile\systemDictionary.cpp, line 256]
Event: 41.392 Thread 0x000001bb323f1070 Exception <a 'java/lang/ClassNotFoundException'{0x0000000088e31600}: java/util/regex/MatcherBeanInfo> (0x0000000088e31600) 
thrown [t:\workspace\open\src\hotspot\share\classfile\systemDictionary.cpp, line 256]
Event: 41.392 Thread 0x000001bb323f1070 Exception <a 'java/lang/ClassNotFoundException'{0x0000000088e38960}: java/util/regex/MatcherCustomizer> (0x0000000088e38960) 
thrown [t:\workspace\open\src\hotspot\share\classfile\systemDictionary.cpp, line 256]
Event: 41.405 Thread 0x000001bb323f1070 Exception <a 'java/lang/ClassNotFoundException'{0x0000000088ed7cb0}: com/android/build/gradle/internal/api/DefaultAndroidSourceSet_DecoratedBeanInfo> (0x0000000088ed7cb0) 
thrown [t:\workspace\open\src\hotspot\share\classfile\systemDictionary.cpp, line 256]
Event: 41.405 Thread 0x000001bb323f1070 Exception <a 'java/lang/ClassNotFoundException'{0x0000000088ee6108}: com/android/build/gradle/internal/api/DefaultAndroidSourceSetBeanInfo> (0x0000000088ee6108) 
thrown [t:\workspace\open\src\hotspot\share\classfile\systemDictionary.cpp, line 256]
Event: 41.406 Thread 0x000001bb323f1070 Exception <a 'java/lang/ClassNotFoundException'{0x0000000088ef3dc0}: com/android/build/gradle/internal/api/DefaultAndroidSourceSetCustomizer> (0x0000000088ef3dc0) 
thrown [t:\workspace\open\src\hotspot\share\classfile\systemDictionary.cpp, line 256]
Event: 41.408 Thread 0x000001bb323f1070 Exception <a 'java/lang/ClassNotFoundException'{0x0000000088d5cc90}: com/android/build/gradle/internal/api/DefaultAndroidSourceSet_DecoratedCustomizer> (0x0000000088d5cc90) 
thrown [t:\workspace\open\src\hotspot\share\classfile\systemDictionary.cpp, line 256]
Event: 41.419 Thread 0x000001bb323f1070 Exception <a 'java/lang/ClassNotFoundException'{0x0000000088df8cd0}: com/android/build/gradle/internal/api/DefaultAndroidSourceDirectorySetBeanInfo> (0x0000000088df8cd0) 
thrown [t:\workspace\open\src\hotspot\share\classfile\systemDictionary.cpp, line 256]
Event: 41.419 Thread 0x000001bb323f1070 Exception <a 'java/lang/ClassNotFoundException'{0x0000000088c07fd0}: com/android/build/gradle/internal/api/DefaultAndroidSourceDirectorySetCustomizer> (0x0000000088c07fd0) 
thrown [t:\workspace\open\src\hotspot\share\classfile\systemDictionary.cpp, line 256]
Event: 41.423 Thread 0x000001bb323f1070 Exception <a 'java/lang/ClassNotFoundException'{0x0000000088b1fe68}: com/google/common/collect/SingletonImmutableSetBeanInfo> (0x0000000088b1fe68) 
thrown [t:\workspace\open\src\hotspot\share\classfile\systemDictionary.cpp, line 256]
Event: 41.423 Thread 0x000001bb323f1070 Exception <a 'java/lang/ClassNotFoundException'{0x0000000088b2e718}: com/google/common/collect/ImmutableSetBeanInfo> (0x0000000088b2e718) 
thrown [t:\workspace\open\src\hotspot\share\classfile\systemDictionary.cpp, line 256]
Event: 41.424 Thread 0x000001bb323f1070 Exception <a 'java/lang/ClassNotFoundException'{0x0000000088b3d098}: com/google/common/collect/ImmutableCollectionBeanInfo> (0x0000000088b3d098) 
thrown [t:\workspace\open\src\hotspot\share\classfile\systemDictionary.cpp, line 256]
Event: 41.424 Thread 0x000001bb323f1070 Exception <a 'java/lang/ClassNotFoundException'{0x0000000088b4ba88}: com/google/common/collect/ImmutableCollectionCustomizer> (0x0000000088b4ba88) 
thrown [t:\workspace\open\src\hotspot\share\classfile\systemDictionary.cpp, line 256]
Event: 41.572 Thread 0x000001bb323f1070 Exception <a 'java/lang/ClassNotFoundException'{0x0000000088b9f5e0}: com/google/common/collect/ImmutableSetCustomizer> (0x0000000088b9f5e0) 
thrown [t:\workspace\open\src\hotspot\share\classfile\systemDictionary.cpp, line 256]
Event: 41.573 Thread 0x000001bb323f1070 Exception <a 'java/lang/ClassNotFoundException'{0x0000000088bc6a50}: com/google/common/collect/SingletonImmutableSetCustomizer> (0x0000000088bc6a50) 
thrown [t:\workspace\open\src\hotspot\share\classfile\systemDictionary.cpp, line 256]
Event: 43.839 Thread 0x000001bb323f1070 Exception <a 'java/lang/NoSuchMethodError'{0x0000000088c55be0}: 'int java.lang.invoke.DirectMethodHandle$Holder.invokeSpecialIFC(java.lang.Object, java.lang.Object, java.lang.Object, java.lang.Object, java.lang.Object)'> (0x0000000088c55be0) 
thrown [t:\workspace\open\src\hotspot\share\interpreter\linkResolver.cpp, line 766]

VM Operations (20 events):
Event: 42.734 Executing VM operation: ICBufferFull
Event: 42.734 Executing VM operation: ICBufferFull done
Event: 42.734 Executing VM operation: ICBufferFull
Event: 42.734 Executing VM operation: ICBufferFull done
Event: 42.828 Executing VM operation: ICBufferFull
Event: 42.828 Executing VM operation: ICBufferFull done
Event: 42.829 Executing VM operation: ICBufferFull
Event: 42.829 Executing VM operation: ICBufferFull done
Event: 42.829 Executing VM operation: ICBufferFull
Event: 42.830 Executing VM operation: ICBufferFull done
Event: 42.830 Executing VM operation: ICBufferFull
Event: 42.830 Executing VM operation: ICBufferFull done
Event: 42.831 Executing VM operation: ICBufferFull
Event: 42.831 Executing VM operation: ICBufferFull done
Event: 42.831 Executing VM operation: ICBufferFull
Event: 42.831 Executing VM operation: ICBufferFull done
Event: 42.832 Executing VM operation: ICBufferFull
Event: 42.832 Executing VM operation: ICBufferFull done
Event: 43.515 Executing VM operation: G1CollectForAllocation
Event: 43.521 Executing VM operation: G1CollectForAllocation done

Events (20 events):
Event: 41.391 loading class java/util/regex/MatcherBeanInfo
Event: 41.391 loading class java/util/regex/MatcherBeanInfo done
Event: 41.392 loading class java/util/regex/MatcherBeanInfo
Event: 41.392 loading class java/util/regex/MatcherBeanInfo done
Event: 41.392 loading class java/util/regex/MatcherCustomizer
Event: 41.392 loading class java/util/regex/MatcherCustomizer done
Event: 41.392 loading class java/util/regex/MatcherCustomizer
Event: 41.392 loading class java/util/regex/MatcherCustomizer done
Event: 41.686 loading class java/util/concurrent/atomic/AtomicIntegerArray
Event: 41.696 loading class java/util/concurrent/atomic/AtomicIntegerArray done
Event: 41.698 loading class java/util/Currency
Event: 41.699 loading class java/util/Currency done
Event: 41.730 loading class java/util/concurrent/atomic/AtomicLongArray
Event: 41.731 loading class java/util/concurrent/atomic/AtomicLongArray done
Event: 41.839 loading class jdk/internal/vm/annotation/ForceInline
Event: 41.840 loading class jdk/internal/vm/annotation/ForceInline done
Event: 42.531 loading class sun/reflect/generics/repository/FieldRepository
Event: 42.531 loading class sun/reflect/generics/repository/FieldRepository done
Event: 42.648 loading class java/util/regex/Pattern$Caret
Event: 42.658 loading class java/util/regex/Pattern$Caret done


Dynamic libraries:
0x00007ff64aec0000 - 0x00007ff64aed0000 	C:\Program Files\Java\jdk-17\bin\java.exe
0x00007ff993cf0000 - 0x00007ff993f07000 	C:\WINDOWS\SYSTEM32\ntdll.dll
0x00007ff991cb0000 - 0x00007ff991d74000 	C:\WINDOWS\System32\KERNEL32.DLL
0x00007ff990ff0000 - 0x00007ff9913a9000 	C:\WINDOWS\System32\KERNELBASE.dll
0x00007ff991620000 - 0x00007ff991731000 	C:\WINDOWS\System32\ucrtbase.dll
0x00007ff97b2d0000 - 0x00007ff97b2ea000 	C:\Program Files\Java\jdk-17\bin\VCRUNTIME140.dll
0x00007ff97ccf0000 - 0x00007ff97cd08000 	C:\Program Files\Java\jdk-17\bin\jli.dll
0x00007ff991a10000 - 0x00007ff991ac2000 	C:\WINDOWS\System32\ADVAPI32.dll
0x00007ff993a40000 - 0x00007ff993ae7000 	C:\WINDOWS\System32\msvcrt.dll
0x00007ff992e30000 - 0x00007ff992ed7000 	C:\WINDOWS\System32\sechost.dll
0x00007ff9915f0000 - 0x00007ff991618000 	C:\WINDOWS\System32\bcrypt.dll
0x00007ff9930a0000 - 0x00007ff9931b4000 	C:\WINDOWS\System32\RPCRT4.dll
0x00007ff9928d0000 - 0x00007ff992a7e000 	C:\WINDOWS\System32\USER32.dll
0x00007ff9915c0000 - 0x00007ff9915e6000 	C:\WINDOWS\System32\win32u.dll
0x00007ff992510000 - 0x00007ff992539000 	C:\WINDOWS\System32\GDI32.dll
0x00007ff9917b0000 - 0x00007ff9918cb000 	C:\WINDOWS\System32\gdi32full.dll
0x00007ff9913b0000 - 0x00007ff99144a000 	C:\WINDOWS\System32\msvcp_win.dll
0x00007ff975650000 - 0x00007ff9758e2000 	C:\WINDOWS\WinSxS\amd64_microsoft.windows.common-controls_6595b64144ccf1df_6.0.22621.4391_none_2715d37f73803e96\COMCTL32.dll
0x00007ff987740000 - 0x00007ff98774a000 	C:\WINDOWS\SYSTEM32\VERSION.dll
0x00007ff993060000 - 0x00007ff993091000 	C:\WINDOWS\System32\IMM32.DLL
0x00007ff97da80000 - 0x00007ff97da8c000 	C:\Program Files\Java\jdk-17\bin\vcruntime140_1.dll
0x00007ff962c90000 - 0x00007ff962d1d000 	C:\Program Files\Java\jdk-17\bin\msvcp140.dll
0x00007ff91de80000 - 0x00007ff91ea3e000 	C:\Program Files\Java\jdk-17\bin\server\jvm.dll
0x00007ff993050000 - 0x00007ff993058000 	C:\WINDOWS\System32\PSAPI.DLL
0x00007ff979da0000 - 0x00007ff979da9000 	C:\WINDOWS\SYSTEM32\WSOCK32.dll
0x00007ff992200000 - 0x00007ff992271000 	C:\WINDOWS\System32\WS2_32.dll
0x00007ff987e80000 - 0x00007ff987eb4000 	C:\WINDOWS\SYSTEM32\WINMM.dll
0x00007ff990010000 - 0x00007ff990028000 	C:\WINDOWS\SYSTEM32\kernel.appcore.dll
0x00007ff97d760000 - 0x00007ff97d76a000 	C:\Program Files\Java\jdk-17\bin\jimage.dll
0x00007ff98eb20000 - 0x00007ff98ed52000 	C:\WINDOWS\SYSTEM32\DBGHELP.DLL
0x00007ff992540000 - 0x00007ff9928cf000 	C:\WINDOWS\System32\combase.dll
0x00007ff991ad0000 - 0x00007ff991ba7000 	C:\WINDOWS\System32\OLEAUT32.dll
0x00007ff9723e0000 - 0x00007ff972412000 	C:\WINDOWS\SYSTEM32\dbgcore.DLL
0x00007ff9918d0000 - 0x00007ff99194b000 	C:\WINDOWS\System32\bcryptPrimitives.dll
0x00007ff9754b0000 - 0x00007ff9754be000 	C:\Program Files\Java\jdk-17\bin\instrument.dll
0x00007ff9755a0000 - 0x00007ff9755c5000 	C:\Program Files\Java\jdk-17\bin\java.dll
0x00007ff9546f0000 - 0x00007ff9547c6000 	C:\Program Files\Java\jdk-17\bin\svml.dll
0x00007ff9931c0000 - 0x00007ff993a36000 	C:\WINDOWS\System32\SHELL32.dll
0x00007ff98eee0000 - 0x00007ff98f7e3000 	C:\WINDOWS\SYSTEM32\windows.storage.dll
0x00007ff98eda0000 - 0x00007ff98eedf000 	C:\WINDOWS\SYSTEM32\wintypes.dll
0x00007ff991bb0000 - 0x00007ff991ca9000 	C:\WINDOWS\System32\SHCORE.dll
0x00007ff992c50000 - 0x00007ff992cae000 	C:\WINDOWS\System32\shlwapi.dll
0x00007ff990f20000 - 0x00007ff990f4b000 	C:\WINDOWS\SYSTEM32\profapi.dll
0x00007ff9754f0000 - 0x00007ff975508000 	C:\Program Files\Java\jdk-17\bin\zip.dll
0x00007ff97b2b0000 - 0x00007ff97b2c9000 	C:\Program Files\Java\jdk-17\bin\net.dll
0x00007ff989010000 - 0x00007ff989146000 	C:\WINDOWS\SYSTEM32\WINHTTP.dll
0x00007ff9904b0000 - 0x00007ff990519000 	C:\WINDOWS\system32\mswsock.dll
0x00007ff975550000 - 0x00007ff975565000 	C:\Program Files\Java\jdk-17\bin\nio.dll
0x00007ff97cce0000 - 0x00007ff97ccf0000 	C:\Program Files\Java\jdk-17\bin\verify.dll
0x00007ff9754c0000 - 0x00007ff9754e7000 	C:\Users\Joshu\.gradle\native\68d5fa5c4cc2d200863cafc0d521ce42e7d3e7ee720ec0a83991735586a16f82\windows-amd64\native-platform.dll
0x00007ff948bd0000 - 0x00007ff948d14000 	C:\Users\Joshu\.gradle\native\e376f236ea51e6404a007f0833ffe2c6e607c4080706a723a18a27aeea778392\windows-amd64\native-platform-file-events.dll
0x00007ff97b310000 - 0x00007ff97b319000 	C:\Program Files\Java\jdk-17\bin\management.dll
0x00007ff97ac30000 - 0x00007ff97ac3b000 	C:\Program Files\Java\jdk-17\bin\management_ext.dll
0x00007ff990700000 - 0x00007ff99071b000 	C:\WINDOWS\SYSTEM32\CRYPTSP.dll
0x00007ff98ff70000 - 0x00007ff98ffa5000 	C:\WINDOWS\system32\rsaenh.dll
0x00007ff9905a0000 - 0x00007ff9905c8000 	C:\WINDOWS\SYSTEM32\USERENV.dll
0x00007ff990720000 - 0x00007ff99072c000 	C:\WINDOWS\SYSTEM32\CRYPTBASE.dll
0x00007ff98faf0000 - 0x00007ff98fb1d000 	C:\WINDOWS\SYSTEM32\IPHLPAPI.DLL
0x00007ff992500000 - 0x00007ff992509000 	C:\WINDOWS\System32\NSI.dll
0x00007ff987c80000 - 0x00007ff987c99000 	C:\WINDOWS\SYSTEM32\dhcpcsvc6.DLL
0x00007ff987c60000 - 0x00007ff987c7f000 	C:\WINDOWS\SYSTEM32\dhcpcsvc.DLL
0x00007ff98fb20000 - 0x00007ff98fc22000 	C:\WINDOWS\SYSTEM32\DNSAPI.dll
0x00007ff9754a0000 - 0x00007ff9754ae000 	C:\Program Files\Java\jdk-17\bin\sunmscapi.dll
0x00007ff991450000 - 0x00007ff9915b6000 	C:\WINDOWS\System32\CRYPT32.dll
0x00007ff990930000 - 0x00007ff99095d000 	C:\WINDOWS\SYSTEM32\ncrypt.dll
0x00007ff9908f0000 - 0x00007ff990927000 	C:\WINDOWS\SYSTEM32\NTASN1.dll
0x00007ff98be70000 - 0x00007ff98be78000 	C:\WINDOWS\system32\wshunix.dll
0x00007ff94e680000 - 0x00007ff94e697000 	C:\WINDOWS\system32\napinsp.dll
0x00007ff94e660000 - 0x00007ff94e67b000 	C:\WINDOWS\system32\pnrpnsp.dll
0x00007ff94e640000 - 0x00007ff94e651000 	C:\WINDOWS\System32\winrnr.dll
0x00007ff983e90000 - 0x00007ff983ea5000 	C:\WINDOWS\system32\wshbth.dll
0x00007ff94e610000 - 0x00007ff94e637000 	C:\WINDOWS\system32\nlansp_c.dll
0x0000000067c00000 - 0x0000000067c26000 	C:\Program Files\Bonjour\mdnsNSP.dll
0x00007ff9838a0000 - 0x00007ff9838aa000 	C:\Windows\System32\rasadhlp.dll
0x00007ff9838b0000 - 0x00007ff983933000 	C:\WINDOWS\System32\fwpuclnt.dll

dbghelp: loaded successfully - version: 4.0.5 - missing functions: none
symbol engine: initialized successfully - sym options: 0x614 - pdb path: .;C:\Program Files\Java\jdk-17\bin;C:\WINDOWS\SYSTEM32;C:\WINDOWS\WinSxS\amd64_microsoft.windows.common-controls_6595b64144ccf1df_6.0.22621.4391_none_2715d37f73803e96;C:\Program Files\Java\jdk-17\bin\server;C:\Users\Joshu\.gradle\native\68d5fa5c4cc2d200863cafc0d521ce42e7d3e7ee720ec0a83991735586a16f82\windows-amd64;C:\Users\Joshu\.gradle\native\e376f236ea51e6404a007f0833ffe2c6e607c4080706a723a18a27aeea778392\windows-amd64;C:\Program Files\Bonjour

VM Arguments:
jvm_args: -XX:MaxMetaspaceSize=512m --add-opens=java.base/java.util=ALL-UNNAMED --add-opens=java.base/java.lang=ALL-UNNAMED --add-opens=java.base/java.lang.invoke=ALL-UNNAMED --add-opens=java.prefs/java.util.prefs=ALL-UNNAMED --add-opens=java.base/java.nio.charset=ALL-UNNAMED --add-opens=java.base/java.net=ALL-UNNAMED --add-opens=java.base/java.util.concurrent.atomic=ALL-UNNAMED -Xmx2048m -Dfile.encoding=windows-1252 -Duser.country=ID -Duser.language=en -Duser.variant -javaagent:C:\Users\Joshu\.gradle\wrapper\dists\gradle-8.3-all\6en3ugtfdg5xnpx44z4qbwgas\gradle-8.3\lib\agents\gradle-instrumentation-agent-8.3.jar 
java_command: org.gradle.launcher.daemon.bootstrap.GradleDaemon 8.3
java_class_path (initial): C:\Users\Joshu\.gradle\wrapper\dists\gradle-8.3-all\6en3ugtfdg5xnpx44z4qbwgas\gradle-8.3\lib\gradle-launcher-8.3.jar
Launcher Type: SUN_STANDARD

[Global flags]
     intx CICompilerCount                          = 2                                         {product} {ergonomic}
   size_t CompressedClassSpaceSize                 = 432013312                                 {product} {ergonomic}
     uint ConcGCThreads                            = 1                                         {product} {ergonomic}
     uint G1ConcRefinementThreads                  = 2                                         {product} {ergonomic}
   size_t G1HeapRegionSize                         = 1048576                                   {product} {ergonomic}
    uintx GCDrainStackTargetSize                   = 64                                        {product} {ergonomic}
   size_t InitialHeapSize                          = 98566144                                  {product} {ergonomic}
   size_t MarkStackSize                            = 4194304                                   {product} {ergonomic}
   size_t MaxHeapSize                              = 2147483648                                {product} {command line}
   size_t MaxMetaspaceSize                         = 536870912                                 {product} {command line}
   size_t MaxNewSize                               = 1287651328                                {product} {ergonomic}
   size_t MinHeapDeltaBytes                        = 1048576                                   {product} {ergonomic}
   size_t MinHeapSize                              = 8388608                                   {product} {ergonomic}
    uintx NonNMethodCodeHeapSize                   = 5826188                                {pd product} {ergonomic}
    uintx NonProfiledCodeHeapSize                  = 122916026                              {pd product} {ergonomic}
    uintx ProfiledCodeHeapSize                     = 122916026                              {pd product} {ergonomic}
    uintx ReservedCodeCacheSize                    = 251658240                              {pd product} {ergonomic}
     bool SegmentedCodeCache                       = true                                      {product} {ergonomic}
   size_t SoftMaxHeapSize                          = 2147483648                             {manageable} {ergonomic}
     bool UseCompressedClassPointers               = true                           {product lp64_product} {ergonomic}
     bool UseCompressedOops                        = true                           {product lp64_product} {ergonomic}
     bool UseG1GC                                  = true                                      {product} {ergonomic}
     bool UseLargePagesIndividualAllocation        = false                                  {pd product} {ergonomic}

Logging:
Log output configuration:
 #0: stdout all=warning uptime,level,tags
 #1: stderr all=off uptime,level,tags

Environment Variables:
CLASSPATH=C:\Users\Joshu\AwesomeProject\android\\gradle\wrapper\gradle-wrapper.jar
PATH=C:\Users\Joshu\AwesomeProject\node_modules\.bin;C:\Users\Joshu\node_modules\.bin;C:\Users\node_modules\.bin;C:\node_modules\.bin;C:\Program Files\nodejs\node_modules\npm\node_modules\@npmcli\run-script\lib\node-gyp-bin;C:\Program Files\Common Files\Oracle\Java\javapath;C:\WINDOWS\system32;C:\WINDOWS;C:\WINDOWS\System32\Wbem;C:\WINDOWS\System32\WindowsPowerShell\v1.0\;C:\WINDOWS\System32\OpenSSH\;C:\Program Files\nodejs\;C:\Program Files\Java\jdk-17\bin;C:\Program Files (x86)\Microsoft SQL Server\160\Tools\Binn\;C:\Program Files\Microsoft SQL Server\160\Tools\Binn\;C:\Program Files\Microsoft SQL Server\Client SDK\ODBC\170\Tools\Binn\;C:\Program Files\Microsoft SQL Server\160\DTS\Binn\;C:\Program Files (x86)\Microsoft SQL Server\160\DTS\Binn\;D:\Mobile_App_Dev_LocalHost\Android\Sdk\platform-tools;C:\Users\Joshu\AppData\Local\Microsoft\WindowsApps;C:\Users\Joshu\AppData\Roaming\npm;C:\Users\Joshu\AppData\Local\Android\Sdk\platform-tools;D:\Microsoft VS Code\bin
USERNAME=Joshu
OS=Windows_NT
PROCESSOR_IDENTIFIER=AMD64 Family 23 Model 160 Stepping 0, AuthenticAMD



---------------  S Y S T E M  ---------------

OS:
 Windows 10 , 64 bit Build 22621 (10.0.22621.4391)
OS uptime: 3 days 4:00 hours
Hyper-V role detected

CPU: total 2 (initial active 2) (2 cores per cpu, 1 threads per core) family 23 model 160 stepping 0 microcode 0x0, cx8, cmov, fxsr, mmx, 3dnowpref, sse, sse2, sse3, ssse3, sse4a, sse4.1, sse4.2, popcnt, lzcnt, tsc, tscinvbit, avx, avx2, aes, clmul, bmi1, bmi2, adx, sha, fma, vzeroupper, clflush, clflushopt, hv

Memory: 4k page, system-wide physical 5965M (214M free)
TotalPageFile size 19835M (AvailPageFile size 0M)
current process WorkingSet (physical memory assigned to process): 370M, peak: 370M
current process commit charge ("private bytes"): 399M, peak: 401M

vm_info: Java HotSpot(TM) 64-Bit Server VM (17+35-LTS-2724) for windows-amd64 JRE (17+35-LTS-2724), built on Aug  5 2021 23:28:28 by "mach5one" with MS VC++ 16.8 (VS2019)

END.
